; ==================================================
; Fase 6 - codigo binario generado
; ==================================================

; Encabezado MYCE
;   magic             = MYCE
;   version           = 1
;   header_size       = 44 bytes
;   entry_point       = 0x00000000
;   text_offset       = 44
;   text_size         = 184 bytes
;   data_offset       = 228
;   data_size         = 0 bytes
;   text_base         = 0x00000000
;   data_base         = 0x00000000
;   instruction_count = 46

; Seccion .text
0x0000: 00200066    ; portalv x0, x0, 24
0x0004: 0008000E    ; lwv v0, 0(v0)
0x0008: 00580000    ; sleep
0x000C: 00580000    ; sleep
0x0010: 00580000    ; sleep
0x0014: 0000000C    ; closev
0x0018: 00004021    ; addiHIGH x2, x0, 0
0x001C: 7FF00421    ; addi x2, x2, 0x7FF0
0x0020: FFD88421    ; addiSigned x2, x2, -40
0x0024: 00004402    ; sw x1, 0(x2)
0x0028: 00044442    ; sw x17, 4(x2)
0x002C: 00280511    ; addi x17, x2, 40
0x0030: 00000071    ; addi x7, x0, 0
0x0034: 00000E40    ; add x4, x7, x0
0x0038: 00000081    ; addi x8, x0, 0
0x003C: 00001030    ; add x3, x8, x0
0x0040: 00080091    ; addi x9, x0, 8
0x0044: 000000A1    ; addi x10, x0, 0
0x0048: 00124826    ; blt x4, x9, 8
0x004C: 00000404    ; jal x0, 8
0x0050: 000100A1    ; addi x10, x0, 1
0x0054: 00001450    ; add x5, x10, x0
0x0058: 00000B36    ; beq x5, x0, 76
0x005C: 00010670    ; add x7, x3, x4
0x0060: 00000E30    ; add x3, x7, x0
0x0064: 00010081    ; addi x8, x0, 1
0x0068: 000208A0    ; add x10, x4, x8
0x006C: 00028690    ; add x9, x3, x10
0x0070: 00001230    ; add x3, x9, x0
0x0074: 00020071    ; addi x7, x0, 2
0x0078: 0001C880    ; add x8, x4, x7
0x007C: 00020690    ; add x9, x3, x8
0x0080: 00001230    ; add x3, x9, x0
0x0084: 000300A1    ; addi x10, x0, 3
0x0088: 00028870    ; add x7, x4, x10
0x008C: 0001C690    ; add x9, x3, x7
0x0090: 00001230    ; add x3, x9, x0
0x0094: 00040081    ; addi x8, x0, 4
0x0098: 000208A0    ; add x10, x4, x8
0x009C: 00001440    ; add x4, x10, x0
0x00A0: 0FF7D004    ; jal x0, -96
0x00A4: 000006B0    ; add x11, x3, x0
0x00A8: 00000204    ; jal x0, 4
0x00AC: 00090512    ; lw x17, 4(x2)
0x00B0: 00280421    ; addi x2, x2, 40
0x00B4: 00600000    ; freeze

; Seccion .data
; <sin datos globales>
