; ==================================================
; Fase 6 - codigo binario generado
; ==================================================

; Encabezado MYCE
;   magic             = MYCE
;   version           = 1
;   header_size       = 44 bytes
;   entry_point       = 0x00000000
;   text_offset       = 44
;   text_size         = 136 bytes
;   data_offset       = 180
;   data_size         = 0 bytes
;   text_base         = 0x00000000
;   data_base         = 0x00000000
;   instruction_count = 34

; Seccion .text
0x0000: 00200066    ; portalv x0, x0, 24
0x0004: 0008000E    ; lwv v0, 0(v0)
0x0008: 00580000    ; sleep
0x000C: 00580000    ; sleep
0x0010: 00580000    ; sleep
0x0014: 0000000C    ; closev
0x0018: 00004021    ; addiHIGH x2, x0, 0
0x001C: 7FF00421    ; addi x2, x2, 0x7FF0
0x0020: FFE48421    ; addiSigned x2, x2, -28
0x0024: 00004402    ; sw x1, 0(x2)
0x0028: 00044442    ; sw x17, 4(x2)
0x002C: 001C0511    ; addi x17, x2, 28
0x0030: 00000071    ; addi x7, x0, 0
0x0034: 00000E30    ; add x3, x7, x0
0x0038: 00000081    ; addi x8, x0, 0
0x003C: 00001040    ; add x4, x8, x0
0x0040: 00080091    ; addi x9, x0, 8
0x0044: 000000A1    ; addi x10, x0, 0
0x0048: 00124626    ; blt x3, x9, 8
0x004C: 00000404    ; jal x0, 8
0x0050: 000100A1    ; addi x10, x0, 1
0x0054: 00001450    ; add x5, x10, x0
0x0058: 00000A76    ; beq x5, x0, 28
0x005C: 0000C870    ; add x7, x4, x3
0x0060: 00000E40    ; add x4, x7, x0
0x0064: 00010081    ; addi x8, x0, 1
0x0068: 000206A0    ; add x10, x3, x8
0x006C: 00001430    ; add x3, x10, x0
0x0070: 0FF7E804    ; jal x0, -48
0x0074: 000008B0    ; add x11, x4, x0
0x0078: 00000204    ; jal x0, 4
0x007C: 00090512    ; lw x17, 4(x2)
0x0080: 001C0421    ; addi x2, x2, 28
0x0084: 00600000    ; freeze

; Seccion .data
; <sin datos globales>
