; ==================================================
; Fase 6 - codigo binario generado
; ==================================================

; Encabezado MYCE
;   magic             = MYCE
;   version           = 1
;   header_size       = 44 bytes
;   entry_point       = 0x00000000
;   text_offset       = 44
;   text_size         = 228 bytes
;   data_offset       = 272
;   data_size         = 0 bytes
;   text_base         = 0x00000000
;   data_base         = 0x00000000
;   instruction_count = 57

; Seccion .text
0x0000: 00200066    ; portalv x0, x0, 24
0x0004: 0008000E    ; lwv v0, 0(v0)
0x0008: 00580000    ; sleep
0x000C: 00580000    ; sleep
0x0010: 00580000    ; sleep
0x0014: 0000000C    ; closev
0x0018: 00004021    ; addiHIGH x2, x0, 0
0x001C: 7FF00421    ; addi x2, x2, 0x7FF0
0x0020: FFC88421    ; addiSigned x2, x2, -56
0x0024: 00004402    ; sw x1, 0(x2)
0x0028: 00044442    ; sw x17, 4(x2)
0x002C: 00380511    ; addi x17, x2, 56
0x0030: 00000071    ; addi x7, x0, 0
0x0034: 00000E40    ; add x4, x7, x0
0x0038: 00000081    ; addi x8, x0, 0
0x003C: 00001050    ; add x5, x8, x0
0x0040: 00000091    ; addi x9, x0, 0
0x0044: 00001230    ; add x3, x9, x0
0x0048: 000800A1    ; addi x10, x0, 8
0x004C: 00000071    ; addi x7, x0, 0
0x0050: 00128626    ; blt x3, x10, 8
0x0054: 00000404    ; jal x0, 8
0x0058: 00010071    ; addi x7, x0, 1
0x005C: 00000E60    ; add x6, x7, x0
0x0060: 00000D96    ; beq x6, x0, 100
0x0064: 0000C880    ; add x8, x4, x3
0x0068: 00001040    ; add x4, x8, x0
0x006C: 0000CA90    ; add x9, x5, x3
0x0070: 0FF26282    ; sw x9, -24(x17)
0x0074: 0FFA2272    ; lw x7, -24(x17)
0x0078: 000100A1    ; addi x10, x0, 1
0x007C: 00028E80    ; add x8, x7, x10
0x0080: 00001050    ; add x5, x8, x0
0x0084: 00020091    ; addi x9, x0, 2
0x0088: 00024680    ; add x8, x3, x9
0x008C: 000208A0    ; add x10, x4, x8
0x0090: 00001440    ; add x4, x10, x0
0x0094: 00020071    ; addi x7, x0, 2
0x0098: 0001C690    ; add x9, x3, x7
0x009C: 00024AA0    ; add x10, x5, x9
0x00A0: 0FE2A3C2    ; sw x10, -36(x17)
0x00A4: 0FEF2282    ; lw x8, -36(x17)
0x00A8: 00010071    ; addi x7, x0, 1
0x00AC: 0001D0A0    ; add x10, x8, x7
0x00B0: 00001450    ; add x5, x10, x0
0x00B4: 00040091    ; addi x9, x0, 4
0x00B8: 000246A0    ; add x10, x3, x9
0x00BC: 00001430    ; add x3, x10, x0
0x00C0: 0FF7C404    ; jal x0, -120
0x00C4: 00014870    ; add x7, x4, x5
0x00C8: 0FE1E302    ; sw x7, -48(x17)
0x00CC: 0FEC2282    ; lw x8, -48(x17)
0x00D0: 000010B0    ; add x11, x8, x0
0x00D4: 00000204    ; jal x0, 4
0x00D8: 00090512    ; lw x17, 4(x2)
0x00DC: 00380421    ; addi x2, x2, 56
0x00E0: 00600000    ; freeze

; Seccion .data
; <sin datos globales>
