; ==================================================
; Fase 6 - codigo binario generado
; ==================================================

; Encabezado MYCE
;   magic             = MYCE
;   version           = 1
;   header_size       = 44 bytes
;   entry_point       = 0x00000000
;   text_offset       = 44
;   text_size         = 152 bytes
;   data_offset       = 196
;   data_size         = 0 bytes
;   text_base         = 0x00000000
;   data_base         = 0x00000000
;   instruction_count = 38

; Seccion .text
0x0000: 00200066    ; portalv x0, x0, 24
0x0004: 0008000E    ; lwv v0, 0(v0)
0x0008: 00580000    ; sleep
0x000C: 00580000    ; sleep
0x0010: 00580000    ; sleep
0x0014: 0000000C    ; closev
0x0018: 00004021    ; addiHIGH x2, x0, 0
0x001C: 7FF00421    ; addi x2, x2, 0x7FF0
0x0020: FFD48421    ; addiSigned x2, x2, -44
0x0024: 00004402    ; sw x1, 0(x2)
0x0028: 00044442    ; sw x17, 4(x2)
0x002C: 002C0511    ; addi x17, x2, 44
0x0030: 00010071    ; addi x7, x0, 1
0x0034: 00000E30    ; add x3, x7, x0
0x0038: 000A0081    ; addi x8, x0, 10
0x003C: 00020690    ; add x9, x3, x8
0x0040: 00001240    ; add x4, x9, x0
0x0044: 000200A1    ; addi x10, x0, 2
0x0048: 00001430    ; add x3, x10, x0
0x004C: 00140071    ; addi x7, x0, 20
0x0050: 0001C690    ; add x9, x3, x7
0x0054: 00001250    ; add x5, x9, x0
0x0058: 00030081    ; addi x8, x0, 3
0x005C: 00001030    ; add x3, x8, x0
0x0060: 001E00A1    ; addi x10, x0, 30
0x0064: 00028690    ; add x9, x3, x10
0x0068: 00001260    ; add x6, x9, x0
0x006C: 00014870    ; add x7, x4, x5
0x0070: 0FF1E202    ; sw x7, -32(x17)
0x0074: 0FF82282    ; lw x8, -32(x17)
0x0078: 00019090    ; add x9, x8, x6
0x007C: 0FE263C2    ; sw x9, -36(x17)
0x0080: 0FEF22A2    ; lw x10, -36(x17)
0x0084: 000014B0    ; add x11, x10, x0
0x0088: 00000204    ; jal x0, 4
0x008C: 00090512    ; lw x17, 4(x2)
0x0090: 002C0421    ; addi x2, x2, 44
0x0094: 00600000    ; freeze

; Seccion .data
; <sin datos globales>
