; ==================================================
; Fase 6 - codigo binario generado
; ==================================================

; Encabezado MYCE
;   magic             = MYCE
;   version           = 1
;   header_size       = 44 bytes
;   entry_point       = 0x00000000
;   text_offset       = 44
;   text_size         = 332 bytes
;   data_offset       = 376
;   data_size         = 4 bytes
;   text_base         = 0x00000000
;   data_base         = 0x00008000
;   instruction_count = 83

; Seccion .text
0x0000: 00200066    ; portalv x0, x0, 24
0x0004: 0008000E    ; lwv v0, 0(v0)
0x0008: 00580000    ; sleep
0x000C: 00580000    ; sleep
0x0010: 00580000    ; sleep
0x0014: 0000000C    ; closev
0x0018: 00004021    ; addiHIGH x2, x0, 0
0x001C: 7FF00421    ; addi x2, x2, 0x7FF0
0x0020: FFAC8421    ; addiSigned x2, x2, -84
0x0024: 00004402    ; sw x1, 0(x2)
0x0028: 00044442    ; sw x17, 4(x2)
0x002C: 00540511    ; addi x17, x2, 84
0x0030: 00070071    ; addi x7, x0, 7
0x0034: 00000E30    ; add x3, x7, x0
0x0038: 00000081    ; addi x8, x0, 0
0x003C: 00000091    ; addi x9, x0, 0
0x0040: 0010D026    ; blt x8, x3, 8
0x0044: 00000404    ; jal x0, 8
0x0048: 00010091    ; addi x9, x0, 1
0x004C: 0FE26382    ; sw x9, -40(x17)
0x0050: 0FEE22A2    ; lw x10, -40(x17)
0x0054: 000014C6    ; beq x10, x0, 48
0x0058: 00030071    ; addi x7, x0, 3
0x005C: 0001C690    ; add x9, x3, x7
0x0060: 00001240    ; add x4, x9, x0
0x0064: 00010880    ; add x8, x4, x4
0x0068: 00001050    ; add x5, x8, x0
0x006C: 00010AA0    ; add x10, x5, x4
0x0070: 0FF2A302    ; sw x10, -16(x17)
0x0074: 0FFC2292    ; lw x9, -16(x17)
0x0078: 00015270    ; add x7, x9, x5
0x007C: 0FF1E2C2    ; sw x7, -20(x17)
0x0080: 00001A04    ; jal x0, 52
0x0084: 00090081    ; addi x8, x0, 9
0x0088: 000206A0    ; add x10, x3, x8
0x008C: 00001460    ; add x6, x10, x0
0x0090: 00018C70    ; add x7, x6, x6
0x0094: 0FF1E242    ; sw x7, -28(x17)
0x0098: 0FF92292    ; lw x9, -28(x17)
0x009C: 000192A0    ; add x10, x9, x6
0x00A0: 0FF2A202    ; sw x10, -32(x17)
0x00A4: 0FF82282    ; lw x8, -32(x17)
0x00A8: 0FF92272    ; lw x7, -28(x17)
0x00AC: 0001D0A0    ; add x10, x8, x7
0x00B0: 0FE2A3C2    ; sw x10, -36(x17)
0x00B4: 00050091    ; addi x9, x0, 5
0x00B8: 000012B0    ; add x11, x9, x0
0x00BC: 0FF0E3C2    ; sw x3, -4(x17)
0x00C0: 0FF12382    ; sw x4, -8(x17)
0x00C4: 0FF16342    ; sw x5, -12(x17)
0x00C8: 0FF1A282    ; sw x6, -24(x17)
0x00CC: 00001614    ; jal x1, 44
0x00D0: 000016A0    ; add x10, x11, x0
0x00D4: 0FD2A342    ; sw x10, -76(x17)
0x00D8: 00004081    ; addiHIGH x8, x0, 0
0x00DC: 80001081    ; addi x8, x8, 32768
0x00E0: 00081072    ; lw x7, 0(x8)
0x00E4: 00000EB0    ; add x11, x7, x0
0x00E8: 00000204    ; jal x0, 4
0x00EC: 00090512    ; lw x17, 4(x2)
0x00F0: 00540421    ; addi x2, x2, 84
0x00F4: 00600000    ; freeze
0x00F8: FFF08421    ; addiSigned x2, x2, -16
0x00FC: 00004402    ; sw x1, 0(x2)
0x0100: 00044442    ; sw x17, 4(x2)
0x0104: 00100511    ; addi x17, x2, 16
0x0108: 00001630    ; add x3, x11, x0
0x010C: 00004061    ; addiHIGH x6, x0, 0
0x0110: 80000C61    ; addi x6, x6, 32768
0x0114: 00080C52    ; lw x5, 0(x6)
0x0118: 0000CA70    ; add x7, x5, x3
0x011C: 00004081    ; addiHIGH x8, x0, 0
0x0120: 80001081    ; addi x8, x8, 32768
0x0124: 0001D002    ; sw x7, 0(x8)
0x0128: 000040A1    ; addiHIGH x10, x0, 0
0x012C: 800014A1    ; addi x10, x10, 32768
0x0130: 00081492    ; lw x9, 0(x10)
0x0134: 000012B0    ; add x11, x9, x0
0x0138: 00000204    ; jal x0, 4
0x013C: 00080412    ; lw x1, 0(x2)
0x0140: 00090512    ; lw x17, 4(x2)
0x0144: 00100421    ; addi x2, x2, 16
0x0148: 00080014    ; jalr x1, 0

; Seccion .data
0x00008000: 00000000         ; .word 0
