; ==================================================
; Fase 6 - codigo binario generado
; ==================================================

; Encabezado MYCE
;   magic             = MYCE
;   version           = 1
;   header_size       = 44 bytes
;   entry_point       = 0x00000000
;   text_offset       = 44
;   text_size         = 280 bytes
;   data_offset       = 324
;   data_size         = 4 bytes
;   text_base         = 0x00000000
;   data_base         = 0x00008000
;   instruction_count = 70

; Seccion .text
0x0000: 00200066    ; portalv x0, x0, 24
0x0004: 0008000E    ; lwv v0, 0(v0)
0x0008: 00580000    ; sleep
0x000C: 00580000    ; sleep
0x0010: 00580000    ; sleep
0x0014: 0000000C    ; closev
0x0018: 00004021    ; addiHIGH x2, x0, 0
0x001C: 7FF00421    ; addi x2, x2, 0x7FF0
0x0020: FFD48421    ; addiSigned x2, x2, -44
0x0024: 00004402    ; sw x1, 0(x2)
0x0028: 00044442    ; sw x17, 4(x2)
0x002C: 002C0511    ; addi x17, x2, 44
0x0030: 000A0071    ; addi x7, x0, 10
0x0034: 00000E50    ; add x5, x7, x0
0x0038: 00080081    ; addi x8, x0, 8
0x003C: 004A0A90    ; mul x9, x5, x8
0x0040: 00001230    ; add x3, x9, x0
0x0044: 004D00A1    ; addi x10, x0, 77
0x0048: 00028670    ; add x7, x3, x10
0x004C: 00000E30    ; add x3, x7, x0
0x0050: 00020091    ; addi x9, x0, 2
0x0054: 000012B0    ; add x11, x9, x0
0x0058: 0FF0E382    ; sw x3, -8(x17)
0x005C: 0FF163C2    ; sw x5, -4(x17)
0x0060: 00003214    ; jal x1, 100
0x0064: 00001680    ; add x8, x11, x0
0x0068: 0FF22282    ; sw x8, -24(x17)
0x006C: 0FFE2232    ; lw x3, -8(x17)
0x0070: 00030071    ; addi x7, x0, 3
0x0074: 0049C6A0    ; mul x10, x3, x7
0x0078: 00001440    ; add x4, x10, x0
0x007C: 00040091    ; addi x9, x0, 4
0x0080: 000012B0    ; add x11, x9, x0
0x0084: 0FF12342    ; sw x4, -12(x17)
0x0088: 00001E14    ; jal x1, 60
0x008C: 00001680    ; add x8, x11, x0
0x0090: 0FF22202    ; sw x8, -32(x17)
0x0094: 0FFD2242    ; lw x4, -12(x17)
0x0098: 000100A1    ; addi x10, x0, 1
0x009C: 00028870    ; add x7, x4, x10
0x00A0: 00000E40    ; add x4, x7, x0
0x00A4: 00004081    ; addiHIGH x8, x0, 0
0x00A8: 80001081    ; addi x8, x8, 32768
0x00AC: 00081092    ; lw x9, 0(x8)
0x00B0: 000012B0    ; add x11, x9, x0
0x00B4: 00000204    ; jal x0, 4
0x00B8: 00090512    ; lw x17, 4(x2)
0x00BC: 002C0421    ; addi x2, x2, 44
0x00C0: 00600000    ; freeze
0x00C4: FFF08421    ; addiSigned x2, x2, -16
0x00C8: 00004402    ; sw x1, 0(x2)
0x00CC: 00044442    ; sw x17, 4(x2)
0x00D0: 00100511    ; addi x17, x2, 16
0x00D4: 00001630    ; add x3, x11, x0
0x00D8: 00004061    ; addiHIGH x6, x0, 0
0x00DC: 80000C61    ; addi x6, x6, 32768
0x00E0: 00080C52    ; lw x5, 0(x6)
0x00E4: 0000CA70    ; add x7, x5, x3
0x00E8: 00004081    ; addiHIGH x8, x0, 0
0x00EC: 80001081    ; addi x8, x8, 32768
0x00F0: 0001D002    ; sw x7, 0(x8)
0x00F4: 000040A1    ; addiHIGH x10, x0, 0
0x00F8: 800014A1    ; addi x10, x10, 32768
0x00FC: 00081492    ; lw x9, 0(x10)
0x0100: 000012B0    ; add x11, x9, x0
0x0104: 00000204    ; jal x0, 4
0x0108: 00080412    ; lw x1, 0(x2)
0x010C: 00090512    ; lw x17, 4(x2)
0x0110: 00100421    ; addi x2, x2, 16
0x0114: 00080014    ; jalr x1, 0

; Seccion .data
0x00008000: 01000000         ; .word 1
