; ==================================================
; Fase 6 - codigo binario generado
; ==================================================

; Encabezado MYCE
;   magic             = MYCE
;   version           = 1
;   header_size       = 44 bytes
;   entry_point       = 0x00000000
;   text_offset       = 44
;   text_size         = 160 bytes
;   data_offset       = 204
;   data_size         = 4 bytes
;   text_base         = 0x00000000
;   data_base         = 0x00008000
;   instruction_count = 40

; Seccion .text
0x0000: 00200066    ; portalv x0, x0, 24
0x0004: 0008000E    ; lwv v0, 0(v0)
0x0008: 00580000    ; sleep
0x000C: 00580000    ; sleep
0x0010: 00580000    ; sleep
0x0014: 0000000C    ; closev
0x0018: 00004021    ; addiHIGH x2, x0, 0
0x001C: 7FF00421    ; addi x2, x2, 0x7FF0
0x0020: FFCC8421    ; addiSigned x2, x2, -52
0x0024: 00004402    ; sw x1, 0(x2)
0x0028: 00044442    ; sw x17, 4(x2)
0x002C: 00340511    ; addi x17, x2, 52
0x0030: 00004081    ; addiHIGH x8, x0, 0
0x0034: 80001081    ; addi x8, x8, 32768
0x0038: 00081072    ; lw x7, 0(x8)
0x003C: 00000E50    ; add x5, x7, x0
0x0040: 00050091    ; addi x9, x0, 5
0x0044: 000600A1    ; addi x10, x0, 6
0x0048: 00029280    ; add x8, x9, x10
0x004C: 0FF22242    ; sw x8, -28(x17)
0x0050: 00010071    ; addi x7, x0, 1
0x0054: 0001CA80    ; add x8, x5, x7
0x0058: 00001030    ; add x3, x8, x0
0x005C: 0FF922A2    ; lw x10, -28(x17)
0x0060: 00001440    ; add x4, x10, x0
0x0064: 00070091    ; addi x9, x0, 7
0x0068: 00080081    ; addi x8, x0, 8
0x006C: 00021270    ; add x7, x9, x8
0x0070: 00000E60    ; add x6, x7, x0
0x0074: 000188A0    ; add x10, x4, x6
0x0078: 0FF2A2C2    ; sw x10, -20(x17)
0x007C: 0FFB2272    ; lw x7, -20(x17)
0x0080: 0001C680    ; add x8, x3, x7
0x0084: 0FF22282    ; sw x8, -24(x17)
0x0088: 0FFA2292    ; lw x9, -24(x17)
0x008C: 000012B0    ; add x11, x9, x0
0x0090: 00000204    ; jal x0, 4
0x0094: 00090512    ; lw x17, 4(x2)
0x0098: 00340421    ; addi x2, x2, 52
0x009C: 00600000    ; freeze

; Seccion .data
0x00008000: 09000000         ; .word 9
