; ==================================================
; Fase 6 - codigo binario generado
; ==================================================

; Encabezado MYCE
;   magic             = MYCE
;   version           = 1
;   header_size       = 44 bytes
;   entry_point       = 0x00000000
;   text_offset       = 44
;   text_size         = 372 bytes
;   data_offset       = 416
;   data_size         = 0 bytes
;   text_base         = 0x00000000
;   data_base         = 0x00000000
;   instruction_count = 93

; Seccion .text
0x0000: 00200066    ; portalv x0, x0, 24
0x0004: 0008000E    ; lwv v0, 0(v0)
0x0008: 00580000    ; sleep
0x000C: 00580000    ; sleep
0x0010: 00580000    ; sleep
0x0014: 0000000C    ; closev
0x0018: 00004021    ; addiHIGH x2, x0, 0
0x001C: 7FF00421    ; addi x2, x2, 0x7FF0
0x0020: FFC08421    ; addiSigned x2, x2, -64
0x0024: 00004402    ; sw x1, 0(x2)
0x0028: 00044442    ; sw x17, 4(x2)
0x002C: 00400511    ; addi x17, x2, 64
0x0030: 00040051    ; addi x5, x0, 4
0x0034: 0FF16382    ; sw x5, -8(x17)
0x0038: 00090061    ; addi x6, x0, 9
0x003C: 0FF1A3C2    ; sw x6, -4(x17)
0x0040: 00000071    ; addi x7, x0, 0
0x0044: 0001CE80    ; add x8, x7, x7
0x0048: 00021080    ; add x8, x8, x8
0x004C: FFF8A291    ; addiSigned x9, x17, -8
0x0050: 00021290    ; add x9, x9, x8
0x0054: 000812A2    ; lw x10, 0(x9)
0x0058: 0FF2A202    ; sw x10, -32(x17)
0x005C: 0FF82252    ; lw x5, -32(x17)
0x0060: 0FF16342    ; sw x5, -12(x17)
0x0064: 00060061    ; addi x6, x0, 6
0x0068: 0FF1A302    ; sw x6, -16(x17)
0x006C: 00070081    ; addi x8, x0, 7
0x0070: 00020071    ; addi x7, x0, 2
0x0074: 0049D090    ; mul x9, x8, x7
0x0078: 00001240    ; add x4, x9, x0
0x007C: 0FFD22A2    ; lw x10, -12(x17)
0x0080: 0FFC2252    ; lw x5, -16(x17)
0x0084: 00015460    ; add x6, x10, x5
0x0088: 0FF1A282    ; sw x6, -24(x17)
0x008C: 0FFA2292    ; lw x9, -24(x17)
0x0090: 000012B0    ; add x11, x9, x0
0x0094: 0FF122C2    ; sw x4, -20(x17)
0x0098: 00003814    ; jal x1, 112
0x009C: 00001670    ; add x7, x11, x0
0x00A0: 0FE1E342    ; sw x7, -44(x17)
0x00A4: 0FED2282    ; lw x8, -44(x17)
0x00A8: 00001030    ; add x3, x8, x0
0x00AC: 000A0061    ; addi x6, x0, 10
0x00B0: 00000051    ; addi x5, x0, 0
0x00B4: 0010CC26    ; blt x6, x3, 8
0x00B8: 00000404    ; jal x0, 8
0x00BC: 00010051    ; addi x5, x0, 1
0x00C0: 0FE16302    ; sw x5, -48(x17)
0x00C4: 0FEC22A2    ; lw x10, -48(x17)
0x00C8: 00001486    ; beq x10, x0, 32
0x00CC: 0FFB2242    ; lw x4, -20(x17)
0x00D0: 00010690    ; add x9, x3, x4
0x00D4: 0FE262C2    ; sw x9, -52(x17)
0x00D8: 0FEB2272    ; lw x7, -52(x17)
0x00DC: 00000EB0    ; add x11, x7, x0
0x00E0: 00000E04    ; jal x0, 28
0x00E4: 00000C04    ; jal x0, 24
0x00E8: 0008C880    ; sub x8, x4, x3
0x00EC: 0FE22282    ; sw x8, -56(x17)
0x00F0: 0FEA2252    ; lw x5, -56(x17)
0x00F4: 00000AB0    ; add x11, x5, x0
0x00F8: 00000204    ; jal x0, 4
0x00FC: 00090512    ; lw x17, 4(x2)
0x0100: 00400421    ; addi x2, x2, 64
0x0104: 00600000    ; freeze
0x0108: FFE88421    ; addiSigned x2, x2, -24
0x010C: 00004402    ; sw x1, 0(x2)
0x0110: 00044442    ; sw x17, 4(x2)
0x0114: 00180511    ; addi x17, x2, 24
0x0118: 00001630    ; add x3, x11, x0
0x011C: 000A0071    ; addi x7, x0, 10
0x0120: 00000081    ; addi x8, x0, 0
0x0124: 0010CE26    ; blt x7, x3, 8
0x0128: 00000404    ; jal x0, 8
0x012C: 00010081    ; addi x8, x0, 1
0x0130: 00001040    ; add x4, x8, x0
0x0134: 00000876    ; beq x4, x0, 28
0x0138: 00030091    ; addi x9, x0, 3
0x013C: 000A46A0    ; sub x10, x3, x9
0x0140: 00001450    ; add x5, x10, x0
0x0144: 00000AB0    ; add x11, x5, x0
0x0148: 00000E04    ; jal x0, 28
0x014C: 00000C04    ; jal x0, 24
0x0150: 00030081    ; addi x8, x0, 3
0x0154: 00020670    ; add x7, x3, x8
0x0158: 00000E60    ; add x6, x7, x0
0x015C: 00000CB0    ; add x11, x6, x0
0x0160: 00000204    ; jal x0, 4
0x0164: 00080412    ; lw x1, 0(x2)
0x0168: 00090512    ; lw x17, 4(x2)
0x016C: 00180421    ; addi x2, x2, 24
0x0170: 00080014    ; jalr x1, 0

; Seccion .data
; <sin datos globales>
