; ==================================================
; Fase 6 - codigo binario generado
; ==================================================

; Encabezado MYCE
;   magic             = MYCE
;   version           = 1
;   header_size       = 44 bytes
;   entry_point       = 0x00000000
;   text_offset       = 44
;   text_size         = 344 bytes
;   data_offset       = 388
;   data_size         = 0 bytes
;   text_base         = 0x00000000
;   data_base         = 0x00000000
;   instruction_count = 86

; Seccion .text
0x0000: 00200066    ; portalv x0, x0, 24
0x0004: 0008000E    ; lwv v0, 0(v0)
0x0008: 00580000    ; sleep
0x000C: 00580000    ; sleep
0x0010: 00580000    ; sleep
0x0014: 0000000C    ; closev
0x0018: 00004021    ; addiHIGH x2, x0, 0
0x001C: 7FF00421    ; addi x2, x2, 0x7FF0
0x0020: FFC48421    ; addiSigned x2, x2, -60
0x0024: 00004402    ; sw x1, 0(x2)
0x0028: 00044442    ; sw x17, 4(x2)
0x002C: 003C0511    ; addi x17, x2, 60
0x0030: 00080051    ; addi x5, x0, 8
0x0034: 0FF16342    ; sw x5, -12(x17)
0x0038: 00150061    ; addi x6, x0, 21
0x003C: 0FF1A382    ; sw x6, -8(x17)
0x0040: 000D0071    ; addi x7, x0, 13
0x0044: 0FF1E3C2    ; sw x7, -4(x17)
0x0048: 00010081    ; addi x8, x0, 1
0x004C: 00021090    ; add x9, x8, x8
0x0050: 00025290    ; add x9, x9, x9
0x0054: FFF4A2A1    ; addiSigned x10, x17, -12
0x0058: 000254A0    ; add x10, x10, x9
0x005C: 00081452    ; lw x5, 0(x10)
0x0060: 0FF16202    ; sw x5, -32(x17)
0x0064: 0FF82262    ; lw x6, -32(x17)
0x0068: 0FF1A302    ; sw x6, -16(x17)
0x006C: 00050071    ; addi x7, x0, 5
0x0070: 00060091    ; addi x9, x0, 6
0x0074: 00024E80    ; add x8, x7, x9
0x0078: 00001030    ; add x3, x8, x0
0x007C: 0FFC22A2    ; lw x10, -16(x17)
0x0080: 00010051    ; addi x5, x0, 1
0x0084: 00015460    ; add x6, x10, x5
0x0088: 0FF1A282    ; sw x6, -24(x17)
0x008C: 0FFA2282    ; lw x8, -24(x17)
0x0090: 000010B0    ; add x11, x8, x0
0x0094: 000006C0    ; add x12, x3, x0
0x0098: 0FF0E2C2    ; sw x3, -20(x17)
0x009C: 00003414    ; jal x1, 104
0x00A0: 00001690    ; add x9, x11, x0
0x00A4: 0FE26342    ; sw x9, -44(x17)
0x00A8: 0FED2272    ; lw x7, -44(x17)
0x00AC: 00000E40    ; add x4, x7, x0
0x00B0: 00160061    ; addi x6, x0, 22
0x00B4: 00000051    ; addi x5, x0, 0
0x00B8: 00018826    ; beq x4, x6, 8
0x00BC: 00000404    ; jal x0, 8
0x00C0: 00010051    ; addi x5, x0, 1
0x00C4: 0FE16302    ; sw x5, -48(x17)
0x00C8: 0FEC22A2    ; lw x10, -48(x17)
0x00CC: 00001486    ; beq x10, x0, 32
0x00D0: 0FFB2232    ; lw x3, -20(x17)
0x00D4: 0000C880    ; add x8, x4, x3
0x00D8: 0FE222C2    ; sw x8, -52(x17)
0x00DC: 0FEB2292    ; lw x9, -52(x17)
0x00E0: 000012B0    ; add x11, x9, x0
0x00E4: 00000A04    ; jal x0, 20
0x00E8: 00000204    ; jal x0, 4
0x00EC: 00000071    ; addi x7, x0, 0
0x00F0: 00000EB0    ; add x11, x7, x0
0x00F4: 00000204    ; jal x0, 4
0x00F8: 00090512    ; lw x17, 4(x2)
0x00FC: 003C0421    ; addi x2, x2, 60
0x0100: 00600000    ; freeze
0x0104: FFEC8421    ; addiSigned x2, x2, -20
0x0108: 00004402    ; sw x1, 0(x2)
0x010C: 00044442    ; sw x17, 4(x2)
0x0110: 00140511    ; addi x17, x2, 20
0x0114: 00001630    ; add x3, x11, x0
0x0118: 00001840    ; add x4, x12, x0
0x011C: 00000061    ; addi x6, x0, 0
0x0120: 00110626    ; blt x3, x4, 8
0x0124: 00000404    ; jal x0, 8
0x0128: 00010061    ; addi x6, x0, 1
0x012C: 00000C50    ; add x5, x6, x0
0x0130: 00000A46    ; beq x5, x0, 16
0x0134: 000008B0    ; add x11, x4, x0
0x0138: 00000804    ; jal x0, 16
0x013C: 00000204    ; jal x0, 4
0x0140: 000006B0    ; add x11, x3, x0
0x0144: 00000204    ; jal x0, 4
0x0148: 00080412    ; lw x1, 0(x2)
0x014C: 00090512    ; lw x17, 4(x2)
0x0150: 00140421    ; addi x2, x2, 20
0x0154: 00080014    ; jalr x1, 0

; Seccion .data
; <sin datos globales>
