; ==================================================
; Fase 6 - codigo binario generado
; ==================================================

; Encabezado MYCE
;   magic             = MYCE
;   version           = 1
;   header_size       = 44 bytes
;   entry_point       = 0x00000000
;   text_offset       = 44
;   text_size         = 352 bytes
;   data_offset       = 396
;   data_size         = 0 bytes
;   text_base         = 0x00000000
;   data_base         = 0x00000000
;   instruction_count = 88

; Seccion .text
0x0000: 00200066    ; portalv x0, x0, 24
0x0004: 0008000E    ; lwv v0, 0(v0)
0x0008: 00580000    ; sleep
0x000C: 00580000    ; sleep
0x0010: 00580000    ; sleep
0x0014: 0000000C    ; closev
0x0018: 00004021    ; addiHIGH x2, x0, 0
0x001C: 7FF00421    ; addi x2, x2, 0x7FF0
0x0020: FFC48421    ; addiSigned x2, x2, -60
0x0024: 00004402    ; sw x1, 0(x2)
0x0028: 00044442    ; sw x17, 4(x2)
0x002C: 003C0511    ; addi x17, x2, 60
0x0030: 00080051    ; addi x5, x0, 8
0x0034: 0FF16342    ; sw x5, -12(x17)
0x0038: 00150061    ; addi x6, x0, 21
0x003C: 0FF1A382    ; sw x6, -8(x17)
0x0040: 000D0071    ; addi x7, x0, 13
0x0044: 0FF1E3C2    ; sw x7, -4(x17)
0x0048: 00010081    ; addi x8, x0, 1
0x004C: 00021090    ; add x9, x8, x8
0x0050: 00025290    ; add x9, x9, x9
0x0054: FFF4A2A1    ; addiSigned x10, x17, -12
0x0058: 000254A0    ; add x10, x10, x9
0x005C: 00081452    ; lw x5, 0(x10)
0x0060: 0FF16202    ; sw x5, -32(x17)
0x0064: 00050061    ; addi x6, x0, 5
0x0068: 00060071    ; addi x7, x0, 6
0x006C: 0001CC90    ; add x9, x6, x7
0x0070: 0FE263C2    ; sw x9, -36(x17)
0x0074: 0FF82282    ; lw x8, -32(x17)
0x0078: 0FF22302    ; sw x8, -16(x17)
0x007C: 0FEF22A2    ; lw x10, -36(x17)
0x0080: 00001430    ; add x3, x10, x0
0x0084: 0FFC2252    ; lw x5, -16(x17)
0x0088: 00010091    ; addi x9, x0, 1
0x008C: 00024A70    ; add x7, x5, x9
0x0090: 0FF1E282    ; sw x7, -24(x17)
0x0094: 0FFA2262    ; lw x6, -24(x17)
0x0098: 00000CB0    ; add x11, x6, x0
0x009C: 000006C0    ; add x12, x3, x0
0x00A0: 0FF0E2C2    ; sw x3, -20(x17)
0x00A4: 00003414    ; jal x1, 104
0x00A8: 00001680    ; add x8, x11, x0
0x00AC: 0FE22342    ; sw x8, -44(x17)
0x00B0: 0FED22A2    ; lw x10, -44(x17)
0x00B4: 00001440    ; add x4, x10, x0
0x00B8: 00160071    ; addi x7, x0, 22
0x00BC: 00000091    ; addi x9, x0, 0
0x00C0: 0001C826    ; beq x4, x7, 8
0x00C4: 00000404    ; jal x0, 8
0x00C8: 00010091    ; addi x9, x0, 1
0x00CC: 0FE26302    ; sw x9, -48(x17)
0x00D0: 0FEC2252    ; lw x5, -48(x17)
0x00D4: 00000A86    ; beq x5, x0, 32
0x00D8: 0FFB2232    ; lw x3, -20(x17)
0x00DC: 0000C860    ; add x6, x4, x3
0x00E0: 0FE1A2C2    ; sw x6, -52(x17)
0x00E4: 0FEB2282    ; lw x8, -52(x17)
0x00E8: 000010B0    ; add x11, x8, x0
0x00EC: 00000A04    ; jal x0, 20
0x00F0: 00000204    ; jal x0, 4
0x00F4: 000000A1    ; addi x10, x0, 0
0x00F8: 000014B0    ; add x11, x10, x0
0x00FC: 00000204    ; jal x0, 4
0x0100: 00090512    ; lw x17, 4(x2)
0x0104: 003C0421    ; addi x2, x2, 60
0x0108: 00600000    ; freeze
0x010C: FFEC8421    ; addiSigned x2, x2, -20
0x0110: 00004402    ; sw x1, 0(x2)
0x0114: 00044442    ; sw x17, 4(x2)
0x0118: 00140511    ; addi x17, x2, 20
0x011C: 00001630    ; add x3, x11, x0
0x0120: 00001840    ; add x4, x12, x0
0x0124: 00000061    ; addi x6, x0, 0
0x0128: 00110626    ; blt x3, x4, 8
0x012C: 00000404    ; jal x0, 8
0x0130: 00010061    ; addi x6, x0, 1
0x0134: 00000C50    ; add x5, x6, x0
0x0138: 00000A46    ; beq x5, x0, 16
0x013C: 000008B0    ; add x11, x4, x0
0x0140: 00000804    ; jal x0, 16
0x0144: 00000204    ; jal x0, 4
0x0148: 000006B0    ; add x11, x3, x0
0x014C: 00000204    ; jal x0, 4
0x0150: 00080412    ; lw x1, 0(x2)
0x0154: 00090512    ; lw x17, 4(x2)
0x0158: 00140421    ; addi x2, x2, 20
0x015C: 00080014    ; jalr x1, 0

; Seccion .data
; <sin datos globales>
