; ==================================================
; Fase 6 - codigo binario generado
; ==================================================

; Encabezado MYCE
;   magic             = MYCE
;   version           = 1
;   header_size       = 44 bytes
;   entry_point       = 0x00000000
;   text_offset       = 44
;   text_size         = 436 bytes
;   data_offset       = 480
;   data_size         = 0 bytes
;   text_base         = 0x00000000
;   data_base         = 0x00000000
;   instruction_count = 109

; Seccion .text
0x0000: 00200066    ; portalv x0, x0, 24
0x0004: 0008000E    ; lwv v0, 0(v0)
0x0008: 00580000    ; sleep
0x000C: 00580000    ; sleep
0x0010: 00580000    ; sleep
0x0014: 0000000C    ; closev
0x0018: 00004021    ; addiHIGH x2, x0, 0
0x001C: 7FF00421    ; addi x2, x2, 0x7FF0
0x0020: FFC48421    ; addiSigned x2, x2, -60
0x0024: 00004402    ; sw x1, 0(x2)
0x0028: 00044442    ; sw x17, 4(x2)
0x002C: 003C0511    ; addi x17, x2, 60
0x0030: 00050051    ; addi x5, x0, 5
0x0034: 0FF16382    ; sw x5, -8(x17)
0x0038: 000C0061    ; addi x6, x0, 12
0x003C: 0FF1A3C2    ; sw x6, -4(x17)
0x0040: 00000071    ; addi x7, x0, 0
0x0044: 0001CE80    ; add x8, x7, x7
0x0048: 00021080    ; add x8, x8, x8
0x004C: FFF8A291    ; addiSigned x9, x17, -8
0x0050: 00021290    ; add x9, x9, x8
0x0054: 000812A2    ; lw x10, 0(x9)
0x0058: 0FF2A242    ; sw x10, -28(x17)
0x005C: 0FF92252    ; lw x5, -28(x17)
0x0060: 0FF16342    ; sw x5, -12(x17)
0x0064: 00050061    ; addi x6, x0, 5
0x0068: 0FF1A302    ; sw x6, -16(x17)
0x006C: 00090081    ; addi x8, x0, 9
0x0070: 00040071    ; addi x7, x0, 4
0x0074: 0001D090    ; add x9, x8, x7
0x0078: 00001240    ; add x4, x9, x0
0x007C: 0FFD22A2    ; lw x10, -12(x17)
0x0080: 000014B0    ; add x11, x10, x0
0x0084: 0FFC2252    ; lw x5, -16(x17)
0x0088: 00000AC0    ; add x12, x5, x0
0x008C: 0FF122C2    ; sw x4, -20(x17)
0x0090: 00004E14    ; jal x1, 156
0x0094: 00001660    ; add x6, x11, x0
0x0098: 0FE1A3C2    ; sw x6, -36(x17)
0x009C: 0FEF2292    ; lw x9, -36(x17)
0x00A0: 00001230    ; add x3, x9, x0
0x00A4: 0FFB2242    ; lw x4, -20(x17)
0x00A8: 00000071    ; addi x7, x0, 0
0x00AC: 0010C826    ; blt x4, x3, 8
0x00B0: 00000404    ; jal x0, 8
0x00B4: 00010071    ; addi x7, x0, 1
0x00B8: 0FE1E382    ; sw x7, -40(x17)
0x00BC: 0FEE2282    ; lw x8, -40(x17)
0x00C0: 00001136    ; beq x8, x0, 76
0x00C4: 0FFD22A2    ; lw x10, -12(x17)
0x00C8: 000A0051    ; addi x5, x0, 10
0x00CC: 00000061    ; addi x6, x0, 0
0x00D0: 00115426    ; blt x10, x5, 8
0x00D4: 00000404    ; jal x0, 8
0x00D8: 00010061    ; addi x6, x0, 1
0x00DC: 0FE1A342    ; sw x6, -44(x17)
0x00E0: 0FED2292    ; lw x9, -44(x17)
0x00E4: 00001276    ; beq x9, x0, 28
0x00E8: 00010670    ; add x7, x3, x4
0x00EC: 0FE1E302    ; sw x7, -48(x17)
0x00F0: 0FEC2282    ; lw x8, -48(x17)
0x00F4: 000010B0    ; add x11, x8, x0
0x00F8: 00001404    ; jal x0, 40
0x00FC: 00000204    ; jal x0, 4
0x0100: 000006B0    ; add x11, x3, x0
0x0104: 00000E04    ; jal x0, 28
0x0108: 00000C04    ; jal x0, 24
0x010C: 0008C860    ; sub x6, x4, x3
0x0110: 0FE1A2C2    ; sw x6, -52(x17)
0x0114: 0FEB2252    ; lw x5, -52(x17)
0x0118: 00000AB0    ; add x11, x5, x0
0x011C: 00000204    ; jal x0, 4
0x0120: 00090512    ; lw x17, 4(x2)
0x0124: 003C0421    ; addi x2, x2, 60
0x0128: 00600000    ; freeze
0x012C: FFD48421    ; addiSigned x2, x2, -44
0x0130: 00004402    ; sw x1, 0(x2)
0x0134: 00044442    ; sw x17, 4(x2)
0x0138: 002C0511    ; addi x17, x2, 44
0x013C: 00001650    ; add x5, x11, x0
0x0140: 00001860    ; add x6, x12, x0
0x0144: 00020071    ; addi x7, x0, 2
0x0148: 0049CA80    ; mul x8, x5, x7
0x014C: 00001030    ; add x3, x8, x0
0x0150: 00030091    ; addi x9, x0, 3
0x0154: 00024CA0    ; add x10, x6, x9
0x0158: 00001440    ; add x4, x10, x0
0x015C: 00000081    ; addi x8, x0, 0
0x0160: 00018A26    ; beq x5, x6, 8
0x0164: 00000404    ; jal x0, 8
0x0168: 00010081    ; addi x8, x0, 1
0x016C: 0FF22242    ; sw x8, -28(x17)
0x0170: 0FF92272    ; lw x7, -28(x17)
0x0174: 00000E76    ; beq x7, x0, 28
0x0178: 000106A0    ; add x10, x3, x4
0x017C: 0FF2A202    ; sw x10, -32(x17)
0x0180: 0FF82292    ; lw x9, -32(x17)
0x0184: 000012B0    ; add x11, x9, x0
0x0188: 00000E04    ; jal x0, 28
0x018C: 00000204    ; jal x0, 4
0x0190: 00090680    ; sub x8, x3, x4
0x0194: 0FE223C2    ; sw x8, -36(x17)
0x0198: 0FEF2272    ; lw x7, -36(x17)
0x019C: 00000EB0    ; add x11, x7, x0
0x01A0: 00000204    ; jal x0, 4
0x01A4: 00080412    ; lw x1, 0(x2)
0x01A8: 00090512    ; lw x17, 4(x2)
0x01AC: 002C0421    ; addi x2, x2, 44
0x01B0: 00080014    ; jalr x1, 0

; Seccion .data
; <sin datos globales>
