; ==================================================
; Fase 6 - codigo binario generado
; ==================================================

; Encabezado MYCE
;   magic             = MYCE
;   version           = 1
;   header_size       = 44 bytes
;   entry_point       = 0x00000000
;   text_offset       = 44
;   text_size         = 296 bytes
;   data_offset       = 340
;   data_size         = 0 bytes
;   text_base         = 0x00000000
;   data_base         = 0x00000000
;   instruction_count = 74

; Seccion .text
0x0000: 00200066    ; portalv x0, x0, 24
0x0004: 0008000E    ; lwv v0, 0(v0)
0x0008: 00580000    ; sleep
0x000C: 00580000    ; sleep
0x0010: 00580000    ; sleep
0x0014: 0000000C    ; closev
0x0018: 00004021    ; addiHIGH x2, x0, 0
0x001C: 7FF00421    ; addi x2, x2, 0x7FF0
0x0020: FFB88421    ; addiSigned x2, x2, -72
0x0024: 00004402    ; sw x1, 0(x2)
0x0028: 00044442    ; sw x17, 4(x2)
0x002C: 00480511    ; addi x17, x2, 72
0x0030: 00000051    ; addi x5, x0, 0
0x0034: 0FE16382    ; sw x5, -40(x17)
0x0038: 00010061    ; addi x6, x0, 1
0x003C: 0FE1A3C2    ; sw x6, -36(x17)
0x0040: 00020071    ; addi x7, x0, 2
0x0044: 0FF1E202    ; sw x7, -32(x17)
0x0048: 00030081    ; addi x8, x0, 3
0x004C: 0FF22242    ; sw x8, -28(x17)
0x0050: 00040091    ; addi x9, x0, 4
0x0054: 0FF26282    ; sw x9, -24(x17)
0x0058: 000500A1    ; addi x10, x0, 5
0x005C: 0FF2A2C2    ; sw x10, -20(x17)
0x0060: 00060051    ; addi x5, x0, 6
0x0064: 0FF16302    ; sw x5, -16(x17)
0x0068: 00070061    ; addi x6, x0, 7
0x006C: 0FF1A342    ; sw x6, -12(x17)
0x0070: 00080071    ; addi x7, x0, 8
0x0074: 0FF1E382    ; sw x7, -8(x17)
0x0078: 00090081    ; addi x8, x0, 9
0x007C: 0FF223C2    ; sw x8, -4(x17)
0x0080: 00000091    ; addi x9, x0, 0
0x0084: 00001230    ; add x3, x9, x0
0x0088: 000A00A1    ; addi x10, x0, 10
0x008C: 00000051    ; addi x5, x0, 0
0x0090: 00128626    ; blt x3, x10, 8
0x0094: 00000404    ; jal x0, 8
0x0098: 00010051    ; addi x5, x0, 1
0x009C: 00000A40    ; add x4, x5, x0
0x00A0: 00000956    ; beq x4, x0, 84
0x00A4: 0000C660    ; add x6, x3, x3
0x00A8: 00018C60    ; add x6, x6, x6
0x00AC: FFD8A271    ; addiSigned x7, x17, -40
0x00B0: 00018E70    ; add x7, x7, x6
0x00B4: 00080E82    ; lw x8, 0(x7)
0x00B8: 0FE222C2    ; sw x8, -52(x17)
0x00BC: 0FEB2292    ; lw x9, -52(x17)
0x00C0: 00010051    ; addi x5, x0, 1
0x00C4: 000152A0    ; add x10, x9, x5
0x00C8: 0FE2A282    ; sw x10, -56(x17)
0x00CC: 0FEA2262    ; lw x6, -56(x17)
0x00D0: 0000C670    ; add x7, x3, x3
0x00D4: 0001CE70    ; add x7, x7, x7
0x00D8: FFD8A281    ; addiSigned x8, x17, -40
0x00DC: 0001D080    ; add x8, x8, x7
0x00E0: 00019002    ; sw x6, 0(x8)
0x00E4: 000100A1    ; addi x10, x0, 1
0x00E8: 00028650    ; add x5, x3, x10
0x00EC: 00000A30    ; add x3, x5, x0
0x00F0: 0FF7CC04    ; jal x0, -104
0x00F4: 00090091    ; addi x9, x0, 9
0x00F8: 00025270    ; add x7, x9, x9
0x00FC: 0001CE70    ; add x7, x7, x7
0x0100: FFD8A281    ; addiSigned x8, x17, -40
0x0104: 0001D080    ; add x8, x8, x7
0x0108: 00081062    ; lw x6, 0(x8)
0x010C: 0FE1A202    ; sw x6, -64(x17)
0x0110: 0FE82252    ; lw x5, -64(x17)
0x0114: 00000AB0    ; add x11, x5, x0
0x0118: 00000204    ; jal x0, 4
0x011C: 00090512    ; lw x17, 4(x2)
0x0120: 00480421    ; addi x2, x2, 72
0x0124: 00600000    ; freeze

; Seccion .data
; <sin datos globales>
