; ==================================================
; Fase 6 - codigo binario generado
; ==================================================

; Encabezado MYCE
;   magic             = MYCE
;   version           = 1
;   header_size       = 44 bytes
;   entry_point       = 0x00000000
;   text_offset       = 44
;   text_size         = 252 bytes
;   data_offset       = 296
;   data_size         = 0 bytes
;   text_base         = 0x00000000
;   data_base         = 0x00000000
;   instruction_count = 63

; Seccion .text
0x0000: 00200066    ; portalv x0, x0, 24
0x0004: 0008000E    ; lwv v0, 0(v0)
0x0008: 00580000    ; sleep
0x000C: 00580000    ; sleep
0x0010: 00580000    ; sleep
0x0014: 0000000C    ; closev
0x0018: 00004021    ; addiHIGH x2, x0, 0
0x001C: 7FF00421    ; addi x2, x2, 0x7FF0
0x0020: FFC08421    ; addiSigned x2, x2, -64
0x0024: 00004402    ; sw x1, 0(x2)
0x0028: 00044442    ; sw x17, 4(x2)
0x002C: 00400511    ; addi x17, x2, 64
0x0030: 00030051    ; addi x5, x0, 3
0x0034: 0FF16282    ; sw x5, -24(x17)
0x0038: 00070061    ; addi x6, x0, 7
0x003C: 0FF1A2C2    ; sw x6, -20(x17)
0x0040: 00020071    ; addi x7, x0, 2
0x0044: 0FF1E302    ; sw x7, -16(x17)
0x0048: 00090081    ; addi x8, x0, 9
0x004C: 0FF22342    ; sw x8, -12(x17)
0x0050: 00050091    ; addi x9, x0, 5
0x0054: 0FF26382    ; sw x9, -8(x17)
0x0058: 000100A1    ; addi x10, x0, 1
0x005C: 0FF2A3C2    ; sw x10, -4(x17)
0x0060: 00090051    ; addi x5, x0, 9
0x0064: 00000B40    ; add x20, x5, x0
0x0068: 00000061    ; addi x6, x0, 0
0x006C: 00000C30    ; add x3, x6, x0
0x0070: 00010071    ; addi x7, x0, 1
0x0074: 0009C080    ; sub x8, x0, x7
0x0078: 00001040    ; add x4, x8, x0
0x007C: 00060091    ; addi x9, x0, 6
0x0080: 000000A1    ; addi x10, x0, 0
0x0084: 00124626    ; blt x3, x9, 8
0x0088: 00000404    ; jal x0, 8
0x008C: 000100A1    ; addi x10, x0, 1
0x0090: 00001560    ; add x22, x10, x0
0x0094: 00002D56    ; beq x22, x0, 84
0x0098: 0000C650    ; add x5, x3, x3
0x009C: 00014A50    ; add x5, x5, x5
0x00A0: FFE8A261    ; addiSigned x6, x17, -24
0x00A4: 00014C60    ; add x6, x6, x5
0x00A8: 00080C82    ; lw x8, 0(x6)
0x00AC: 00001170    ; add x23, x8, x0
0x00B0: 00000071    ; addi x7, x0, 0
0x00B4: 00052E26    ; beq x23, x20, 8
0x00B8: 00000404    ; jal x0, 8
0x00BC: 00010071    ; addi x7, x0, 1
0x00C0: 00000F80    ; add x24, x7, x0
0x00C4: 00003056    ; beq x24, x0, 20
0x00C8: 00000640    ; add x4, x3, x0
0x00CC: 000600A1    ; addi x10, x0, 6
0x00D0: 00001430    ; add x3, x10, x0
0x00D4: 00000804    ; jal x0, 16
0x00D8: 00010091    ; addi x9, x0, 1
0x00DC: 00024650    ; add x5, x3, x9
0x00E0: 00000A30    ; add x3, x5, x0
0x00E4: 0FF7CC04    ; jal x0, -104
0x00E8: 000008B0    ; add x11, x4, x0
0x00EC: 00000204    ; jal x0, 4
0x00F0: 00090512    ; lw x17, 4(x2)
0x00F4: 00400421    ; addi x2, x2, 64
0x00F8: 00600000    ; freeze

; Seccion .data
; <sin datos globales>
