; ==================================================
; Fase 6 - codigo binario generado
; ==================================================

; Encabezado MYCE
;   magic             = MYCE
;   version           = 1
;   header_size       = 44 bytes
;   entry_point       = 0x00000000
;   text_offset       = 44
;   text_size         = 304 bytes
;   data_offset       = 348
;   data_size         = 0 bytes
;   text_base         = 0x00000000
;   data_base         = 0x00000000
;   instruction_count = 76

; Seccion .text
0x0000: 00200066    ; portalv x0, x0, 24
0x0004: 0008000E    ; lwv v0, 0(v0)
0x0008: 00580000    ; sleep
0x000C: 00580000    ; sleep
0x0010: 00580000    ; sleep
0x0014: 0000000C    ; closev
0x0018: 00004021    ; addiHIGH x2, x0, 0
0x001C: 7FF00421    ; addi x2, x2, 0x7FF0
0x0020: FFC08421    ; addiSigned x2, x2, -64
0x0024: 00004402    ; sw x1, 0(x2)
0x0028: 00044442    ; sw x17, 4(x2)
0x002C: 00400511    ; addi x17, x2, 64
0x0030: 00030031    ; addi x3, x0, 3
0x0034: 0FF0E282    ; sw x3, -24(x17)
0x0038: 00070041    ; addi x4, x0, 7
0x003C: 0FF122C2    ; sw x4, -20(x17)
0x0040: 00020051    ; addi x5, x0, 2
0x0044: 0FF16302    ; sw x5, -16(x17)
0x0048: 00090061    ; addi x6, x0, 9
0x004C: 0FF1A342    ; sw x6, -12(x17)
0x0050: 00050071    ; addi x7, x0, 5
0x0054: 0FF1E382    ; sw x7, -8(x17)
0x0058: 00010081    ; addi x8, x0, 1
0x005C: 0FF223C2    ; sw x8, -4(x17)
0x0060: 00090091    ; addi x9, x0, 9
0x0064: 0FF26242    ; sw x9, -28(x17)
0x0068: 000000A1    ; addi x10, x0, 0
0x006C: 0FF2A202    ; sw x10, -32(x17)
0x0070: 00010031    ; addi x3, x0, 1
0x0074: 0008C040    ; sub x4, x0, x3
0x0078: 0FE12382    ; sw x4, -40(x17)
0x007C: 0FEE2252    ; lw x5, -40(x17)
0x0080: 0FE163C2    ; sw x5, -36(x17)
0x0084: 0FF82262    ; lw x6, -32(x17)
0x0088: 00060071    ; addi x7, x0, 6
0x008C: 00000081    ; addi x8, x0, 0
0x0090: 0011CC26    ; blt x6, x7, 8
0x0094: 00000404    ; jal x0, 8
0x0098: 00010081    ; addi x8, x0, 1
0x009C: 0FE22342    ; sw x8, -44(x17)
0x00A0: 0FED2292    ; lw x9, -44(x17)
0x00A4: 000013D6    ; beq x9, x0, 116
0x00A8: 0FF822A2    ; lw x10, -32(x17)
0x00AC: 00029440    ; add x4, x10, x10
0x00B0: 00010840    ; add x4, x4, x4
0x00B4: FFE8A231    ; addiSigned x3, x17, -24
0x00B8: 00010630    ; add x3, x3, x4
0x00BC: 00080652    ; lw x5, 0(x3)
0x00C0: 0FE16302    ; sw x5, -48(x17)
0x00C4: 0FEC2282    ; lw x8, -48(x17)
0x00C8: 0FF92272    ; lw x7, -28(x17)
0x00CC: 00000061    ; addi x6, x0, 0
0x00D0: 0001D026    ; beq x8, x7, 8
0x00D4: 00000404    ; jal x0, 8
0x00D8: 00010061    ; addi x6, x0, 1
0x00DC: 0FE1A2C2    ; sw x6, -52(x17)
0x00E0: 0FEB2292    ; lw x9, -52(x17)
0x00E4: 00001266    ; beq x9, x0, 24
0x00E8: 0FF82242    ; lw x4, -32(x17)
0x00EC: 0FE123C2    ; sw x4, -36(x17)
0x00F0: 000600A1    ; addi x10, x0, 6
0x00F4: 0FF2A202    ; sw x10, -32(x17)
0x00F8: 00000E04    ; jal x0, 28
0x00FC: 0FF82232    ; lw x3, -32(x17)
0x0100: 00010051    ; addi x5, x0, 1
0x0104: 00014660    ; add x6, x3, x5
0x0108: 0FE1A282    ; sw x6, -56(x17)
0x010C: 0FEA2272    ; lw x7, -56(x17)
0x0110: 0FF1E202    ; sw x7, -32(x17)
0x0114: 0FF7B804    ; jal x0, -144
0x0118: 0FEF2282    ; lw x8, -36(x17)
0x011C: 000010B0    ; add x11, x8, x0
0x0120: 00000204    ; jal x0, 4
0x0124: 00090512    ; lw x17, 4(x2)
0x0128: 00400421    ; addi x2, x2, 64
0x012C: 00600000    ; freeze

; Seccion .data
; <sin datos globales>
