; ==================================================
; Fase 6 - codigo binario generado
; ==================================================

; Encabezado MYCE
;   magic             = MYCE
;   version           = 1
;   header_size       = 44 bytes
;   entry_point       = 0x00000000
;   text_offset       = 44
;   text_size         = 152 bytes
;   data_offset       = 196
;   data_size         = 0 bytes
;   text_base         = 0x00000000
;   data_base         = 0x00000000
;   instruction_count = 38

; Seccion .text
0x0000: 00200066    ; portalv x0, x0, 24
0x0004: 0008000E    ; lwv v0, 0(v0)
0x0008: 00580000    ; sleep
0x000C: 00580000    ; sleep
0x0010: 00580000    ; sleep
0x0014: 0000000C    ; closev
0x0018: 00004021    ; addiHIGH x2, x0, 0
0x001C: 7FF00421    ; addi x2, x2, 0x7FF0
0x0020: FFE08421    ; addiSigned x2, x2, -32
0x0024: 00004402    ; sw x1, 0(x2)
0x0028: 00044442    ; sw x17, 4(x2)
0x002C: 00200511    ; addi x17, x2, 32
0x0030: 00010031    ; addi x3, x0, 1
0x0034: 0FF0E3C2    ; sw x3, -4(x17)
0x0038: 00020031    ; addi x3, x0, 2
0x003C: 0FF0E382    ; sw x3, -8(x17)
0x0040: 0FFF2232    ; lw x3, -4(x17)
0x0044: 0FFE2242    ; lw x4, -8(x17)
0x0048: 00010650    ; add x5, x3, x4
0x004C: 0FF16342    ; sw x5, -12(x17)
0x0050: 0FFD2252    ; lw x5, -12(x17)
0x0054: 00030041    ; addi x4, x0, 3
0x0058: 00490A30    ; mul x3, x5, x4
0x005C: 0FF0E302    ; sw x3, -16(x17)
0x0060: 0FFD2232    ; lw x3, -12(x17)
0x0064: 00040041    ; addi x4, x0, 4
0x0068: 00010650    ; add x5, x3, x4
0x006C: 0FF162C2    ; sw x5, -20(x17)
0x0070: 0FFB2252    ; lw x5, -20(x17)
0x0074: 00630041    ; addi x4, x0, 99
0x0078: 00010A30    ; add x3, x5, x4
0x007C: 0FF0E302    ; sw x3, -16(x17)
0x0080: 0FFB2232    ; lw x3, -20(x17)
0x0084: 000006B0    ; add x11, x3, x0
0x0088: 00000204    ; jal x0, 4
0x008C: 00090512    ; lw x17, 4(x2)
0x0090: 00200421    ; addi x2, x2, 32
0x0094: 00600000    ; freeze

; Seccion .data
; <sin datos globales>
