; ==================================================
; Fase 6 - codigo binario generado
; ==================================================

; Encabezado MYCE
;   magic             = MYCE
;   version           = 1
;   header_size       = 44 bytes
;   entry_point       = 0x00000000
;   text_offset       = 44
;   text_size         = 136 bytes
;   data_offset       = 180
;   data_size         = 0 bytes
;   text_base         = 0x00000000
;   data_base         = 0x00000000
;   instruction_count = 34

; Seccion .text
0x0000: 00200066    ; portalv x0, x0, 24
0x0004: 0008000E    ; lwv v0, 0(v0)
0x0008: 00580000    ; sleep
0x000C: 00580000    ; sleep
0x0010: 00580000    ; sleep
0x0014: 0000000C    ; closev
0x0018: 00004021    ; addiHIGH x2, x0, 0
0x001C: 7FF00421    ; addi x2, x2, 0x7FF0
0x0020: FFDC8421    ; addiSigned x2, x2, -36
0x0024: 00004402    ; sw x1, 0(x2)
0x0028: 00044442    ; sw x17, 4(x2)
0x002C: 00240511    ; addi x17, x2, 36
0x0030: 00010031    ; addi x3, x0, 1
0x0034: 0FF0E3C2    ; sw x3, -4(x17)
0x0038: 00020041    ; addi x4, x0, 2
0x003C: 0FF12382    ; sw x4, -8(x17)
0x0040: 0FFF2252    ; lw x5, -4(x17)
0x0044: 0FFE2262    ; lw x6, -8(x17)
0x0048: 00018A70    ; add x7, x5, x6
0x004C: 0FF1E282    ; sw x7, -24(x17)
0x0050: 0FFA2282    ; lw x8, -24(x17)
0x0054: 0FF22342    ; sw x8, -12(x17)
0x0058: 0FFD2292    ; lw x9, -12(x17)
0x005C: 000400A1    ; addi x10, x0, 4
0x0060: 00029230    ; add x3, x9, x10
0x0064: 0FF0E242    ; sw x3, -28(x17)
0x0068: 0FF92242    ; lw x4, -28(x17)
0x006C: 0FF122C2    ; sw x4, -20(x17)
0x0070: 0FFB2272    ; lw x7, -20(x17)
0x0074: 00000EB0    ; add x11, x7, x0
0x0078: 00000204    ; jal x0, 4
0x007C: 00090512    ; lw x17, 4(x2)
0x0080: 00240421    ; addi x2, x2, 36
0x0084: 00600000    ; freeze

; Seccion .data
; <sin datos globales>
