; ==================================================
; Fase 6 - codigo binario generado
; ==================================================

; Encabezado MYCE
;   magic             = MYCE
;   version           = 1
;   header_size       = 44 bytes
;   entry_point       = 0x00000000
;   text_offset       = 44
;   text_size         = 168 bytes
;   data_offset       = 212
;   data_size         = 0 bytes
;   text_base         = 0x00000000
;   data_base         = 0x00000000
;   instruction_count = 42

; Seccion .text
0x0000: 00200066    ; portalv x0, x0, 24
0x0004: 0008000E    ; lwv v0, 0(v0)
0x0008: 00580000    ; sleep
0x000C: 00580000    ; sleep
0x0010: 00580000    ; sleep
0x0014: 0000000C    ; closev
0x0018: 00004021    ; addiHIGH x2, x0, 0
0x001C: 7FF00421    ; addi x2, x2, 0x7FF0
0x0020: FFCC8421    ; addiSigned x2, x2, -52
0x0024: 00004402    ; sw x1, 0(x2)
0x0028: 00044442    ; sw x17, 4(x2)
0x002C: 00340511    ; addi x17, x2, 52
0x0030: 00010031    ; addi x3, x0, 1
0x0034: 0FF0E282    ; sw x3, -24(x17)
0x0038: 00020041    ; addi x4, x0, 2
0x003C: 0FF12242    ; sw x4, -28(x17)
0x0040: 0FFA2232    ; lw x3, -24(x17)
0x0044: 0FF92242    ; lw x4, -28(x17)
0x0048: 00010650    ; add x5, x3, x4
0x004C: 0FF16202    ; sw x5, -32(x17)
0x0050: 0FF82252    ; lw x5, -32(x17)
0x0054: 0FE163C2    ; sw x5, -36(x17)
0x0058: 0FEF2262    ; lw x6, -36(x17)
0x005C: 00040071    ; addi x7, x0, 4
0x0060: 0001CC80    ; add x8, x6, x7
0x0064: 0FE22382    ; sw x8, -40(x17)
0x0068: 0FEE2272    ; lw x7, -40(x17)
0x006C: 0FE1E342    ; sw x7, -44(x17)
0x0070: 0FFA2232    ; lw x3, -24(x17)
0x0074: 0FF0E3C2    ; sw x3, -4(x17)
0x0078: 0FF92242    ; lw x4, -28(x17)
0x007C: 0FF12382    ; sw x4, -8(x17)
0x0080: 0FEF2262    ; lw x6, -36(x17)
0x0084: 0FF1A342    ; sw x6, -12(x17)
0x0088: 0FED2282    ; lw x8, -44(x17)
0x008C: 0FF222C2    ; sw x8, -20(x17)
0x0090: 0FFB2292    ; lw x9, -20(x17)
0x0094: 000012B0    ; add x11, x9, x0
0x0098: 00000204    ; jal x0, 4
0x009C: 00090512    ; lw x17, 4(x2)
0x00A0: 00340421    ; addi x2, x2, 52
0x00A4: 00600000    ; freeze

; Seccion .data
; <sin datos globales>
