; ==================================================
; Fase 6 - codigo binario generado
; ==================================================

; Encabezado MYCE
;   magic             = MYCE
;   version           = 1
;   header_size       = 44 bytes
;   entry_point       = 0x00000000
;   text_offset       = 44
;   text_size         = 240 bytes
;   data_offset       = 284
;   data_size         = 0 bytes
;   text_base         = 0x00000000
;   data_base         = 0x00000000
;   instruction_count = 60

; Seccion .text
0x0000: 00200066    ; portalv x0, x0, 24
0x0004: 0008000E    ; lwv v0, 0(v0)
0x0008: 00580000    ; sleep
0x000C: 00580000    ; sleep
0x0010: 00580000    ; sleep
0x0014: 0000000C    ; closev
0x0018: 00004021    ; addiHIGH x2, x0, 0
0x001C: 7FF00421    ; addi x2, x2, 0x7FF0
0x0020: FFF48421    ; addiSigned x2, x2, -12
0x0024: 00004402    ; sw x1, 0(x2)
0x0028: 00044442    ; sw x17, 4(x2)
0x002C: 000C0511    ; addi x17, x2, 12
0x0030: 00030031    ; addi x3, x0, 3
0x0034: 000006B0    ; add x11, x3, x0
0x0038: 00003214    ; jal x1, 100
0x003C: 00001640    ; add x4, x11, x0
0x0040: 0FF123C2    ; sw x4, -4(x17)
0x0044: 0FFF2252    ; lw x5, -4(x17)
0x0048: 00000AB0    ; add x11, x5, x0
0x004C: 00000204    ; jal x0, 4
0x0050: 00090512    ; lw x17, 4(x2)
0x0054: 000C0421    ; addi x2, x2, 12
0x0058: 00600000    ; freeze
0x005C: FFF08421    ; addiSigned x2, x2, -16
0x0060: 00004402    ; sw x1, 0(x2)
0x0064: 00044442    ; sw x17, 4(x2)
0x0068: 00100511    ; addi x17, x2, 16
0x006C: 0FF2E3C2    ; sw x11, -4(x17)
0x0070: 0FFF2262    ; lw x6, -4(x17)
0x0074: 00010071    ; addi x7, x0, 1
0x0078: 0001CC80    ; add x8, x6, x7
0x007C: 0FF22382    ; sw x8, -8(x17)
0x0080: 0FFE2292    ; lw x9, -8(x17)
0x0084: 000012B0    ; add x11, x9, x0
0x0088: 00000204    ; jal x0, 4
0x008C: 00080412    ; lw x1, 0(x2)
0x0090: 00090512    ; lw x17, 4(x2)
0x0094: 00100421    ; addi x2, x2, 16
0x0098: 00080014    ; jalr x1, 0
0x009C: FFEC8421    ; addiSigned x2, x2, -20
0x00A0: 00004402    ; sw x1, 0(x2)
0x00A4: 00044442    ; sw x17, 4(x2)
0x00A8: 00140511    ; addi x17, x2, 20
0x00AC: 0FF2E3C2    ; sw x11, -4(x17)
0x00B0: 0FFF22A2    ; lw x10, -4(x17)
0x00B4: 000014B0    ; add x11, x10, x0
0x00B8: 0FF7D214    ; jal x1, -92
0x00BC: 00001630    ; add x3, x11, x0
0x00C0: 0FF0E382    ; sw x3, -8(x17)
0x00C4: 0FFE2242    ; lw x4, -8(x17)
0x00C8: 00010051    ; addi x5, x0, 1
0x00CC: 00014880    ; add x8, x4, x5
0x00D0: 0FF22342    ; sw x8, -12(x17)
0x00D4: 0FFD2272    ; lw x7, -12(x17)
0x00D8: 00000EB0    ; add x11, x7, x0
0x00DC: 00000204    ; jal x0, 4
0x00E0: 00080412    ; lw x1, 0(x2)
0x00E4: 00090512    ; lw x17, 4(x2)
0x00E8: 00140421    ; addi x2, x2, 20
0x00EC: 00080014    ; jalr x1, 0

; Seccion .data
; <sin datos globales>
