; ==================================================
; Fase 6 - codigo binario generado
; ==================================================

; Encabezado MYCE
;   magic             = MYCE
;   version           = 1
;   header_size       = 44 bytes
;   entry_point       = 0x00000000
;   text_offset       = 44
;   text_size         = 220 bytes
;   data_offset       = 264
;   data_size         = 0 bytes
;   text_base         = 0x00000000
;   data_base         = 0x00000000
;   instruction_count = 55

; Seccion .text
0x0000: 00200066    ; portalv x0, x0, 24
0x0004: 0008000E    ; lwv v0, 0(v0)
0x0008: 00580000    ; sleep
0x000C: 00580000    ; sleep
0x0010: 00580000    ; sleep
0x0014: 0000000C    ; closev
0x0018: 00004021    ; addiHIGH x2, x0, 0
0x001C: 7FF00421    ; addi x2, x2, 0x7FF0
0x0020: FFF48421    ; addiSigned x2, x2, -12
0x0024: 00004402    ; sw x1, 0(x2)
0x0028: 00044442    ; sw x17, 4(x2)
0x002C: 000C0511    ; addi x17, x2, 12
0x0030: 00030031    ; addi x3, x0, 3
0x0034: 000006B0    ; add x11, x3, x0
0x0038: 00002C14    ; jal x1, 88
0x003C: 00001640    ; add x4, x11, x0
0x0040: 00000860    ; add x6, x4, x0
0x0044: 00000CB0    ; add x11, x6, x0
0x0048: 00000204    ; jal x0, 4
0x004C: 00090512    ; lw x17, 4(x2)
0x0050: 000C0421    ; addi x2, x2, 12
0x0054: 00600000    ; freeze
0x0058: FFF08421    ; addiSigned x2, x2, -16
0x005C: 00004402    ; sw x1, 0(x2)
0x0060: 00044442    ; sw x17, 4(x2)
0x0064: 00100511    ; addi x17, x2, 16
0x0068: 00001630    ; add x3, x11, x0
0x006C: 00010051    ; addi x5, x0, 1
0x0070: 00014660    ; add x6, x3, x5
0x0074: 00000C40    ; add x4, x6, x0
0x0078: 000008B0    ; add x11, x4, x0
0x007C: 00000204    ; jal x0, 4
0x0080: 00080412    ; lw x1, 0(x2)
0x0084: 00090512    ; lw x17, 4(x2)
0x0088: 00100421    ; addi x2, x2, 16
0x008C: 00080014    ; jalr x1, 0
0x0090: FFEC8421    ; addiSigned x2, x2, -20
0x0094: 00004402    ; sw x1, 0(x2)
0x0098: 00044442    ; sw x17, 4(x2)
0x009C: 00140511    ; addi x17, x2, 20
0x00A0: 00001630    ; add x3, x11, x0
0x00A4: 000006B0    ; add x11, x3, x0
0x00A8: 0FF0E3C2    ; sw x3, -4(x17)
0x00AC: 0FF7D614    ; jal x1, -84
0x00B0: 00001660    ; add x6, x11, x0
0x00B4: 00000C40    ; add x4, x6, x0
0x00B8: 00010071    ; addi x7, x0, 1
0x00BC: 0001C880    ; add x8, x4, x7
0x00C0: 00001050    ; add x5, x8, x0
0x00C4: 00000AB0    ; add x11, x5, x0
0x00C8: 00000204    ; jal x0, 4
0x00CC: 00080412    ; lw x1, 0(x2)
0x00D0: 00090512    ; lw x17, 4(x2)
0x00D4: 00140421    ; addi x2, x2, 20
0x00D8: 00080014    ; jalr x1, 0

; Seccion .data
; <sin datos globales>
