; ==================================================
; Fase 6 - codigo binario generado
; ==================================================

; Encabezado MYCE
;   magic             = MYCE
;   version           = 1
;   header_size       = 44 bytes
;   entry_point       = 0x00000000
;   text_offset       = 44
;   text_size         = 176 bytes
;   data_offset       = 220
;   data_size         = 0 bytes
;   text_base         = 0x00000000
;   data_base         = 0x00000000
;   instruction_count = 44

; Seccion .text
0x0000: 00200066    ; portalv x0, x0, 24
0x0004: 0008000E    ; lwv v0, 0(v0)
0x0008: 00580000    ; sleep
0x000C: 00580000    ; sleep
0x0010: 00580000    ; sleep
0x0014: 0000000C    ; closev
0x0018: 00004021    ; addiHIGH x2, x0, 0
0x001C: 7FF00421    ; addi x2, x2, 0x7FF0
0x0020: FFF08421    ; addiSigned x2, x2, -16
0x0024: 00004402    ; sw x1, 0(x2)
0x0028: 00044442    ; sw x17, 4(x2)
0x002C: 00100511    ; addi x17, x2, 16
0x0030: 00030031    ; addi x3, x0, 3
0x0034: 000006B0    ; add x11, x3, x0
0x0038: 00050041    ; addi x4, x0, 5
0x003C: 000008C0    ; add x12, x4, x0
0x0040: 00001614    ; jal x1, 44
0x0044: 00001650    ; add x5, x11, x0
0x0048: 0FF16382    ; sw x5, -8(x17)
0x004C: 0FFE2262    ; lw x6, -8(x17)
0x0050: 0FF1A3C2    ; sw x6, -4(x17)
0x0054: 0FFF2272    ; lw x7, -4(x17)
0x0058: 00000EB0    ; add x11, x7, x0
0x005C: 00000204    ; jal x0, 4
0x0060: 00090512    ; lw x17, 4(x2)
0x0064: 00100421    ; addi x2, x2, 16
0x0068: 00600000    ; freeze
0x006C: FFEC8421    ; addiSigned x2, x2, -20
0x0070: 00004402    ; sw x1, 0(x2)
0x0074: 00044442    ; sw x17, 4(x2)
0x0078: 00140511    ; addi x17, x2, 20
0x007C: 0FF2E3C2    ; sw x11, -4(x17)
0x0080: 0FF32382    ; sw x12, -8(x17)
0x0084: 0FFF2282    ; lw x8, -4(x17)
0x0088: 0FFE2292    ; lw x9, -8(x17)
0x008C: 000250A0    ; add x10, x8, x9
0x0090: 0FF2A342    ; sw x10, -12(x17)
0x0094: 0FFD2232    ; lw x3, -12(x17)
0x0098: 000006B0    ; add x11, x3, x0
0x009C: 00000204    ; jal x0, 4
0x00A0: 00080412    ; lw x1, 0(x2)
0x00A4: 00090512    ; lw x17, 4(x2)
0x00A8: 00140421    ; addi x2, x2, 20
0x00AC: 00080014    ; jalr x1, 0

; Seccion .data
; <sin datos globales>
