; ==================================================
; Fase 6 - codigo binario generado
; ==================================================

; Encabezado MYCE
;   magic             = MYCE
;   version           = 1
;   header_size       = 44 bytes
;   entry_point       = 0x00000000
;   text_offset       = 44
;   text_size         = 148 bytes
;   data_offset       = 192
;   data_size         = 0 bytes
;   text_base         = 0x00000000
;   data_base         = 0x00000000
;   instruction_count = 37

; Seccion .text
0x0000: 00200066    ; portalv x0, x0, 24
0x0004: 0008000E    ; lwv v0, 0(v0)
0x0008: 00580000    ; sleep
0x000C: 00580000    ; sleep
0x0010: 00580000    ; sleep
0x0014: 0000000C    ; closev
0x0018: 00004021    ; addiHIGH x2, x0, 0
0x001C: 7FF00421    ; addi x2, x2, 0x7FF0
0x0020: FFF08421    ; addiSigned x2, x2, -16
0x0024: 00004402    ; sw x1, 0(x2)
0x0028: 00044442    ; sw x17, 4(x2)
0x002C: 00100511    ; addi x17, x2, 16
0x0030: 08490031    ; addi x3, x0, 2121
0x0034: 0FF0E3C2    ; sw x3, -4(x17)
0x0038: 0FFF2232    ; lw x3, -4(x17)
0x003C: 00200706    ; portalv x3, v0, 64
0x0040: 12340011    ; addi x1, v0, 0x1234
0x0044: ABCD422F    ; addiHIGHv v2, x1, 0xABCD
0x0048: 00580000    ; sleep
0x004C: 00580000    ; sleep
0x0050: 00580000    ; sleep
0x0054: 0000022B    ; changev v2, v1
0x0058: 00580000    ; sleep
0x005C: 00580000    ; sleep
0x0060: 00580000    ; sleep
0x0064: 0008003E    ; lwv v3, 0(v0)
0x0068: 00580000    ; sleep
0x006C: 00580000    ; sleep
0x0070: 00580000    ; sleep
0x0074: 0000C04E    ; swv v3, 4(v0)
0x0078: 0000000C    ; closev
0x007C: 00000031    ; addi x3, x0, 0
0x0080: 000006B0    ; add x11, x3, x0
0x0084: 00000204    ; jal x0, 4
0x0088: 00090512    ; lw x17, 4(x2)
0x008C: 00100421    ; addi x2, x2, 16
0x0090: 00600000    ; freeze

; Seccion .data
; <sin datos globales>
