; ==================================================
; Fase 6 - codigo binario generado
; ==================================================

; Encabezado MYCE
;   magic             = MYCE
;   version           = 1
;   header_size       = 44 bytes
;   entry_point       = 0x00000000
;   text_offset       = 44
;   text_size         = 156 bytes
;   data_offset       = 200
;   data_size         = 0 bytes
;   text_base         = 0x00000000
;   data_base         = 0x00000000
;   instruction_count = 39

; Seccion .text
0x0000: FFE08421    ; addiSigned x2, x2, -32
0x0004: 00004402    ; sw x1, 0(x2)
0x0008: 00044442    ; sw x17, 4(x2)
0x000C: 00200511    ; addi x17, x2, 32
0x0010: 0FF2E3C2    ; sw x11, -4(x17)
0x0014: 00010031    ; addi x3, x0, 1
0x0018: 0FF0E382    ; sw x3, -8(x17)
0x001C: 00010041    ; addi x4, x0, 1
0x0020: 0FF12342    ; sw x4, -12(x17)
0x0024: 0FFD2252    ; lw x5, -12(x17)
0x0028: 0FFF2262    ; lw x6, -4(x17)
0x002C: 00000071    ; addi x7, x0, 0
0x0030: 00194C26    ; bge x6, x5, 8
0x0034: 00000404    ; jal x0, 8
0x0038: 00010071    ; addi x7, x0, 1
0x003C: 0FF1E302    ; sw x7, -16(x17)
0x0040: 0FFC2282    ; lw x8, -16(x17)
0x0044: 000010E6    ; beq x8, x0, 56
0x0048: 0FFE2292    ; lw x9, -8(x17)
0x004C: 0FFD22A2    ; lw x10, -12(x17)
0x0050: 004A9230    ; mul x3, x9, x10
0x0054: 0FF0E2C2    ; sw x3, -20(x17)
0x0058: 0FFB2242    ; lw x4, -20(x17)
0x005C: 0FF12382    ; sw x4, -8(x17)
0x0060: 0FFD2272    ; lw x7, -12(x17)
0x0064: 00010061    ; addi x6, x0, 1
0x0068: 00018E50    ; add x5, x7, x6
0x006C: 0FF16282    ; sw x5, -24(x17)
0x0070: 0FFA2282    ; lw x8, -24(x17)
0x0074: 0FF22342    ; sw x8, -12(x17)
0x0078: 0FF7D604    ; jal x0, -84
0x007C: 0FFE2232    ; lw x3, -8(x17)
0x0080: 000006B0    ; add x11, x3, x0
0x0084: 00000204    ; jal x0, 4
0x0088: 00080412    ; lw x1, 0(x2)
0x008C: 00090512    ; lw x17, 4(x2)
0x0090: 00200421    ; addi x2, x2, 32
0x0094: 00080014    ; jalr x1, 0
0x0098: 00600000    ; freeze

; Seccion .data
; <sin datos globales>
