; ==================================================
; Fase 6 - codigo binario generado
; ==================================================

; Encabezado MYCE
;   magic             = MYCE
;   version           = 1
;   header_size       = 44 bytes
;   entry_point       = 0x00000000
;   text_offset       = 44
;   text_size         = 212 bytes
;   data_offset       = 256
;   data_size         = 0 bytes
;   text_base         = 0x00000000
;   data_base         = 0x00000000
;   instruction_count = 53

; Seccion .text
0x0000: 00200066    ; portalv x0, x0, 24
0x0004: 0008000E    ; lwv v0, 0(v0)
0x0008: 00580000    ; sleep
0x000C: 00580000    ; sleep
0x0010: 00580000    ; sleep
0x0014: 0000000C    ; closev
0x0018: 00004021    ; addiHIGH x2, x0, 0
0x001C: 7FF00421    ; addi x2, x2, 0x7FF0
0x0020: FFF48421    ; addiSigned x2, x2, -12
0x0024: 00004402    ; sw x1, 0(x2)
0x0028: 00044442    ; sw x17, 4(x2)
0x002C: 000C0511    ; addi x17, x2, 12
0x0030: 00050041    ; addi x4, x0, 5
0x0034: 000008B0    ; add x11, x4, x0
0x0038: 00001014    ; jal x1, 32
0x003C: 00001650    ; add x5, x11, x0
0x0040: 00000A30    ; add x3, x5, x0
0x0044: 000006B0    ; add x11, x3, x0
0x0048: 00000204    ; jal x0, 4
0x004C: 00090512    ; lw x17, 4(x2)
0x0050: 000C0421    ; addi x2, x2, 12
0x0054: 00600000    ; freeze
0x0058: FFD88421    ; addiSigned x2, x2, -40
0x005C: 00004402    ; sw x1, 0(x2)
0x0060: 00044442    ; sw x17, 4(x2)
0x0064: 00050482    ; sw x20, 8(x2)
0x0068: 000544C2    ; sw x21, 12(x2)
0x006C: 00280511    ; addi x17, x2, 40
0x0070: 00001650    ; add x5, x11, x0
0x0074: 00010071    ; addi x7, x0, 1
0x0078: 00000E40    ; add x4, x7, x0
0x007C: 00010081    ; addi x8, x0, 1
0x0080: 00001030    ; add x3, x8, x0
0x0084: 00000091    ; addi x9, x0, 0
0x0088: 0018CA26    ; bge x5, x3, 8
0x008C: 00000404    ; jal x0, 8
0x0090: 00010091    ; addi x9, x0, 1
0x0094: 00001260    ; add x6, x9, x0
0x0098: 00000C76    ; beq x6, x0, 28
0x009C: 0048C8A0    ; mul x10, x4, x3
0x00A0: 00001440    ; add x4, x10, x0
0x00A4: 00010071    ; addi x7, x0, 1
0x00A8: 0001C680    ; add x8, x3, x7
0x00AC: 00001030    ; add x3, x8, x0
0x00B0: 0FF7EA04    ; jal x0, -44
0x00B4: 000008B0    ; add x11, x4, x0
0x00B8: 00000204    ; jal x0, 4
0x00BC: 000A0542    ; lw x20, 8(x2)
0x00C0: 000B0552    ; lw x21, 12(x2)
0x00C4: 00080412    ; lw x1, 0(x2)
0x00C8: 00090512    ; lw x17, 4(x2)
0x00CC: 00280421    ; addi x2, x2, 40
0x00D0: 00080014    ; jalr x1, 0

; Seccion .data
; <sin datos globales>
