; ==================================================
; Fase 6 - codigo binario generado
; ==================================================

; Encabezado MYCE
;   magic             = MYCE
;   version           = 1
;   header_size       = 44 bytes
;   entry_point       = 0x00000000
;   text_offset       = 44
;   text_size         = 112 bytes
;   data_offset       = 156
;   data_size         = 0 bytes
;   text_base         = 0x00000000
;   data_base         = 0x00000000
;   instruction_count = 28

; Seccion .text
0x0000: FFE08421    ; addiSigned x2, x2, -32
0x0004: 00004402    ; sw x1, 0(x2)
0x0008: 00044442    ; sw x17, 4(x2)
0x000C: 00200511    ; addi x17, x2, 32
0x0010: 00001650    ; add x5, x11, x0
0x0014: 00010071    ; addi x7, x0, 1
0x0018: 00000E40    ; add x4, x7, x0
0x001C: 00010081    ; addi x8, x0, 1
0x0020: 00001030    ; add x3, x8, x0
0x0024: 00000091    ; addi x9, x0, 0
0x0028: 0018CA26    ; bge x5, x3, 8
0x002C: 00000404    ; jal x0, 8
0x0030: 00010091    ; addi x9, x0, 1
0x0034: 00001260    ; add x6, x9, x0
0x0038: 00000C76    ; beq x6, x0, 28
0x003C: 0048C8A0    ; mul x10, x4, x3
0x0040: 00001440    ; add x4, x10, x0
0x0044: 00010071    ; addi x7, x0, 1
0x0048: 0001C680    ; add x8, x3, x7
0x004C: 00001030    ; add x3, x8, x0
0x0050: 0FF7EA04    ; jal x0, -44
0x0054: 000008B0    ; add x11, x4, x0
0x0058: 00000204    ; jal x0, 4
0x005C: 00080412    ; lw x1, 0(x2)
0x0060: 00090512    ; lw x17, 4(x2)
0x0064: 00200421    ; addi x2, x2, 32
0x0068: 00080014    ; jalr x1, 0
0x006C: 00600000    ; freeze

; Seccion .data
; <sin datos globales>
