; ==================================================
; Fase 6 - codigo binario generado
; ==================================================

; Encabezado MYCE
;   magic             = MYCE
;   version           = 1
;   header_size       = 44 bytes
;   entry_point       = 0x00000000
;   text_offset       = 44
;   text_size         = 232 bytes
;   data_offset       = 276
;   data_size         = 0 bytes
;   text_base         = 0x00000000
;   data_base         = 0x00000000
;   instruction_count = 58

; Seccion .text
0x0000: 00200066    ; portalv x0, x0, 24
0x0004: 0008000E    ; lwv v0, 0(v0)
0x0008: 00580000    ; sleep
0x000C: 00580000    ; sleep
0x0010: 00580000    ; sleep
0x0014: 0000000C    ; closev
0x0018: 00004021    ; addiHIGH x2, x0, 0
0x001C: 7FF00421    ; addi x2, x2, 0x7FF0
0x0020: FFF48421    ; addiSigned x2, x2, -12
0x0024: 00004402    ; sw x1, 0(x2)
0x0028: 00044442    ; sw x17, 4(x2)
0x002C: 000C0511    ; addi x17, x2, 12
0x0030: 00050041    ; addi x4, x0, 5
0x0034: 000008B0    ; add x11, x4, x0
0x0038: 00001014    ; jal x1, 32
0x003C: 00001650    ; add x5, x11, x0
0x0040: 00000A30    ; add x3, x5, x0
0x0044: 000006B0    ; add x11, x3, x0
0x0048: 00000204    ; jal x0, 4
0x004C: 00090512    ; lw x17, 4(x2)
0x0050: 000C0421    ; addi x2, x2, 12
0x0054: 00600000    ; freeze
0x0058: FFE48421    ; addiSigned x2, x2, -28
0x005C: 00004402    ; sw x1, 0(x2)
0x0060: 00044442    ; sw x17, 4(x2)
0x0064: 001C0511    ; addi x17, x2, 28
0x0068: 00001630    ; add x3, x11, x0
0x006C: 00010071    ; addi x7, x0, 1
0x0070: 00000081    ; addi x8, x0, 0
0x0074: 0018CE26    ; bge x7, x3, 8
0x0078: 00000404    ; jal x0, 8
0x007C: 00010081    ; addi x8, x0, 1
0x0080: 00001040    ; add x4, x8, x0
0x0084: 00000856    ; beq x4, x0, 20
0x0088: 00010091    ; addi x9, x0, 1
0x008C: 000012B0    ; add x11, x9, x0
0x0090: 00002404    ; jal x0, 72
0x0094: 00000204    ; jal x0, 4
0x0098: 000100A1    ; addi x10, x0, 1
0x009C: 000A8680    ; sub x8, x3, x10
0x00A0: 00001050    ; add x5, x8, x0
0x00A4: 00000AB0    ; add x11, x5, x0
0x00A8: 0FF0E3C2    ; sw x3, -4(x17)
0x00AC: 0FF12382    ; sw x4, -8(x17)
0x00B0: 0FF16342    ; sw x5, -12(x17)
0x00B4: 0FF7D214    ; jal x1, -92
0x00B8: 00001670    ; add x7, x11, x0
0x00BC: 00000E60    ; add x6, x7, x0
0x00C0: 0FFF2232    ; lw x3, -4(x17)
0x00C4: 00498690    ; mul x9, x3, x6
0x00C8: 0FF262C2    ; sw x9, -20(x17)
0x00CC: 0FFB2282    ; lw x8, -20(x17)
0x00D0: 000010B0    ; add x11, x8, x0
0x00D4: 00000204    ; jal x0, 4
0x00D8: 00080412    ; lw x1, 0(x2)
0x00DC: 00090512    ; lw x17, 4(x2)
0x00E0: 001C0421    ; addi x2, x2, 28
0x00E4: 00080014    ; jalr x1, 0

; Seccion .data
; <sin datos globales>
