; ==================================================
; Fase 6 - codigo binario generado
; ==================================================

; Encabezado MYCE
;   magic             = MYCE
;   version           = 1
;   header_size       = 44 bytes
;   entry_point       = 0x00000000
;   text_offset       = 44
;   text_size         = 244 bytes
;   data_offset       = 288
;   data_size         = 0 bytes
;   text_base         = 0x00000000
;   data_base         = 0x00000000
;   instruction_count = 61

; Seccion .text
0x0000: 00200066    ; portalv x0, x0, 24
0x0004: 0008000E    ; lwv v0, 0(v0)
0x0008: 00580000    ; sleep
0x000C: 00580000    ; sleep
0x0010: 00580000    ; sleep
0x0014: 0000000C    ; closev
0x0018: 00004021    ; addiHIGH x2, x0, 0
0x001C: 7FF00421    ; addi x2, x2, 0x7FF0
0x0020: FFF48421    ; addiSigned x2, x2, -12
0x0024: 00004402    ; sw x1, 0(x2)
0x0028: 00044442    ; sw x17, 4(x2)
0x002C: 000C0511    ; addi x17, x2, 12
0x0030: 00050031    ; addi x3, x0, 5
0x0034: 000006B0    ; add x11, x3, x0
0x0038: 00001214    ; jal x1, 36
0x003C: 00001670    ; add x7, x11, x0
0x0040: 0FF1E3C2    ; sw x7, -4(x17)
0x0044: 0FFF2272    ; lw x7, -4(x17)
0x0048: 00000EB0    ; add x11, x7, x0
0x004C: 00000204    ; jal x0, 4
0x0050: 00090512    ; lw x17, 4(x2)
0x0054: 000C0421    ; addi x2, x2, 12
0x0058: 00600000    ; freeze
0x005C: FFE48421    ; addiSigned x2, x2, -28
0x0060: 00004402    ; sw x1, 0(x2)
0x0064: 00044442    ; sw x17, 4(x2)
0x0068: 001C0511    ; addi x17, x2, 28
0x006C: 0FF2E3C2    ; sw x11, -4(x17)
0x0070: 0FFF2242    ; lw x4, -4(x17)
0x0074: 00010051    ; addi x5, x0, 1
0x0078: 00000031    ; addi x3, x0, 0
0x007C: 00190A26    ; bge x5, x4, 8
0x0080: 00000404    ; jal x0, 8
0x0084: 00010031    ; addi x3, x0, 1
0x0088: 0FF0E382    ; sw x3, -8(x17)
0x008C: 0FFE2232    ; lw x3, -8(x17)
0x0090: 00000656    ; beq x3, x0, 20
0x0094: 00010061    ; addi x6, x0, 1
0x0098: 00000CB0    ; add x11, x6, x0
0x009C: 00002404    ; jal x0, 72
0x00A0: 00000204    ; jal x0, 4
0x00A4: 0FFF2282    ; lw x8, -4(x17)
0x00A8: 00010091    ; addi x9, x0, 1
0x00AC: 000A5040    ; sub x4, x8, x9
0x00B0: 0FF12342    ; sw x4, -12(x17)
0x00B4: 0FFD2242    ; lw x4, -12(x17)
0x00B8: 000008B0    ; add x11, x4, x0
0x00BC: 0FF7D014    ; jal x1, -96
0x00C0: 00001650    ; add x5, x11, x0
0x00C4: 0FF16302    ; sw x5, -16(x17)
0x00C8: 0FFF22A2    ; lw x10, -4(x17)
0x00CC: 0FFC2252    ; lw x5, -16(x17)
0x00D0: 00495460    ; mul x6, x10, x5
0x00D4: 0FF1A2C2    ; sw x6, -20(x17)
0x00D8: 0FFB2262    ; lw x6, -20(x17)
0x00DC: 00000CB0    ; add x11, x6, x0
0x00E0: 00000204    ; jal x0, 4
0x00E4: 00080412    ; lw x1, 0(x2)
0x00E8: 00090512    ; lw x17, 4(x2)
0x00EC: 001C0421    ; addi x2, x2, 28
0x00F0: 00080014    ; jalr x1, 0

; Seccion .data
; <sin datos globales>
