; ==================================================
; Fase 6 - codigo binario generado
; ==================================================

; Encabezado MYCE
;   magic             = MYCE
;   version           = 1
;   header_size       = 44 bytes
;   entry_point       = 0x00000000
;   text_offset       = 44
;   text_size         = 328 bytes
;   data_offset       = 372
;   data_size         = 0 bytes
;   text_base         = 0x00000000
;   data_base         = 0x00000000
;   instruction_count = 82

; Seccion .text
0x0000: 00200066    ; portalv x0, x0, 24
0x0004: 0008000E    ; lwv v0, 0(v0)
0x0008: 00580000    ; sleep
0x000C: 00580000    ; sleep
0x0010: 00580000    ; sleep
0x0014: 0000000C    ; closev
0x0018: 00004021    ; addiHIGH x2, x0, 0
0x001C: 7FF00421    ; addi x2, x2, 0x7FF0
0x0020: FFD08421    ; addiSigned x2, x2, -48
0x0024: 00004402    ; sw x1, 0(x2)
0x0028: 00044442    ; sw x17, 4(x2)
0x002C: 00300511    ; addi x17, x2, 48
0x0030: 00000031    ; addi x3, x0, 0
0x0034: 0FF0E3C2    ; sw x3, -4(x17)
0x0038: 00000041    ; addi x4, x0, 0
0x003C: 0FF12382    ; sw x4, -8(x17)
0x0040: 0FFF2252    ; lw x5, -4(x17)
0x0044: 00030061    ; addi x6, x0, 3
0x0048: 00000071    ; addi x7, x0, 0
0x004C: 00118A26    ; blt x5, x6, 8
0x0050: 00000404    ; jal x0, 8
0x0054: 00010071    ; addi x7, x0, 1
0x0058: 0FF1E342    ; sw x7, -12(x17)
0x005C: 0FFD2282    ; lw x8, -12(x17)
0x0060: 01001146    ; beq x8, x0, 208
0x0064: 0FFE2292    ; lw x9, -8(x17)
0x0068: 000200A1    ; addi x10, x0, 2
0x006C: 00000031    ; addi x3, x0, 0
0x0070: 00129226    ; blt x9, x10, 8
0x0074: 00000404    ; jal x0, 8
0x0078: 00010031    ; addi x3, x0, 1
0x007C: 0FF0E302    ; sw x3, -16(x17)
0x0080: 0FFC2242    ; lw x4, -16(x17)
0x0084: 000009E6    ; beq x4, x0, 120
0x0088: 0FFE2272    ; lw x7, -8(x17)
0x008C: 00010061    ; addi x6, x0, 1
0x0090: 00018E50    ; add x5, x7, x6
0x0094: 0FF162C2    ; sw x5, -20(x17)
0x0098: 0FFB2282    ; lw x8, -20(x17)
0x009C: 0FF22382    ; sw x8, -8(x17)
0x00A0: 0FFF2232    ; lw x3, -4(x17)
0x00A4: 000100A1    ; addi x10, x0, 1
0x00A8: 00000091    ; addi x9, x0, 0
0x00AC: 00028626    ; beq x3, x10, 8
0x00B0: 00000404    ; jal x0, 8
0x00B4: 00010091    ; addi x9, x0, 1
0x00B8: 0FF26282    ; sw x9, -24(x17)
0x00BC: 0FFA2242    ; lw x4, -24(x17)
0x00C0: 00000886    ; beq x4, x0, 32
0x00C4: 0FFE2252    ; lw x5, -8(x17)
0x00C8: 00020061    ; addi x6, x0, 2
0x00CC: 00018A70    ; add x7, x5, x6
0x00D0: 0FF1E242    ; sw x7, -28(x17)
0x00D4: 0FF92282    ; lw x8, -28(x17)
0x00D8: 0FF22382    ; sw x8, -8(x17)
0x00DC: 00000E04    ; jal x0, 28
0x00E0: 0FFE2292    ; lw x9, -8(x17)
0x00E4: 000300A1    ; addi x10, x0, 3
0x00E8: 00029230    ; add x3, x9, x10
0x00EC: 0FF0E202    ; sw x3, -32(x17)
0x00F0: 0FF82242    ; lw x4, -32(x17)
0x00F4: 0FF12382    ; sw x4, -8(x17)
0x00F8: 00000E04    ; jal x0, 28
0x00FC: 0FFE2272    ; lw x7, -8(x17)
0x0100: 00010061    ; addi x6, x0, 1
0x0104: 00098E50    ; sub x5, x7, x6
0x0108: 0FE163C2    ; sw x5, -36(x17)
0x010C: 0FEF2282    ; lw x8, -36(x17)
0x0110: 0FF22382    ; sw x8, -8(x17)
0x0114: 0FFF2232    ; lw x3, -4(x17)
0x0118: 000100A1    ; addi x10, x0, 1
0x011C: 00028690    ; add x9, x3, x10
0x0120: 0FE26382    ; sw x9, -40(x17)
0x0124: 0FEE2242    ; lw x4, -40(x17)
0x0128: 0FF123C2    ; sw x4, -4(x17)
0x012C: 0FF78A04    ; jal x0, -236
0x0130: 0FFE2252    ; lw x5, -8(x17)
0x0134: 00000AB0    ; add x11, x5, x0
0x0138: 00000204    ; jal x0, 4
0x013C: 00090512    ; lw x17, 4(x2)
0x0140: 00300421    ; addi x2, x2, 48
0x0144: 00600000    ; freeze

; Seccion .data
; <sin datos globales>
