; ==================================================
; Fase 6 - codigo binario generado
; ==================================================

; Encabezado MYCE
;   magic             = MYCE
;   version           = 1
;   header_size       = 44 bytes
;   entry_point       = 0x00000000
;   text_offset       = 44
;   text_size         = 480 bytes
;   data_offset       = 524
;   data_size         = 0 bytes
;   text_base         = 0x00000000
;   data_base         = 0x00000000
;   instruction_count = 120

; Seccion .text
0x0000: 00200066    ; portalv x0, x0, 24
0x0004: 0008000E    ; lwv v0, 0(v0)
0x0008: 00580000    ; sleep
0x000C: 00580000    ; sleep
0x0010: 00580000    ; sleep
0x0014: 0000000C    ; closev
0x0018: 00004021    ; addiHIGH x2, x0, 0
0x001C: 7FF00421    ; addi x2, x2, 0x7FF0
0x0020: FFB08421    ; addiSigned x2, x2, -80
0x0024: 00004402    ; sw x1, 0(x2)
0x0028: 00044442    ; sw x17, 4(x2)
0x002C: 00500511    ; addi x17, x2, 80
0x0030: 00000031    ; addi x3, x0, 0
0x0034: 0FF0E3C2    ; sw x3, -4(x17)
0x0038: 00010041    ; addi x4, x0, 1
0x003C: 0FF12382    ; sw x4, -8(x17)
0x0040: 00000051    ; addi x5, x0, 0
0x0044: 0FF16342    ; sw x5, -12(x17)
0x0048: 00000061    ; addi x6, x0, 0
0x004C: 0FF1A302    ; sw x6, -16(x17)
0x0050: 0FFC2272    ; lw x7, -16(x17)
0x0054: 00080081    ; addi x8, x0, 8
0x0058: 00000031    ; addi x3, x0, 0
0x005C: 00120E26    ; blt x7, x8, 8
0x0060: 00000404    ; jal x0, 8
0x0064: 00010031    ; addi x3, x0, 1
0x0068: 0FF0E2C2    ; sw x3, -20(x17)
0x006C: 0FFB2232    ; lw x3, -20(x17)
0x0070: 02000766    ; beq x3, x0, 344
0x0074: 0FFF2292    ; lw x9, -4(x17)
0x0078: 0FFC22A2    ; lw x10, -16(x17)
0x007C: 00029240    ; add x4, x9, x10
0x0080: 0FF12282    ; sw x4, -24(x17)
0x0084: 0FFA2242    ; lw x4, -24(x17)
0x0088: 0FF123C2    ; sw x4, -4(x17)
0x008C: 0FFE2252    ; lw x5, -8(x17)
0x0090: 00020061    ; addi x6, x0, 2
0x0094: 00498A80    ; mul x8, x5, x6
0x0098: 0FF22242    ; sw x8, -28(x17)
0x009C: 0FF92252    ; lw x5, -28(x17)
0x00A0: 0FF16382    ; sw x5, -8(x17)
0x00A4: 0FFD2272    ; lw x7, -12(x17)
0x00A8: 0FFF2232    ; lw x3, -4(x17)
0x00AC: 0000CE60    ; add x6, x7, x3
0x00B0: 0FF1A202    ; sw x6, -32(x17)
0x00B4: 0FF82262    ; lw x6, -32(x17)
0x00B8: 0FF1A342    ; sw x6, -12(x17)
0x00BC: 0FFF22A2    ; lw x10, -4(x17)
0x00C0: 0FFC2292    ; lw x9, -16(x17)
0x00C4: 00010041    ; addi x4, x0, 1
0x00C8: 00011280    ; add x8, x9, x4
0x00CC: 00021470    ; add x7, x10, x8
0x00D0: 0FE1E3C2    ; sw x7, -36(x17)
0x00D4: 0FEF2272    ; lw x7, -36(x17)
0x00D8: 0FF1E3C2    ; sw x7, -4(x17)
0x00DC: 0FFE2252    ; lw x5, -8(x17)
0x00E0: 00020031    ; addi x3, x0, 2
0x00E4: 0048CA80    ; mul x8, x5, x3
0x00E8: 0FE22382    ; sw x8, -40(x17)
0x00EC: 0FEE2282    ; lw x8, -40(x17)
0x00F0: 0FF22382    ; sw x8, -8(x17)
0x00F4: 0FFD2262    ; lw x6, -12(x17)
0x00F8: 0FFF2242    ; lw x4, -4(x17)
0x00FC: 00010C90    ; add x9, x6, x4
0x0100: 0FE26342    ; sw x9, -44(x17)
0x0104: 0FED2292    ; lw x9, -44(x17)
0x0108: 0FF26342    ; sw x9, -12(x17)
0x010C: 0FFF22A2    ; lw x10, -4(x17)
0x0110: 0FFC2272    ; lw x7, -16(x17)
0x0114: 00020031    ; addi x3, x0, 2
0x0118: 0000CE50    ; add x5, x7, x3
0x011C: 00015480    ; add x8, x10, x5
0x0120: 0FE22302    ; sw x8, -48(x17)
0x0124: 0FEC22A2    ; lw x10, -48(x17)
0x0128: 0FF2A3C2    ; sw x10, -4(x17)
0x012C: 0FFE2242    ; lw x4, -8(x17)
0x0130: 00020061    ; addi x6, x0, 2
0x0134: 00498830    ; mul x3, x4, x6
0x0138: 0FE0E2C2    ; sw x3, -52(x17)
0x013C: 0FEB2232    ; lw x3, -52(x17)
0x0140: 0FF0E382    ; sw x3, -8(x17)
0x0144: 0FFD2292    ; lw x9, -12(x17)
0x0148: 0FFF2272    ; lw x7, -4(x17)
0x014C: 0001D240    ; add x4, x9, x7
0x0150: 0FE12282    ; sw x4, -56(x17)
0x0154: 0FEA2242    ; lw x4, -56(x17)
0x0158: 0FF12342    ; sw x4, -12(x17)
0x015C: 0FFF2282    ; lw x8, -4(x17)
0x0160: 0FFC2252    ; lw x5, -16(x17)
0x0164: 000300A1    ; addi x10, x0, 3
0x0168: 00028A60    ; add x6, x5, x10
0x016C: 00019050    ; add x5, x8, x6
0x0170: 0FE16242    ; sw x5, -60(x17)
0x0174: 0FE92252    ; lw x5, -60(x17)
0x0178: 0FF163C2    ; sw x5, -4(x17)
0x017C: 0FFE2232    ; lw x3, -8(x17)
0x0180: 00020071    ; addi x7, x0, 2
0x0184: 0049C660    ; mul x6, x3, x7
0x0188: 0FE1A202    ; sw x6, -64(x17)
0x018C: 0FE82262    ; lw x6, -64(x17)
0x0190: 0FF1A382    ; sw x6, -8(x17)
0x0194: 0FFD2292    ; lw x9, -12(x17)
0x0198: 0FFF2242    ; lw x4, -4(x17)
0x019C: 00011270    ; add x7, x9, x4
0x01A0: 0FD1E3C2    ; sw x7, -68(x17)
0x01A4: 0FDF2272    ; lw x7, -68(x17)
0x01A8: 0FF1E342    ; sw x7, -12(x17)
0x01AC: 0FFC22A2    ; lw x10, -16(x17)
0x01B0: 00040081    ; addi x8, x0, 4
0x01B4: 00021450    ; add x5, x10, x8
0x01B8: 0FD16382    ; sw x5, -72(x17)
0x01BC: 0FDE2282    ; lw x8, -72(x17)
0x01C0: 0FF22302    ; sw x8, -16(x17)
0x01C4: 0FF74604    ; jal x0, -372
0x01C8: 0FFD2232    ; lw x3, -12(x17)
0x01CC: 000006B0    ; add x11, x3, x0
0x01D0: 00000204    ; jal x0, 4
0x01D4: 00090512    ; lw x17, 4(x2)
0x01D8: 00500421    ; addi x2, x2, 80
0x01DC: 00600000    ; freeze

; Seccion .data
; <sin datos globales>
