; ==================================================
; Fase 6 - codigo binario generado
; ==================================================

; Encabezado MYCE
;   magic             = MYCE
;   version           = 1
;   header_size       = 44 bytes
;   entry_point       = 0x00000000
;   text_offset       = 44
;   text_size         = 264 bytes
;   data_offset       = 308
;   data_size         = 0 bytes
;   text_base         = 0x00000000
;   data_base         = 0x00000000
;   instruction_count = 66

; Seccion .text
0x0000: 00200066    ; portalv x0, x0, 24
0x0004: 0008000E    ; lwv v0, 0(v0)
0x0008: 00580000    ; sleep
0x000C: 00580000    ; sleep
0x0010: 00580000    ; sleep
0x0014: 0000000C    ; closev
0x0018: 00004021    ; addiHIGH x2, x0, 0
0x001C: 7FF00421    ; addi x2, x2, 0x7FF0
0x0020: FFE48421    ; addiSigned x2, x2, -28
0x0024: 00004402    ; sw x1, 0(x2)
0x0028: 00044442    ; sw x17, 4(x2)
0x002C: 001C0511    ; addi x17, x2, 28
0x0030: 00020031    ; addi x3, x0, 2
0x0034: 0FF0E3C2    ; sw x3, -4(x17)
0x0038: 00030031    ; addi x3, x0, 3
0x003C: 0FF0E382    ; sw x3, -8(x17)
0x0040: 0FFF2232    ; lw x3, -4(x17)
0x0044: 0FFE2242    ; lw x4, -8(x17)
0x0048: 00010650    ; add x5, x3, x4
0x004C: 00000AB0    ; add x11, x5, x0
0x0050: 00002414    ; jal x1, 72
0x0054: 00001650    ; add x5, x11, x0
0x0058: 0FF16342    ; sw x5, -12(x17)
0x005C: 0FFF2252    ; lw x5, -4(x17)
0x0060: 00010041    ; addi x4, x0, 1
0x0064: 00010A30    ; add x3, x5, x4
0x0068: 000006B0    ; add x11, x3, x0
0x006C: 00001614    ; jal x1, 44
0x0070: 00001630    ; add x3, x11, x0
0x0074: 0FF0E302    ; sw x3, -16(x17)
0x0078: 0FFD2232    ; lw x3, -12(x17)
0x007C: 0FFC2242    ; lw x4, -16(x17)
0x0080: 00010650    ; add x5, x3, x4
0x0084: 00000AB0    ; add x11, x5, x0
0x0088: 00000204    ; jal x0, 4
0x008C: 00090512    ; lw x17, 4(x2)
0x0090: 001C0421    ; addi x2, x2, 28
0x0094: 00600000    ; freeze
0x0098: FFE88421    ; addiSigned x2, x2, -24
0x009C: 00004402    ; sw x1, 0(x2)
0x00A0: 00044442    ; sw x17, 4(x2)
0x00A4: 00180511    ; addi x17, x2, 24
0x00A8: 0FF2E3C2    ; sw x11, -4(x17)
0x00AC: 00010051    ; addi x5, x0, 1
0x00B0: 0FF16382    ; sw x5, -8(x17)
0x00B4: 00010051    ; addi x5, x0, 1
0x00B8: 0FF16342    ; sw x5, -12(x17)
0x00BC: 0FFD2252    ; lw x5, -12(x17)
0x00C0: 0FFF2242    ; lw x4, -4(x17)
0x00C4: 001148A6    ; blt x4, x5, 40
0x00C8: 0FFE2242    ; lw x4, -8(x17)
0x00CC: 0FFD2252    ; lw x5, -12(x17)
0x00D0: 00494830    ; mul x3, x4, x5
0x00D4: 0FF0E382    ; sw x3, -8(x17)
0x00D8: 0FFD2232    ; lw x3, -12(x17)
0x00DC: 00010051    ; addi x5, x0, 1
0x00E0: 00014640    ; add x4, x3, x5
0x00E4: 0FF12342    ; sw x4, -12(x17)
0x00E8: 0FF7EA04    ; jal x0, -44
0x00EC: 0FFE2242    ; lw x4, -8(x17)
0x00F0: 000008B0    ; add x11, x4, x0
0x00F4: 00000204    ; jal x0, 4
0x00F8: 00080412    ; lw x1, 0(x2)
0x00FC: 00090512    ; lw x17, 4(x2)
0x0100: 00180421    ; addi x2, x2, 24
0x0104: 00080014    ; jalr x1, 0

; Seccion .data
; <sin datos globales>
