; ==================================================
; Fase 6 - codigo binario generado
; ==================================================

; Encabezado MYCE
;   magic             = MYCE
;   version           = 1
;   header_size       = 44 bytes
;   entry_point       = 0x00000000
;   text_offset       = 44
;   text_size         = 344 bytes
;   data_offset       = 388
;   data_size         = 0 bytes
;   text_base         = 0x00000000
;   data_base         = 0x00000000
;   instruction_count = 86

; Seccion .text
0x0000: 00200066    ; portalv x0, x0, 24
0x0004: 0008000E    ; lwv v0, 0(v0)
0x0008: 00580000    ; sleep
0x000C: 00580000    ; sleep
0x0010: 00580000    ; sleep
0x0014: 0000000C    ; closev
0x0018: 00004021    ; addiHIGH x2, x0, 0
0x001C: 7FF00421    ; addi x2, x2, 0x7FF0
0x0020: FFD48421    ; addiSigned x2, x2, -44
0x0024: 00004402    ; sw x1, 0(x2)
0x0028: 00044442    ; sw x17, 4(x2)
0x002C: 002C0511    ; addi x17, x2, 44
0x0030: 00020031    ; addi x3, x0, 2
0x0034: 0FF0E3C2    ; sw x3, -4(x17)
0x0038: 00030041    ; addi x4, x0, 3
0x003C: 0FF12382    ; sw x4, -8(x17)
0x0040: 0FFF2252    ; lw x5, -4(x17)
0x0044: 0FFE2262    ; lw x6, -8(x17)
0x0048: 00018A70    ; add x7, x5, x6
0x004C: 0FF1E2C2    ; sw x7, -20(x17)
0x0050: 0FFB2282    ; lw x8, -20(x17)
0x0054: 000010B0    ; add x11, x8, x0
0x0058: 00003414    ; jal x1, 104
0x005C: 00001690    ; add x9, x11, x0
0x0060: 0FF26282    ; sw x9, -24(x17)
0x0064: 0FFA22A2    ; lw x10, -24(x17)
0x0068: 0FF2A342    ; sw x10, -12(x17)
0x006C: 0FFF2232    ; lw x3, -4(x17)
0x0070: 00010041    ; addi x4, x0, 1
0x0074: 00010670    ; add x7, x3, x4
0x0078: 0FF1E242    ; sw x7, -28(x17)
0x007C: 0FF92262    ; lw x6, -28(x17)
0x0080: 00000CB0    ; add x11, x6, x0
0x0084: 00001E14    ; jal x1, 60
0x0088: 00001650    ; add x5, x11, x0
0x008C: 0FF16202    ; sw x5, -32(x17)
0x0090: 0FF82282    ; lw x8, -32(x17)
0x0094: 0FF22302    ; sw x8, -16(x17)
0x0098: 0FFD2292    ; lw x9, -12(x17)
0x009C: 0FFC22A2    ; lw x10, -16(x17)
0x00A0: 00029270    ; add x7, x9, x10
0x00A4: 0FE1E3C2    ; sw x7, -36(x17)
0x00A8: 0FEF2242    ; lw x4, -36(x17)
0x00AC: 000008B0    ; add x11, x4, x0
0x00B0: 00000204    ; jal x0, 4
0x00B4: 00090512    ; lw x17, 4(x2)
0x00B8: 002C0421    ; addi x2, x2, 44
0x00BC: 00600000    ; freeze
0x00C0: FFE08421    ; addiSigned x2, x2, -32
0x00C4: 00004402    ; sw x1, 0(x2)
0x00C8: 00044442    ; sw x17, 4(x2)
0x00CC: 00200511    ; addi x17, x2, 32
0x00D0: 0FF2E3C2    ; sw x11, -4(x17)
0x00D4: 00010031    ; addi x3, x0, 1
0x00D8: 0FF0E382    ; sw x3, -8(x17)
0x00DC: 00010061    ; addi x6, x0, 1
0x00E0: 0FF1A342    ; sw x6, -12(x17)
0x00E4: 0FFD2252    ; lw x5, -12(x17)
0x00E8: 0FFF2282    ; lw x8, -4(x17)
0x00EC: 00000071    ; addi x7, x0, 0
0x00F0: 00195026    ; bge x8, x5, 8
0x00F4: 00000404    ; jal x0, 8
0x00F8: 00010071    ; addi x7, x0, 1
0x00FC: 0FF1E302    ; sw x7, -16(x17)
0x0100: 0FFC22A2    ; lw x10, -16(x17)
0x0104: 000014E6    ; beq x10, x0, 56
0x0108: 0FFE2292    ; lw x9, -8(x17)
0x010C: 0FFD2242    ; lw x4, -12(x17)
0x0110: 00491230    ; mul x3, x9, x4
0x0114: 0FF0E2C2    ; sw x3, -20(x17)
0x0118: 0FFB2262    ; lw x6, -20(x17)
0x011C: 0FF1A382    ; sw x6, -8(x17)
0x0120: 0FFD2272    ; lw x7, -12(x17)
0x0124: 00010081    ; addi x8, x0, 1
0x0128: 00020E50    ; add x5, x7, x8
0x012C: 0FF16282    ; sw x5, -24(x17)
0x0130: 0FFA22A2    ; lw x10, -24(x17)
0x0134: 0FF2A342    ; sw x10, -12(x17)
0x0138: 0FF7D604    ; jal x0, -84
0x013C: 0FFE2232    ; lw x3, -8(x17)
0x0140: 000006B0    ; add x11, x3, x0
0x0144: 00000204    ; jal x0, 4
0x0148: 00080412    ; lw x1, 0(x2)
0x014C: 00090512    ; lw x17, 4(x2)
0x0150: 00200421    ; addi x2, x2, 32
0x0154: 00080014    ; jalr x1, 0

; Seccion .data
; <sin datos globales>
