; ==================================================
; Fase 6 - codigo binario generado
; ==================================================

; Encabezado MYCE
;   magic             = MYCE
;   version           = 1
;   header_size       = 44 bytes
;   entry_point       = 0x00000000
;   text_offset       = 44
;   text_size         = 608 bytes
;   data_offset       = 652
;   data_size         = 0 bytes
;   text_base         = 0x00000000
;   data_base         = 0x00000000
;   instruction_count = 152

; Seccion .text
0x0000: 00200066    ; portalv x0, x0, 24
0x0004: 0008000E    ; lwv v0, 0(v0)
0x0008: 00580000    ; sleep
0x000C: 00580000    ; sleep
0x0010: 00580000    ; sleep
0x0014: 0000000C    ; closev
0x0018: 00004021    ; addiHIGH x2, x0, 0
0x001C: 7FF00421    ; addi x2, x2, 0x7FF0
0x0020: FFD08421    ; addiSigned x2, x2, -48
0x0024: 00004402    ; sw x1, 0(x2)
0x0028: 00044442    ; sw x17, 4(x2)
0x002C: 00300511    ; addi x17, x2, 48
0x0030: 00010041    ; addi x4, x0, 1
0x0034: 0FE123C2    ; sw x4, -36(x17)
0x0038: 00020051    ; addi x5, x0, 2
0x003C: 0FF16202    ; sw x5, -32(x17)
0x0040: 00030061    ; addi x6, x0, 3
0x0044: 0FF1A242    ; sw x6, -28(x17)
0x0048: 00040071    ; addi x7, x0, 4
0x004C: 0FF1E282    ; sw x7, -24(x17)
0x0050: 00050081    ; addi x8, x0, 5
0x0054: 0FF222C2    ; sw x8, -20(x17)
0x0058: 00060091    ; addi x9, x0, 6
0x005C: 0FF26302    ; sw x9, -16(x17)
0x0060: 000700A1    ; addi x10, x0, 7
0x0064: 0FF2A342    ; sw x10, -12(x17)
0x0068: 00080041    ; addi x4, x0, 8
0x006C: 0FF12382    ; sw x4, -8(x17)
0x0070: 00090051    ; addi x5, x0, 9
0x0074: 0FF163C2    ; sw x5, -4(x17)
0x0078: FFDCA261    ; addiSigned x6, x17, -36
0x007C: 00000CB0    ; add x11, x6, x0
0x0080: 00001014    ; jal x1, 32
0x0084: 00001670    ; add x7, x11, x0
0x0088: 00000E30    ; add x3, x7, x0
0x008C: 000006B0    ; add x11, x3, x0
0x0090: 00000204    ; jal x0, 4
0x0094: 00090512    ; lw x17, 4(x2)
0x0098: 00300421    ; addi x2, x2, 48
0x009C: 00600000    ; freeze
0x00A0: FF948421    ; addiSigned x2, x2, -108
0x00A4: 00004402    ; sw x1, 0(x2)
0x00A8: 00044442    ; sw x17, 4(x2)
0x00AC: 006C0511    ; addi x17, x2, 108
0x00B0: 0FF2E3C2    ; sw x11, -4(x17)
0x00B4: 00000051    ; addi x5, x0, 0
0x00B8: 00000A30    ; add x3, x5, x0
0x00BC: 00000061    ; addi x6, x0, 0
0x00C0: 0FF1A342    ; sw x6, -12(x17)
0x00C4: 0FFD2272    ; lw x7, -12(x17)
0x00C8: 00030081    ; addi x8, x0, 3
0x00CC: 00000091    ; addi x9, x0, 0
0x00D0: 00120E26    ; blt x7, x8, 8
0x00D4: 00000404    ; jal x0, 8
0x00D8: 00010091    ; addi x9, x0, 1
0x00DC: 0FF262C2    ; sw x9, -20(x17)
0x00E0: 0FFB22A2    ; lw x10, -20(x17)
0x00E4: 02001596    ; beq x10, x0, 356
0x00E8: 00000051    ; addi x5, x0, 0
0x00EC: 00000A40    ; add x4, x5, x0
0x00F0: 00020061    ; addi x6, x0, 2
0x00F4: 00000091    ; addi x9, x0, 0
0x00F8: 00118826    ; blt x4, x6, 8
0x00FC: 00000404    ; jal x0, 8
0x0100: 00010091    ; addi x9, x0, 1
0x0104: 0FF26282    ; sw x9, -24(x17)
0x0108: 0FFA2282    ; lw x8, -24(x17)
0x010C: 01001116    ; beq x8, x0, 196
0x0110: 0FFD2272    ; lw x7, -12(x17)
0x0114: 000300A1    ; addi x10, x0, 3
0x0118: 004A8E50    ; mul x5, x7, x10
0x011C: 0FF16242    ; sw x5, -28(x17)
0x0120: 0FF92252    ; lw x5, -28(x17)
0x0124: 00010A60    ; add x6, x5, x4
0x0128: 0FF1A202    ; sw x6, -32(x17)
0x012C: 0FEF2292    ; lw x9, -36(x17)
0x0130: 00025280    ; add x8, x9, x9
0x0134: 00021080    ; add x8, x8, x8
0x0138: 0FFF22A2    ; lw x10, -4(x17)
0x013C: 000214A0    ; add x10, x10, x8
0x0140: 00081472    ; lw x7, 0(x10)
0x0144: 0FE1E382    ; sw x7, -40(x17)
0x0148: 0FEE2272    ; lw x7, -40(x17)
0x014C: 00020061    ; addi x6, x0, 2
0x0150: 00498E80    ; mul x8, x7, x6
0x0154: 0FE22342    ; sw x8, -44(x17)
0x0158: 0FED2282    ; lw x8, -44(x17)
0x015C: 00020650    ; add x5, x3, x8
0x0160: 00000A30    ; add x3, x5, x0
0x0164: 0FFD2292    ; lw x9, -12(x17)
0x0168: 000300A1    ; addi x10, x0, 3
0x016C: 004A9260    ; mul x6, x9, x10
0x0170: 0FE1A2C2    ; sw x6, -52(x17)
0x0174: 0FEB22A2    ; lw x10, -52(x17)
0x0178: 00010071    ; addi x7, x0, 1
0x017C: 0001C850    ; add x5, x4, x7
0x0180: 00015480    ; add x8, x10, x5
0x0184: 0FE22282    ; sw x8, -56(x17)
0x0188: 0FEF2262    ; lw x6, -36(x17)
0x018C: 00018C90    ; add x9, x6, x6
0x0190: 00025290    ; add x9, x9, x9
0x0194: 0FFF2272    ; lw x7, -4(x17)
0x0198: 00024E70    ; add x7, x7, x9
0x019C: 00080E82    ; lw x8, 0(x7)
0x01A0: 0FE22242    ; sw x8, -60(x17)
0x01A4: 0FE92252    ; lw x5, -60(x17)
0x01A8: 000200A1    ; addi x10, x0, 2
0x01AC: 004A8A90    ; mul x9, x5, x10
0x01B0: 0FE26202    ; sw x9, -64(x17)
0x01B4: 0FE82252    ; lw x5, -64(x17)
0x01B8: 00014660    ; add x6, x3, x5
0x01BC: 00000C30    ; add x3, x6, x0
0x01C0: 00020071    ; addi x7, x0, 2
0x01C4: 0001C880    ; add x8, x4, x7
0x01C8: 00001040    ; add x4, x8, x0
0x01CC: 0FF79204    ; jal x0, -220
0x01D0: 0FFD2292    ; lw x9, -12(x17)
0x01D4: 000300A1    ; addi x10, x0, 3
0x01D8: 004A9280    ; mul x8, x9, x10
0x01DC: 0FD22342    ; sw x8, -76(x17)
0x01E0: 0FDD2282    ; lw x8, -76(x17)
0x01E4: 00020061    ; addi x6, x0, 2
0x01E8: 00019090    ; add x9, x8, x6
0x01EC: 0FD26302    ; sw x9, -80(x17)
0x01F0: 0FEF2252    ; lw x5, -36(x17)
0x01F4: 00014A70    ; add x7, x5, x5
0x01F8: 0001CE70    ; add x7, x7, x7
0x01FC: 0FFF22A2    ; lw x10, -4(x17)
0x0200: 0001D4A0    ; add x10, x10, x7
0x0204: 00081492    ; lw x9, 0(x10)
0x0208: 0FD262C2    ; sw x9, -84(x17)
0x020C: 0FDB22A2    ; lw x10, -84(x17)
0x0210: 00020061    ; addi x6, x0, 2
0x0214: 00499480    ; mul x8, x10, x6
0x0218: 0FD22282    ; sw x8, -88(x17)
0x021C: 0FDA2272    ; lw x7, -88(x17)
0x0220: 0001C650    ; add x5, x3, x7
0x0224: 00000A30    ; add x3, x5, x0
0x0228: 00010091    ; addi x9, x0, 1
0x022C: 00024880    ; add x8, x4, x9
0x0230: 00001040    ; add x4, x8, x0
0x0234: 0FFD2262    ; lw x6, -12(x17)
0x0238: 000100A1    ; addi x10, x0, 1
0x023C: 00028C50    ; add x5, x6, x10
0x0240: 0FF16342    ; sw x5, -12(x17)
0x0244: 0FF74004    ; jal x0, -384
0x0248: 000006B0    ; add x11, x3, x0
0x024C: 00000204    ; jal x0, 4
0x0250: 00080412    ; lw x1, 0(x2)
0x0254: 00090512    ; lw x17, 4(x2)
0x0258: 006C0421    ; addi x2, x2, 108
0x025C: 00080014    ; jalr x1, 0

; Seccion .data
; <sin datos globales>
