; ==================================================
; Fase 6 - codigo binario generado
; ==================================================

; Encabezado MYCE
;   magic             = MYCE
;   version           = 1
;   header_size       = 44 bytes
;   entry_point       = 0x00000000
;   text_offset       = 44
;   text_size         = 508 bytes
;   data_offset       = 552
;   data_size         = 0 bytes
;   text_base         = 0x00000000
;   data_base         = 0x00000000
;   instruction_count = 127

; Seccion .text
0x0000: 00200066    ; portalv x0, x0, 24
0x0004: 0008000E    ; lwv v0, 0(v0)
0x0008: 00580000    ; sleep
0x000C: 00580000    ; sleep
0x0010: 00580000    ; sleep
0x0014: 0000000C    ; closev
0x0018: 00004021    ; addiHIGH x2, x0, 0
0x001C: 7FF00421    ; addi x2, x2, 0x7FF0
0x0020: FFD08421    ; addiSigned x2, x2, -48
0x0024: 00004402    ; sw x1, 0(x2)
0x0028: 00044442    ; sw x17, 4(x2)
0x002C: 00300511    ; addi x17, x2, 48
0x0030: 00010041    ; addi x4, x0, 1
0x0034: 0FE123C2    ; sw x4, -36(x17)
0x0038: 00020051    ; addi x5, x0, 2
0x003C: 0FF16202    ; sw x5, -32(x17)
0x0040: 00030061    ; addi x6, x0, 3
0x0044: 0FF1A242    ; sw x6, -28(x17)
0x0048: 00040071    ; addi x7, x0, 4
0x004C: 0FF1E282    ; sw x7, -24(x17)
0x0050: 00050081    ; addi x8, x0, 5
0x0054: 0FF222C2    ; sw x8, -20(x17)
0x0058: 00060091    ; addi x9, x0, 6
0x005C: 0FF26302    ; sw x9, -16(x17)
0x0060: 000700A1    ; addi x10, x0, 7
0x0064: 0FF2A342    ; sw x10, -12(x17)
0x0068: 00080041    ; addi x4, x0, 8
0x006C: 0FF12382    ; sw x4, -8(x17)
0x0070: 00090051    ; addi x5, x0, 9
0x0074: 0FF163C2    ; sw x5, -4(x17)
0x0078: FFDCA261    ; addiSigned x6, x17, -36
0x007C: 00000CB0    ; add x11, x6, x0
0x0080: 00001014    ; jal x1, 32
0x0084: 00001680    ; add x8, x11, x0
0x0088: 00001030    ; add x3, x8, x0
0x008C: 000006B0    ; add x11, x3, x0
0x0090: 00000204    ; jal x0, 4
0x0094: 00090512    ; lw x17, 4(x2)
0x0098: 00300421    ; addi x2, x2, 48
0x009C: 00600000    ; freeze
0x00A0: FFB08421    ; addiSigned x2, x2, -80
0x00A4: 00004402    ; sw x1, 0(x2)
0x00A8: 00044442    ; sw x17, 4(x2)
0x00AC: 00500511    ; addi x17, x2, 80
0x00B0: 0FF2E3C2    ; sw x11, -4(x17)
0x00B4: 00000051    ; addi x5, x0, 0
0x00B8: 00000A30    ; add x3, x5, x0
0x00BC: 00000061    ; addi x6, x0, 0
0x00C0: 00000C40    ; add x4, x6, x0
0x00C4: 00030071    ; addi x7, x0, 3
0x00C8: 00000081    ; addi x8, x0, 0
0x00CC: 0011C826    ; blt x4, x7, 8
0x00D0: 00000404    ; jal x0, 8
0x00D4: 00010081    ; addi x8, x0, 1
0x00D8: 0FF222C2    ; sw x8, -20(x17)
0x00DC: 0FFB2292    ; lw x9, -20(x17)
0x00E0: 02001216    ; beq x9, x0, 260
0x00E4: 000000A1    ; addi x10, x0, 0
0x00E8: 0FF2A302    ; sw x10, -16(x17)
0x00EC: 0FFC2252    ; lw x5, -16(x17)
0x00F0: 00020061    ; addi x6, x0, 2
0x00F4: 00000081    ; addi x8, x0, 0
0x00F8: 00118A26    ; blt x5, x6, 8
0x00FC: 00000404    ; jal x0, 8
0x0100: 00010081    ; addi x8, x0, 1
0x0104: 0FF22282    ; sw x8, -24(x17)
0x0108: 0FFA2272    ; lw x7, -24(x17)
0x010C: 01000E26    ; beq x7, x0, 136
0x0110: 0FF92292    ; lw x9, -28(x17)
0x0114: 000252A0    ; add x10, x9, x9
0x0118: 000294A0    ; add x10, x10, x10
0x011C: 0FFF2282    ; lw x8, -4(x17)
0x0120: 00029080    ; add x8, x8, x10
0x0124: 00081062    ; lw x6, 0(x8)
0x0128: 0FF1A202    ; sw x6, -32(x17)
0x012C: 0FF92252    ; lw x5, -28(x17)
0x0130: 00014A70    ; add x7, x5, x5
0x0134: 0001CE70    ; add x7, x7, x7
0x0138: 0FFF22A2    ; lw x10, -4(x17)
0x013C: 0001D4A0    ; add x10, x10, x7
0x0140: 00081492    ; lw x9, 0(x10)
0x0144: 0FE263C2    ; sw x9, -36(x17)
0x0148: 0FF82252    ; lw x5, -32(x17)
0x014C: 00020081    ; addi x8, x0, 2
0x0150: 004A0A60    ; mul x6, x5, x8
0x0154: 0FE1A382    ; sw x6, -40(x17)
0x0158: 0FEE2262    ; lw x6, -40(x17)
0x015C: 00018670    ; add x7, x3, x6
0x0160: 00000E30    ; add x3, x7, x0
0x0164: 0FEF2282    ; lw x8, -36(x17)
0x0168: 000200A1    ; addi x10, x0, 2
0x016C: 004A9090    ; mul x9, x8, x10
0x0170: 0FE26302    ; sw x9, -48(x17)
0x0174: 0FEC2292    ; lw x9, -48(x17)
0x0178: 00024650    ; add x5, x3, x9
0x017C: 00000A30    ; add x3, x5, x0
0x0180: 0FFC2272    ; lw x7, -16(x17)
0x0184: 00020061    ; addi x6, x0, 2
0x0188: 00018EA0    ; add x10, x7, x6
0x018C: 0FF2A302    ; sw x10, -16(x17)
0x0190: 0FF7AE04    ; jal x0, -164
0x0194: 0FF92282    ; lw x8, -28(x17)
0x0198: 00021050    ; add x5, x8, x8
0x019C: 00014A50    ; add x5, x5, x5
0x01A0: 0FFF2292    ; lw x9, -4(x17)
0x01A4: 00015290    ; add x9, x9, x5
0x01A8: 000812A2    ; lw x10, 0(x9)
0x01AC: 0FE2A242    ; sw x10, -60(x17)
0x01B0: 00010061    ; addi x6, x0, 1
0x01B4: 00018870    ; add x7, x4, x6
0x01B8: 0FE1E202    ; sw x7, -64(x17)
0x01BC: 0FE92252    ; lw x5, -60(x17)
0x01C0: 00020081    ; addi x8, x0, 2
0x01C4: 004A0A90    ; mul x9, x5, x8
0x01C8: 0FD263C2    ; sw x9, -68(x17)
0x01CC: 0FDF2252    ; lw x5, -68(x17)
0x01D0: 000146A0    ; add x10, x3, x5
0x01D4: 00001430    ; add x3, x10, x0
0x01D8: 0FE82272    ; lw x7, -64(x17)
0x01DC: 00000E40    ; add x4, x7, x0
0x01E0: 0FF77204    ; jal x0, -284
0x01E4: 000006B0    ; add x11, x3, x0
0x01E8: 00000204    ; jal x0, 4
0x01EC: 00080412    ; lw x1, 0(x2)
0x01F0: 00090512    ; lw x17, 4(x2)
0x01F4: 00500421    ; addi x2, x2, 80
0x01F8: 00080014    ; jalr x1, 0

; Seccion .data
; <sin datos globales>
