; ==================================================
; Fase 6 - codigo binario generado
; ==================================================

; Encabezado MYCE
;   magic             = MYCE
;   version           = 1
;   header_size       = 44 bytes
;   entry_point       = 0x00000000
;   text_offset       = 44
;   text_size         = 284 bytes
;   data_offset       = 328
;   data_size         = 0 bytes
;   text_base         = 0x00000000
;   data_base         = 0x00000000
;   instruction_count = 71

; Seccion .text
0x0000: 00200066    ; portalv x0, x0, 24
0x0004: 0008000E    ; lwv v0, 0(v0)
0x0008: 00580000    ; sleep
0x000C: 00580000    ; sleep
0x0010: 00580000    ; sleep
0x0014: 0000000C    ; closev
0x0018: 00004021    ; addiHIGH x2, x0, 0
0x001C: 7FF00421    ; addi x2, x2, 0x7FF0
0x0020: FFB08421    ; addiSigned x2, x2, -80
0x0024: 00004402    ; sw x1, 0(x2)
0x0028: 00044442    ; sw x17, 4(x2)
0x002C: 00500511    ; addi x17, x2, 80
0x0030: 00000071    ; addi x7, x0, 0
0x0034: 00000E60    ; add x6, x7, x0
0x0038: 00000081    ; addi x8, x0, 0
0x003C: 00001030    ; add x3, x8, x0
0x0040: 00010091    ; addi x9, x0, 1
0x0044: 00001250    ; add x5, x9, x0
0x0048: 000000A1    ; addi x10, x0, 0
0x004C: 00001440    ; add x4, x10, x0
0x0050: 00080071    ; addi x7, x0, 8
0x0054: 00000081    ; addi x8, x0, 0
0x0058: 0011CC26    ; blt x6, x7, 8
0x005C: 00000404    ; jal x0, 8
0x0060: 00010081    ; addi x8, x0, 1
0x0064: 0FF222C2    ; sw x8, -20(x17)
0x0068: 0FFB2292    ; lw x9, -20(x17)
0x006C: 01001276    ; beq x9, x0, 156
0x0070: 000186A0    ; add x10, x3, x6
0x0074: 00001430    ; add x3, x10, x0
0x0078: 00020081    ; addi x8, x0, 2
0x007C: 004A0A70    ; mul x7, x5, x8
0x0080: 00000E50    ; add x5, x7, x0
0x0084: 0000C890    ; add x9, x4, x3
0x0088: 00001240    ; add x4, x9, x0
0x008C: 000100A1    ; addi x10, x0, 1
0x0090: 00028C70    ; add x7, x6, x10
0x0094: 0001C680    ; add x8, x3, x7
0x0098: 00001030    ; add x3, x8, x0
0x009C: 00020091    ; addi x9, x0, 2
0x00A0: 004A4AA0    ; mul x10, x5, x9
0x00A4: 00001450    ; add x5, x10, x0
0x00A8: 0000C880    ; add x8, x4, x3
0x00AC: 00001040    ; add x4, x8, x0
0x00B0: 00020071    ; addi x7, x0, 2
0x00B4: 0001CCA0    ; add x10, x6, x7
0x00B8: 00028690    ; add x9, x3, x10
0x00BC: 00001230    ; add x3, x9, x0
0x00C0: 00020081    ; addi x8, x0, 2
0x00C4: 004A0A70    ; mul x7, x5, x8
0x00C8: 00000E50    ; add x5, x7, x0
0x00CC: 0000C890    ; add x9, x4, x3
0x00D0: 00001240    ; add x4, x9, x0
0x00D4: 000300A1    ; addi x10, x0, 3
0x00D8: 00028C70    ; add x7, x6, x10
0x00DC: 0001C680    ; add x8, x3, x7
0x00E0: 00001030    ; add x3, x8, x0
0x00E4: 00020091    ; addi x9, x0, 2
0x00E8: 004A4AA0    ; mul x10, x5, x9
0x00EC: 00001450    ; add x5, x10, x0
0x00F0: 0000C880    ; add x8, x4, x3
0x00F4: 00001040    ; add x4, x8, x0
0x00F8: 00040071    ; addi x7, x0, 4
0x00FC: 0001CCA0    ; add x10, x6, x7
0x0100: 00001460    ; add x6, x10, x0
0x0104: 0FF7A604    ; jal x0, -180
0x0108: 000008B0    ; add x11, x4, x0
0x010C: 00000204    ; jal x0, 4
0x0110: 00090512    ; lw x17, 4(x2)
0x0114: 00500421    ; addi x2, x2, 80
0x0118: 00600000    ; freeze

; Seccion .data
; <sin datos globales>
