; ==================================================
; Fase 6 - codigo binario generado
; ==================================================

; Encabezado MYCE
;   magic             = MYCE
;   version           = 1
;   header_size       = 44 bytes
;   entry_point       = 0x00000000
;   text_offset       = 44
;   text_size         = 648 bytes
;   data_offset       = 692
;   data_size         = 0 bytes
;   text_base         = 0x00000000
;   data_base         = 0x00000000
;   instruction_count = 162

; Seccion .text
0x0000: 00200066    ; portalv x0, x0, 24
0x0004: 0008000E    ; lwv v0, 0(v0)
0x0008: 00580000    ; sleep
0x000C: 00580000    ; sleep
0x0010: 00580000    ; sleep
0x0014: 0000000C    ; closev
0x0018: 00004021    ; addiHIGH x2, x0, 0
0x001C: 7FF00421    ; addi x2, x2, 0x7FF0
0x0020: FF748421    ; addiSigned x2, x2, -140
0x0024: 00004402    ; sw x1, 0(x2)
0x0028: 00044442    ; sw x17, 4(x2)
0x002C: 008C0511    ; addi x17, x2, 140
0x0030: 00010041    ; addi x4, x0, 1
0x0034: 0FC12202    ; sw x4, -128(x17)
0x0038: 00020051    ; addi x5, x0, 2
0x003C: 0FC16242    ; sw x5, -124(x17)
0x0040: 00030061    ; addi x6, x0, 3
0x0044: 0FC1A282    ; sw x6, -120(x17)
0x0048: 00040071    ; addi x7, x0, 4
0x004C: 0FC1E2C2    ; sw x7, -116(x17)
0x0050: 00050081    ; addi x8, x0, 5
0x0054: 0FC22302    ; sw x8, -112(x17)
0x0058: 00060091    ; addi x9, x0, 6
0x005C: 0FC26342    ; sw x9, -108(x17)
0x0060: 000700A1    ; addi x10, x0, 7
0x0064: 0FC2A382    ; sw x10, -104(x17)
0x0068: 00080041    ; addi x4, x0, 8
0x006C: 0FC123C2    ; sw x4, -100(x17)
0x0070: 00090051    ; addi x5, x0, 9
0x0074: 0FD16202    ; sw x5, -96(x17)
0x0078: 000A0061    ; addi x6, x0, 10
0x007C: 0FD1A242    ; sw x6, -92(x17)
0x0080: 000B0071    ; addi x7, x0, 11
0x0084: 0FD1E282    ; sw x7, -88(x17)
0x0088: 000C0081    ; addi x8, x0, 12
0x008C: 0FD222C2    ; sw x8, -84(x17)
0x0090: 000D0091    ; addi x9, x0, 13
0x0094: 0FD26302    ; sw x9, -80(x17)
0x0098: 000E00A1    ; addi x10, x0, 14
0x009C: 0FD2A342    ; sw x10, -76(x17)
0x00A0: 000F0041    ; addi x4, x0, 15
0x00A4: 0FD12382    ; sw x4, -72(x17)
0x00A8: 00100051    ; addi x5, x0, 16
0x00AC: 0FD163C2    ; sw x5, -68(x17)
0x00B0: 00110061    ; addi x6, x0, 17
0x00B4: 0FE1A202    ; sw x6, -64(x17)
0x00B8: 00120071    ; addi x7, x0, 18
0x00BC: 0FE1E242    ; sw x7, -60(x17)
0x00C0: 00130081    ; addi x8, x0, 19
0x00C4: 0FE22282    ; sw x8, -56(x17)
0x00C8: 00140091    ; addi x9, x0, 20
0x00CC: 0FE262C2    ; sw x9, -52(x17)
0x00D0: 001500A1    ; addi x10, x0, 21
0x00D4: 0FE2A302    ; sw x10, -48(x17)
0x00D8: 00160041    ; addi x4, x0, 22
0x00DC: 0FE12342    ; sw x4, -44(x17)
0x00E0: 00170051    ; addi x5, x0, 23
0x00E4: 0FE16382    ; sw x5, -40(x17)
0x00E8: 00180061    ; addi x6, x0, 24
0x00EC: 0FE1A3C2    ; sw x6, -36(x17)
0x00F0: 00190071    ; addi x7, x0, 25
0x00F4: 0FF1E202    ; sw x7, -32(x17)
0x00F8: 001A0081    ; addi x8, x0, 26
0x00FC: 0FF22242    ; sw x8, -28(x17)
0x0100: 001B0091    ; addi x9, x0, 27
0x0104: 0FF26282    ; sw x9, -24(x17)
0x0108: 001C00A1    ; addi x10, x0, 28
0x010C: 0FF2A2C2    ; sw x10, -20(x17)
0x0110: 001D0041    ; addi x4, x0, 29
0x0114: 0FF12302    ; sw x4, -16(x17)
0x0118: 001E0051    ; addi x5, x0, 30
0x011C: 0FF16342    ; sw x5, -12(x17)
0x0120: 001F0061    ; addi x6, x0, 31
0x0124: 0FF1A382    ; sw x6, -8(x17)
0x0128: 00200071    ; addi x7, x0, 32
0x012C: 0FF1E3C2    ; sw x7, -4(x17)
0x0130: FF80A281    ; addiSigned x8, x17, -128
0x0134: 000010B0    ; add x11, x8, x0
0x0138: 00001014    ; jal x1, 32
0x013C: 00001690    ; add x9, x11, x0
0x0140: 00001230    ; add x3, x9, x0
0x0144: 000006B0    ; add x11, x3, x0
0x0148: 00000204    ; jal x0, 4
0x014C: 00090512    ; lw x17, 4(x2)
0x0150: 008C0421    ; addi x2, x2, 140
0x0154: 00600000    ; freeze
0x0158: FF9C8421    ; addiSigned x2, x2, -100
0x015C: 00004402    ; sw x1, 0(x2)
0x0160: 00044442    ; sw x17, 4(x2)
0x0164: 00050482    ; sw x20, 8(x2)
0x0168: 000544C2    ; sw x21, 12(x2)
0x016C: 00058502    ; sw x22, 16(x2)
0x0170: 0005C542    ; sw x23, 20(x2)
0x0174: 00060582    ; sw x24, 24(x2)
0x0178: 000645C2    ; sw x25, 28(x2)
0x017C: 00168402    ; sw x26, 32(x2)
0x0180: 0016C442    ; sw x27, 36(x2)
0x0184: 00170482    ; sw x28, 40(x2)
0x0188: 001744C2    ; sw x29, 44(x2)
0x018C: 00640511    ; addi x17, x2, 100
0x0190: 0FF2E3C2    ; sw x11, -4(x17)
0x0194: 00000051    ; addi x5, x0, 0
0x0198: 00000B40    ; add x20, x5, x0
0x019C: 00000061    ; addi x6, x0, 0
0x01A0: 00000C30    ; add x3, x6, x0
0x01A4: 00040071    ; addi x7, x0, 4
0x01A8: 00000081    ; addi x8, x0, 0
0x01AC: 0011C626    ; blt x3, x7, 8
0x01B0: 00000404    ; jal x0, 8
0x01B4: 00010081    ; addi x8, x0, 1
0x01B8: 00001170    ; add x23, x8, x0
0x01BC: 01002E36    ; beq x23, x0, 140
0x01C0: 00000091    ; addi x9, x0, 0
0x01C4: 00001240    ; add x4, x9, x0
0x01C8: 000800A1    ; addi x10, x0, 8
0x01CC: 00000051    ; addi x5, x0, 0
0x01D0: 00128826    ; blt x4, x10, 8
0x01D4: 00000404    ; jal x0, 8
0x01D8: 00010051    ; addi x5, x0, 1
0x01DC: 00000B80    ; add x24, x5, x0
0x01E0: 00003166    ; beq x24, x0, 88
0x01E4: 00080061    ; addi x6, x0, 8
0x01E8: 00498680    ; mul x8, x3, x6
0x01EC: 00001190    ; add x25, x8, x0
0x01F0: 00013270    ; add x7, x25, x4
0x01F4: 00000FA0    ; add x26, x7, x0
0x01F8: 0006B490    ; add x9, x26, x26
0x01FC: 00025290    ; add x9, x9, x9
0x0200: 0FFF2252    ; lw x5, -4(x17)
0x0204: 00024A50    ; add x5, x5, x9
0x0208: 00080AA2    ; lw x10, 0(x5)
0x020C: 00001560    ; add x22, x10, x0
0x0210: 00010081    ; addi x8, x0, 1
0x0214: 00020860    ; add x6, x4, x8
0x0218: 00000D50    ; add x21, x6, x0
0x021C: 00020071    ; addi x7, x0, 2
0x0220: 0049EC90    ; mul x9, x22, x7
0x0224: 000013B0    ; add x27, x9, x0
0x0228: 0006E850    ; add x5, x20, x27
0x022C: 00000B40    ; add x20, x5, x0
0x0230: 00002A40    ; add x4, x21, x0
0x0234: 0FF7CA04    ; jal x0, -108
0x0238: 000100A1    ; addi x10, x0, 1
0x023C: 00028660    ; add x6, x3, x10
0x0240: 00000C30    ; add x3, x6, x0
0x0244: 0FF7B004    ; jal x0, -160
0x0248: 000028B0    ; add x11, x20, x0
0x024C: 00000204    ; jal x0, 4
0x0250: 000A0542    ; lw x20, 8(x2)
0x0254: 000B0552    ; lw x21, 12(x2)
0x0258: 000C0562    ; lw x22, 16(x2)
0x025C: 000D0572    ; lw x23, 20(x2)
0x0260: 000E0582    ; lw x24, 24(x2)
0x0264: 000F0592    ; lw x25, 28(x2)
0x0268: 001805A2    ; lw x26, 32(x2)
0x026C: 001905B2    ; lw x27, 36(x2)
0x0270: 001A05C2    ; lw x28, 40(x2)
0x0274: 001B05D2    ; lw x29, 44(x2)
0x0278: 00080412    ; lw x1, 0(x2)
0x027C: 00090512    ; lw x17, 4(x2)
0x0280: 00640421    ; addi x2, x2, 100
0x0284: 00080014    ; jalr x1, 0

; Seccion .data
; <sin datos globales>
