; ==================================================
; Fase 6 - codigo binario generado
; ==================================================

; Encabezado MYCE
;   magic             = MYCE
;   version           = 1
;   header_size       = 44 bytes
;   entry_point       = 0x00000000
;   text_offset       = 44
;   text_size         = 240 bytes
;   data_offset       = 284
;   data_size         = 0 bytes
;   text_base         = 0x00000000
;   data_base         = 0x00000000
;   instruction_count = 60

; Seccion .text
0x0000: 00200066    ; portalv x0, x0, 24
0x0004: 0008000E    ; lwv v0, 0(v0)
0x0008: 00580000    ; sleep
0x000C: 00580000    ; sleep
0x0010: 00580000    ; sleep
0x0014: 0000000C    ; closev
0x0018: 00004021    ; addiHIGH x2, x0, 0
0x001C: 7FF00421    ; addi x2, x2, 0x7FF0
0x0020: FFD48421    ; addiSigned x2, x2, -44
0x0024: 00004402    ; sw x1, 0(x2)
0x0028: 00044442    ; sw x17, 4(x2)
0x002C: 002C0511    ; addi x17, x2, 44
0x0030: 00000031    ; addi x3, x0, 0
0x0034: 0FF0E3C2    ; sw x3, -4(x17)
0x0038: 00000041    ; addi x4, x0, 0
0x003C: 0FF12382    ; sw x4, -8(x17)
0x0040: 00010051    ; addi x5, x0, 1
0x0044: 0FF16342    ; sw x5, -12(x17)
0x0048: 00000061    ; addi x6, x0, 0
0x004C: 0FF1A302    ; sw x6, -16(x17)
0x0050: 0FFF2272    ; lw x7, -4(x17)
0x0054: 00080081    ; addi x8, x0, 8
0x0058: 00000091    ; addi x9, x0, 0
0x005C: 00120E26    ; blt x7, x8, 8
0x0060: 00000404    ; jal x0, 8
0x0064: 00010091    ; addi x9, x0, 1
0x0068: 0FF262C2    ; sw x9, -20(x17)
0x006C: 0FFB22A2    ; lw x10, -20(x17)
0x0070: 000015A6    ; beq x10, x0, 104
0x0074: 0FFE2232    ; lw x3, -8(x17)
0x0078: 0FFF2242    ; lw x4, -4(x17)
0x007C: 00010650    ; add x5, x3, x4
0x0080: 0FF16282    ; sw x5, -24(x17)
0x0084: 0FFA2262    ; lw x6, -24(x17)
0x0088: 0FF1A382    ; sw x6, -8(x17)
0x008C: 0FFD2292    ; lw x9, -12(x17)
0x0090: 00020081    ; addi x8, x0, 2
0x0094: 004A1270    ; mul x7, x9, x8
0x0098: 0FF1E242    ; sw x7, -28(x17)
0x009C: 0FF922A2    ; lw x10, -28(x17)
0x00A0: 0FF2A342    ; sw x10, -12(x17)
0x00A4: 0FFC2252    ; lw x5, -16(x17)
0x00A8: 0FFE2242    ; lw x4, -8(x17)
0x00AC: 00010A30    ; add x3, x5, x4
0x00B0: 0FF0E202    ; sw x3, -32(x17)
0x00B4: 0FF82262    ; lw x6, -32(x17)
0x00B8: 0FF1A302    ; sw x6, -16(x17)
0x00BC: 0FFF2272    ; lw x7, -4(x17)
0x00C0: 00010081    ; addi x8, x0, 1
0x00C4: 00020E90    ; add x9, x7, x8
0x00C8: 0FE263C2    ; sw x9, -36(x17)
0x00CC: 0FEF22A2    ; lw x10, -36(x17)
0x00D0: 0FF2A3C2    ; sw x10, -4(x17)
0x00D4: 0FF7BE04    ; jal x0, -132
0x00D8: 0FFC2232    ; lw x3, -16(x17)
0x00DC: 000006B0    ; add x11, x3, x0
0x00E0: 00000204    ; jal x0, 4
0x00E4: 00090512    ; lw x17, 4(x2)
0x00E8: 002C0421    ; addi x2, x2, 44
0x00EC: 00600000    ; freeze

; Seccion .data
; <sin datos globales>
