; ==================================================
; Fase 6 - codigo binario generado
; ==================================================

; Encabezado MYCE
;   magic             = MYCE
;   version           = 1
;   header_size       = 44 bytes
;   entry_point       = 0x00000000
;   text_offset       = 44
;   text_size         = 1084 bytes
;   data_offset       = 1128
;   data_size         = 0 bytes
;   text_base         = 0x00000000
;   data_base         = 0x00000000
;   instruction_count = 271

; Seccion .text
0x0000: 00200066    ; portalv x0, x0, 24
0x0004: 0008000E    ; lwv v0, 0(v0)
0x0008: 00580000    ; sleep
0x000C: 00580000    ; sleep
0x0010: 00580000    ; sleep
0x0014: 0000000C    ; closev
0x0018: 00004021    ; addiHIGH x2, x0, 0
0x001C: 7FF00421    ; addi x2, x2, 0x7FF0
0x0020: FEF48421    ; addiSigned x2, x2, -268
0x0024: 00004402    ; sw x1, 0(x2)
0x0028: 00044442    ; sw x17, 4(x2)
0x002C: 010C0511    ; addi x17, x2, 268
0x0030: 000A0041    ; addi x4, x0, 10
0x0034: 0F812202    ; sw x4, -256(x17)
0x0038: 00140051    ; addi x5, x0, 20
0x003C: 0F816242    ; sw x5, -252(x17)
0x0040: 001E0061    ; addi x6, x0, 30
0x0044: 0F81A282    ; sw x6, -248(x17)
0x0048: 00280071    ; addi x7, x0, 40
0x004C: 0F81E2C2    ; sw x7, -244(x17)
0x0050: 00320081    ; addi x8, x0, 50
0x0054: 0F822302    ; sw x8, -240(x17)
0x0058: 003C0091    ; addi x9, x0, 60
0x005C: 0F826342    ; sw x9, -236(x17)
0x0060: 004600A1    ; addi x10, x0, 70
0x0064: 0F82A382    ; sw x10, -232(x17)
0x0068: 00500041    ; addi x4, x0, 80
0x006C: 0F8123C2    ; sw x4, -228(x17)
0x0070: 000F0051    ; addi x5, x0, 15
0x0074: 0F916202    ; sw x5, -224(x17)
0x0078: 00190061    ; addi x6, x0, 25
0x007C: 0F91A242    ; sw x6, -220(x17)
0x0080: 00230071    ; addi x7, x0, 35
0x0084: 0F91E282    ; sw x7, -216(x17)
0x0088: 002D0081    ; addi x8, x0, 45
0x008C: 0F9222C2    ; sw x8, -212(x17)
0x0090: 00370091    ; addi x9, x0, 55
0x0094: 0F926302    ; sw x9, -208(x17)
0x0098: 004100A1    ; addi x10, x0, 65
0x009C: 0F92A342    ; sw x10, -204(x17)
0x00A0: 004B0041    ; addi x4, x0, 75
0x00A4: 0F912382    ; sw x4, -200(x17)
0x00A8: 00550051    ; addi x5, x0, 85
0x00AC: 0F9163C2    ; sw x5, -196(x17)
0x00B0: 000B0061    ; addi x6, x0, 11
0x00B4: 0FA1A202    ; sw x6, -192(x17)
0x00B8: 00160071    ; addi x7, x0, 22
0x00BC: 0FA1E242    ; sw x7, -188(x17)
0x00C0: 00210081    ; addi x8, x0, 33
0x00C4: 0FA22282    ; sw x8, -184(x17)
0x00C8: 002C0091    ; addi x9, x0, 44
0x00CC: 0FA262C2    ; sw x9, -180(x17)
0x00D0: 003700A1    ; addi x10, x0, 55
0x00D4: 0FA2A302    ; sw x10, -176(x17)
0x00D8: 00420041    ; addi x4, x0, 66
0x00DC: 0FA12342    ; sw x4, -172(x17)
0x00E0: 004D0051    ; addi x5, x0, 77
0x00E4: 0FA16382    ; sw x5, -168(x17)
0x00E8: 00580061    ; addi x6, x0, 88
0x00EC: 0FA1A3C2    ; sw x6, -164(x17)
0x00F0: 000C0071    ; addi x7, x0, 12
0x00F4: 0FB1E202    ; sw x7, -160(x17)
0x00F8: 00180081    ; addi x8, x0, 24
0x00FC: 0FB22242    ; sw x8, -156(x17)
0x0100: 00240091    ; addi x9, x0, 36
0x0104: 0FB26282    ; sw x9, -152(x17)
0x0108: 003000A1    ; addi x10, x0, 48
0x010C: 0FB2A2C2    ; sw x10, -148(x17)
0x0110: 003C0041    ; addi x4, x0, 60
0x0114: 0FB12302    ; sw x4, -144(x17)
0x0118: 00480051    ; addi x5, x0, 72
0x011C: 0FB16342    ; sw x5, -140(x17)
0x0120: 00540061    ; addi x6, x0, 84
0x0124: 0FB1A382    ; sw x6, -136(x17)
0x0128: 00600071    ; addi x7, x0, 96
0x012C: 0FB1E3C2    ; sw x7, -132(x17)
0x0130: 00640081    ; addi x8, x0, 100
0x0134: 0FC22202    ; sw x8, -128(x17)
0x0138: 00C80091    ; addi x9, x0, 200
0x013C: 0FC26242    ; sw x9, -124(x17)
0x0140: 009600A1    ; addi x10, x0, 150
0x0144: 0FC2A282    ; sw x10, -120(x17)
0x0148: 00FA0041    ; addi x4, x0, 250
0x014C: 0FC122C2    ; sw x4, -116(x17)
0x0150: 00780051    ; addi x5, x0, 120
0x0154: 0FC16302    ; sw x5, -112(x17)
0x0158: 00B40061    ; addi x6, x0, 180
0x015C: 0FC1A342    ; sw x6, -108(x17)
0x0160: 008C0071    ; addi x7, x0, 140
0x0164: 0FC1E382    ; sw x7, -104(x17)
0x0168: 00A00081    ; addi x8, x0, 160
0x016C: 0FC223C2    ; sw x8, -100(x17)
0x0170: 005A0091    ; addi x9, x0, 90
0x0174: 0FD26202    ; sw x9, -96(x17)
0x0178: 006E00A1    ; addi x10, x0, 110
0x017C: 0FD2A242    ; sw x10, -92(x17)
0x0180: 00820041    ; addi x4, x0, 130
0x0184: 0FD12282    ; sw x4, -88(x17)
0x0188: 00AA0051    ; addi x5, x0, 170
0x018C: 0FD162C2    ; sw x5, -84(x17)
0x0190: 00BE0061    ; addi x6, x0, 190
0x0194: 0FD1A302    ; sw x6, -80(x17)
0x0198: 00D20071    ; addi x7, x0, 210
0x019C: 0FD1E342    ; sw x7, -76(x17)
0x01A0: 00E60081    ; addi x8, x0, 230
0x01A4: 0FD22382    ; sw x8, -72(x17)
0x01A8: 00460091    ; addi x9, x0, 70
0x01AC: 0FD263C2    ; sw x9, -68(x17)
0x01B0: 000500A1    ; addi x10, x0, 5
0x01B4: 0FE2A202    ; sw x10, -64(x17)
0x01B8: 000F0041    ; addi x4, x0, 15
0x01BC: 0FE12242    ; sw x4, -60(x17)
0x01C0: 00190051    ; addi x5, x0, 25
0x01C4: 0FE16282    ; sw x5, -56(x17)
0x01C8: 00230061    ; addi x6, x0, 35
0x01CC: 0FE1A2C2    ; sw x6, -52(x17)
0x01D0: 002D0071    ; addi x7, x0, 45
0x01D4: 0FE1E302    ; sw x7, -48(x17)
0x01D8: 00370081    ; addi x8, x0, 55
0x01DC: 0FE22342    ; sw x8, -44(x17)
0x01E0: 00410091    ; addi x9, x0, 65
0x01E4: 0FE26382    ; sw x9, -40(x17)
0x01E8: 004B00A1    ; addi x10, x0, 75
0x01EC: 0FE2A3C2    ; sw x10, -36(x17)
0x01F0: 00080041    ; addi x4, x0, 8
0x01F4: 0FF12202    ; sw x4, -32(x17)
0x01F8: 00100051    ; addi x5, x0, 16
0x01FC: 0FF16242    ; sw x5, -28(x17)
0x0200: 00180061    ; addi x6, x0, 24
0x0204: 0FF1A282    ; sw x6, -24(x17)
0x0208: 00200071    ; addi x7, x0, 32
0x020C: 0FF1E2C2    ; sw x7, -20(x17)
0x0210: 00280081    ; addi x8, x0, 40
0x0214: 0FF22302    ; sw x8, -16(x17)
0x0218: 00300091    ; addi x9, x0, 48
0x021C: 0FF26342    ; sw x9, -12(x17)
0x0220: 003800A1    ; addi x10, x0, 56
0x0224: 0FF2A382    ; sw x10, -8(x17)
0x0228: 00400041    ; addi x4, x0, 64
0x022C: 0FF123C2    ; sw x4, -4(x17)
0x0230: FF00A251    ; addiSigned x5, x17, -256
0x0234: 00000AB0    ; add x11, x5, x0
0x0238: 00001014    ; jal x1, 32
0x023C: 00001660    ; add x6, x11, x0
0x0240: 00000C30    ; add x3, x6, x0
0x0244: 000006B0    ; add x11, x3, x0
0x0248: 00000204    ; jal x0, 4
0x024C: 00090512    ; lw x17, 4(x2)
0x0250: 010C0421    ; addi x2, x2, 268
0x0254: 00600000    ; freeze
0x0258: FF948421    ; addiSigned x2, x2, -108
0x025C: 00004402    ; sw x1, 0(x2)
0x0260: 00044442    ; sw x17, 4(x2)
0x0264: 006C0511    ; addi x17, x2, 108
0x0268: 0FF2E3C2    ; sw x11, -4(x17)
0x026C: 00000051    ; addi x5, x0, 0
0x0270: 00000A30    ; add x3, x5, x0
0x0274: 00000061    ; addi x6, x0, 0
0x0278: 0FF1A342    ; sw x6, -12(x17)
0x027C: 0FFD2272    ; lw x7, -12(x17)
0x0280: 00080081    ; addi x8, x0, 8
0x0284: 00000091    ; addi x9, x0, 0
0x0288: 00120E26    ; blt x7, x8, 8
0x028C: 00000404    ; jal x0, 8
0x0290: 00010091    ; addi x9, x0, 1
0x0294: 0FF262C2    ; sw x9, -20(x17)
0x0298: 0FFB22A2    ; lw x10, -20(x17)
0x029C: 03001426    ; beq x10, x0, 392
0x02A0: 00000051    ; addi x5, x0, 0
0x02A4: 00000A40    ; add x4, x5, x0
0x02A8: 00080061    ; addi x6, x0, 8
0x02AC: 00000091    ; addi x9, x0, 0
0x02B0: 00118826    ; blt x4, x6, 8
0x02B4: 00000404    ; jal x0, 8
0x02B8: 00010091    ; addi x9, x0, 1
0x02BC: 0FF26282    ; sw x9, -24(x17)
0x02C0: 0FFA2282    ; lw x8, -24(x17)
0x02C4: 02001136    ; beq x8, x0, 332
0x02C8: 0FFD2272    ; lw x7, -12(x17)
0x02CC: 000800A1    ; addi x10, x0, 8
0x02D0: 004A8E50    ; mul x5, x7, x10
0x02D4: 0FF16242    ; sw x5, -28(x17)
0x02D8: 0FF92292    ; lw x9, -28(x17)
0x02DC: 00011260    ; add x6, x9, x4
0x02E0: 0FF1A202    ; sw x6, -32(x17)
0x02E4: 0FF82282    ; lw x8, -32(x17)
0x02E8: 00021050    ; add x5, x8, x8
0x02EC: 00014A50    ; add x5, x5, x5
0x02F0: 0FFF22A2    ; lw x10, -4(x17)
0x02F4: 000154A0    ; add x10, x10, x5
0x02F8: 00081472    ; lw x7, 0(x10)
0x02FC: 0FE1E3C2    ; sw x7, -36(x17)
0x0300: 0FEF2262    ; lw x6, -36(x17)
0x0304: 00020091    ; addi x9, x0, 2
0x0308: 004A4C50    ; mul x5, x6, x9
0x030C: 0FE16382    ; sw x5, -40(x17)
0x0310: 0FEE2282    ; lw x8, -40(x17)
0x0314: 000206A0    ; add x10, x3, x8
0x0318: 00001430    ; add x3, x10, x0
0x031C: 0FF92272    ; lw x7, -28(x17)
0x0320: 00010051    ; addi x5, x0, 1
0x0324: 00014890    ; add x9, x4, x5
0x0328: 00024E60    ; add x6, x7, x9
0x032C: 0FE1A302    ; sw x6, -48(x17)
0x0330: 0FEC22A2    ; lw x10, -48(x17)
0x0334: 00029480    ; add x8, x10, x10
0x0338: 00021080    ; add x8, x8, x8
0x033C: 0FFF2252    ; lw x5, -4(x17)
0x0340: 00020A50    ; add x5, x5, x8
0x0344: 00080A62    ; lw x6, 0(x5)
0x0348: 0FE1A2C2    ; sw x6, -52(x17)
0x034C: 0FEB2292    ; lw x9, -52(x17)
0x0350: 00020071    ; addi x7, x0, 2
0x0354: 0049D280    ; mul x8, x9, x7
0x0358: 0FE22282    ; sw x8, -56(x17)
0x035C: 0FEA22A2    ; lw x10, -56(x17)
0x0360: 00028650    ; add x5, x3, x10
0x0364: 00000A30    ; add x3, x5, x0
0x0368: 0FF92262    ; lw x6, -28(x17)
0x036C: 00020081    ; addi x8, x0, 2
0x0370: 00020870    ; add x7, x4, x8
0x0374: 0001CC90    ; add x9, x6, x7
0x0378: 0FE26202    ; sw x9, -64(x17)
0x037C: 0FE82252    ; lw x5, -64(x17)
0x0380: 00014AA0    ; add x10, x5, x5
0x0384: 000294A0    ; add x10, x10, x10
0x0388: 0FFF2282    ; lw x8, -4(x17)
0x038C: 00029080    ; add x8, x8, x10
0x0390: 00081092    ; lw x9, 0(x8)
0x0394: 0FD263C2    ; sw x9, -68(x17)
0x0398: 0FDF2272    ; lw x7, -68(x17)
0x039C: 00020061    ; addi x6, x0, 2
0x03A0: 00498EA0    ; mul x10, x7, x6
0x03A4: 0FD2A382    ; sw x10, -72(x17)
0x03A8: 0FDE2252    ; lw x5, -72(x17)
0x03AC: 00014680    ; add x8, x3, x5
0x03B0: 00001030    ; add x3, x8, x0
0x03B4: 0FF92292    ; lw x9, -28(x17)
0x03B8: 000300A1    ; addi x10, x0, 3
0x03BC: 00028860    ; add x6, x4, x10
0x03C0: 00019270    ; add x7, x9, x6
0x03C4: 0FD1E302    ; sw x7, -80(x17)
0x03C8: 0FDC2282    ; lw x8, -80(x17)
0x03CC: 00021050    ; add x5, x8, x8
0x03D0: 00014A50    ; add x5, x5, x5
0x03D4: 0FFF22A2    ; lw x10, -4(x17)
0x03D8: 000154A0    ; add x10, x10, x5
0x03DC: 00081472    ; lw x7, 0(x10)
0x03E0: 0FD1E2C2    ; sw x7, -84(x17)
0x03E4: 0FDB2262    ; lw x6, -84(x17)
0x03E8: 00020091    ; addi x9, x0, 2
0x03EC: 004A4C50    ; mul x5, x6, x9
0x03F0: 0FD16282    ; sw x5, -88(x17)
0x03F4: 0FDA2282    ; lw x8, -88(x17)
0x03F8: 000206A0    ; add x10, x3, x8
0x03FC: 00001430    ; add x3, x10, x0
0x0400: 00040071    ; addi x7, x0, 4
0x0404: 0001C850    ; add x5, x4, x7
0x0408: 00000A40    ; add x4, x5, x0
0x040C: 0FF74E04    ; jal x0, -356
0x0410: 0FFD2292    ; lw x9, -12(x17)
0x0414: 00010061    ; addi x6, x0, 1
0x0418: 000192A0    ; add x10, x9, x6
0x041C: 0FF2A342    ; sw x10, -12(x17)
0x0420: 0FF72E04    ; jal x0, -420
0x0424: 000006B0    ; add x11, x3, x0
0x0428: 00000204    ; jal x0, 4
0x042C: 00080412    ; lw x1, 0(x2)
0x0430: 00090512    ; lw x17, 4(x2)
0x0434: 006C0421    ; addi x2, x2, 108
0x0438: 00080014    ; jalr x1, 0

; Seccion .data
; <sin datos globales>
