; ==================================================
; Fase 6 - codigo binario generado
; ==================================================

; Encabezado MYCE
;   magic             = MYCE
;   version           = 1
;   header_size       = 44 bytes
;   entry_point       = 0x00000000
;   text_offset       = 44
;   text_size         = 420 bytes
;   data_offset       = 464
;   data_size         = 0 bytes
;   text_base         = 0x00000000
;   data_base         = 0x00000000
;   instruction_count = 105

; Seccion .text
0x0000: 00200066    ; portalv x0, x0, 24
0x0004: 0008000E    ; lwv v0, 0(v0)
0x0008: 00580000    ; sleep
0x000C: 00580000    ; sleep
0x0010: 00580000    ; sleep
0x0014: 0000000C    ; closev
0x0018: 00004021    ; addiHIGH x2, x0, 0
0x001C: 7FF00421    ; addi x2, x2, 0x7FF0
0x0020: FFD08421    ; addiSigned x2, x2, -48
0x0024: 00004402    ; sw x1, 0(x2)
0x0028: 00044442    ; sw x17, 4(x2)
0x002C: 00300511    ; addi x17, x2, 48
0x0030: 00010041    ; addi x4, x0, 1
0x0034: 0FE123C2    ; sw x4, -36(x17)
0x0038: 00020051    ; addi x5, x0, 2
0x003C: 0FF16202    ; sw x5, -32(x17)
0x0040: 00030061    ; addi x6, x0, 3
0x0044: 0FF1A242    ; sw x6, -28(x17)
0x0048: 00040071    ; addi x7, x0, 4
0x004C: 0FF1E282    ; sw x7, -24(x17)
0x0050: 00050081    ; addi x8, x0, 5
0x0054: 0FF222C2    ; sw x8, -20(x17)
0x0058: 00060091    ; addi x9, x0, 6
0x005C: 0FF26302    ; sw x9, -16(x17)
0x0060: 000700A1    ; addi x10, x0, 7
0x0064: 0FF2A342    ; sw x10, -12(x17)
0x0068: 00080041    ; addi x4, x0, 8
0x006C: 0FF12382    ; sw x4, -8(x17)
0x0070: 00090051    ; addi x5, x0, 9
0x0074: 0FF163C2    ; sw x5, -4(x17)
0x0078: FFDCA261    ; addiSigned x6, x17, -36
0x007C: 00000CB0    ; add x11, x6, x0
0x0080: 00001014    ; jal x1, 32
0x0084: 00001670    ; add x7, x11, x0
0x0088: 00000E30    ; add x3, x7, x0
0x008C: 000006B0    ; add x11, x3, x0
0x0090: 00000204    ; jal x0, 4
0x0094: 00090512    ; lw x17, 4(x2)
0x0098: 00300421    ; addi x2, x2, 48
0x009C: 00600000    ; freeze
0x00A0: FFC48421    ; addiSigned x2, x2, -60
0x00A4: 00004402    ; sw x1, 0(x2)
0x00A8: 00044442    ; sw x17, 4(x2)
0x00AC: 003C0511    ; addi x17, x2, 60
0x00B0: 0FF2E3C2    ; sw x11, -4(x17)
0x00B4: 00000051    ; addi x5, x0, 0
0x00B8: 0FF16382    ; sw x5, -8(x17)
0x00BC: 00000061    ; addi x6, x0, 0
0x00C0: 00000C30    ; add x3, x6, x0
0x00C4: 00030071    ; addi x7, x0, 3
0x00C8: 00000081    ; addi x8, x0, 0
0x00CC: 0011C626    ; blt x3, x7, 8
0x00D0: 00000404    ; jal x0, 8
0x00D4: 00010081    ; addi x8, x0, 1
0x00D8: 0FF222C2    ; sw x8, -20(x17)
0x00DC: 0FFB2292    ; lw x9, -20(x17)
0x00E0: 010012A6    ; beq x9, x0, 168
0x00E4: 000000A1    ; addi x10, x0, 0
0x00E8: 00001440    ; add x4, x10, x0
0x00EC: 00030051    ; addi x5, x0, 3
0x00F0: 00000061    ; addi x6, x0, 0
0x00F4: 00114826    ; blt x4, x5, 8
0x00F8: 00000404    ; jal x0, 8
0x00FC: 00010061    ; addi x6, x0, 1
0x0100: 0FF1A282    ; sw x6, -24(x17)
0x0104: 0FFA2282    ; lw x8, -24(x17)
0x0108: 000011C6    ; beq x8, x0, 112
0x010C: 00030071    ; addi x7, x0, 3
0x0110: 0049C690    ; mul x9, x3, x7
0x0114: 0FF26242    ; sw x9, -28(x17)
0x0118: 0FF922A2    ; lw x10, -28(x17)
0x011C: 00011460    ; add x6, x10, x4
0x0120: 0FF1A202    ; sw x6, -32(x17)
0x0124: 0FF82252    ; lw x5, -32(x17)
0x0128: 00014A80    ; add x8, x5, x5
0x012C: 00021080    ; add x8, x8, x8
0x0130: 0FFF2292    ; lw x9, -4(x17)
0x0134: 00021290    ; add x9, x9, x8
0x0138: 00081272    ; lw x7, 0(x9)
0x013C: 0FE1E3C2    ; sw x7, -36(x17)
0x0140: 00010061    ; addi x6, x0, 1
0x0144: 000188A0    ; add x10, x4, x6
0x0148: 0FE2A382    ; sw x10, -40(x17)
0x014C: 0FEF2282    ; lw x8, -36(x17)
0x0150: 00020051    ; addi x5, x0, 2
0x0154: 00495090    ; mul x9, x8, x5
0x0158: 0FE26342    ; sw x9, -44(x17)
0x015C: 0FFE2272    ; lw x7, -8(x17)
0x0160: 0FED22A2    ; lw x10, -44(x17)
0x0164: 00028E60    ; add x6, x7, x10
0x0168: 0FF1A382    ; sw x6, -8(x17)
0x016C: 0FEE2292    ; lw x9, -40(x17)
0x0170: 00001240    ; add x4, x9, x0
0x0174: 0FF7BC04    ; jal x0, -136
0x0178: 00010051    ; addi x5, x0, 1
0x017C: 00014680    ; add x8, x3, x5
0x0180: 00001030    ; add x3, x8, x0
0x0184: 0FF7A004    ; jal x0, -192
0x0188: 0FFE2262    ; lw x6, -8(x17)
0x018C: 00000CB0    ; add x11, x6, x0
0x0190: 00000204    ; jal x0, 4
0x0194: 00080412    ; lw x1, 0(x2)
0x0198: 00090512    ; lw x17, 4(x2)
0x019C: 003C0421    ; addi x2, x2, 60
0x01A0: 00080014    ; jalr x1, 0

; Seccion .data
; <sin datos globales>
