; ==================================================
; Fase 6 - codigo binario generado
; ==================================================

; Encabezado MYCE
;   magic             = MYCE
;   version           = 1
;   header_size       = 44 bytes
;   entry_point       = 0x00000000
;   text_offset       = 44
;   text_size         = 596 bytes
;   data_offset       = 640
;   data_size         = 0 bytes
;   text_base         = 0x00000000
;   data_base         = 0x00000000
;   instruction_count = 149

; Seccion .text
0x0000: 00200066    ; portalv x0, x0, 24
0x0004: 0008000E    ; lwv v0, 0(v0)
0x0008: 00580000    ; sleep
0x000C: 00580000    ; sleep
0x0010: 00580000    ; sleep
0x0014: 0000000C    ; closev
0x0018: 00004021    ; addiHIGH x2, x0, 0
0x001C: 7FF00421    ; addi x2, x2, 0x7FF0
0x0020: FF748421    ; addiSigned x2, x2, -140
0x0024: 00004402    ; sw x1, 0(x2)
0x0028: 00044442    ; sw x17, 4(x2)
0x002C: 008C0511    ; addi x17, x2, 140
0x0030: 00010041    ; addi x4, x0, 1
0x0034: 0FC12202    ; sw x4, -128(x17)
0x0038: 00020051    ; addi x5, x0, 2
0x003C: 0FC16242    ; sw x5, -124(x17)
0x0040: 00030061    ; addi x6, x0, 3
0x0044: 0FC1A282    ; sw x6, -120(x17)
0x0048: 00040071    ; addi x7, x0, 4
0x004C: 0FC1E2C2    ; sw x7, -116(x17)
0x0050: 00050081    ; addi x8, x0, 5
0x0054: 0FC22302    ; sw x8, -112(x17)
0x0058: 00060091    ; addi x9, x0, 6
0x005C: 0FC26342    ; sw x9, -108(x17)
0x0060: 000700A1    ; addi x10, x0, 7
0x0064: 0FC2A382    ; sw x10, -104(x17)
0x0068: 00080041    ; addi x4, x0, 8
0x006C: 0FC123C2    ; sw x4, -100(x17)
0x0070: 00090051    ; addi x5, x0, 9
0x0074: 0FD16202    ; sw x5, -96(x17)
0x0078: 000A0061    ; addi x6, x0, 10
0x007C: 0FD1A242    ; sw x6, -92(x17)
0x0080: 000B0071    ; addi x7, x0, 11
0x0084: 0FD1E282    ; sw x7, -88(x17)
0x0088: 000C0081    ; addi x8, x0, 12
0x008C: 0FD222C2    ; sw x8, -84(x17)
0x0090: 000D0091    ; addi x9, x0, 13
0x0094: 0FD26302    ; sw x9, -80(x17)
0x0098: 000E00A1    ; addi x10, x0, 14
0x009C: 0FD2A342    ; sw x10, -76(x17)
0x00A0: 000F0041    ; addi x4, x0, 15
0x00A4: 0FD12382    ; sw x4, -72(x17)
0x00A8: 00100051    ; addi x5, x0, 16
0x00AC: 0FD163C2    ; sw x5, -68(x17)
0x00B0: 00110061    ; addi x6, x0, 17
0x00B4: 0FE1A202    ; sw x6, -64(x17)
0x00B8: 00120071    ; addi x7, x0, 18
0x00BC: 0FE1E242    ; sw x7, -60(x17)
0x00C0: 00130081    ; addi x8, x0, 19
0x00C4: 0FE22282    ; sw x8, -56(x17)
0x00C8: 00140091    ; addi x9, x0, 20
0x00CC: 0FE262C2    ; sw x9, -52(x17)
0x00D0: 001500A1    ; addi x10, x0, 21
0x00D4: 0FE2A302    ; sw x10, -48(x17)
0x00D8: 00160041    ; addi x4, x0, 22
0x00DC: 0FE12342    ; sw x4, -44(x17)
0x00E0: 00170051    ; addi x5, x0, 23
0x00E4: 0FE16382    ; sw x5, -40(x17)
0x00E8: 00180061    ; addi x6, x0, 24
0x00EC: 0FE1A3C2    ; sw x6, -36(x17)
0x00F0: 00190071    ; addi x7, x0, 25
0x00F4: 0FF1E202    ; sw x7, -32(x17)
0x00F8: 001A0081    ; addi x8, x0, 26
0x00FC: 0FF22242    ; sw x8, -28(x17)
0x0100: 001B0091    ; addi x9, x0, 27
0x0104: 0FF26282    ; sw x9, -24(x17)
0x0108: 001C00A1    ; addi x10, x0, 28
0x010C: 0FF2A2C2    ; sw x10, -20(x17)
0x0110: 001D0041    ; addi x4, x0, 29
0x0114: 0FF12302    ; sw x4, -16(x17)
0x0118: 001E0051    ; addi x5, x0, 30
0x011C: 0FF16342    ; sw x5, -12(x17)
0x0120: 001F0061    ; addi x6, x0, 31
0x0124: 0FF1A382    ; sw x6, -8(x17)
0x0128: 00200071    ; addi x7, x0, 32
0x012C: 0FF1E3C2    ; sw x7, -4(x17)
0x0130: FF80A281    ; addiSigned x8, x17, -128
0x0134: 000010B0    ; add x11, x8, x0
0x0138: 00001014    ; jal x1, 32
0x013C: 00001690    ; add x9, x11, x0
0x0140: 00001230    ; add x3, x9, x0
0x0144: 000006B0    ; add x11, x3, x0
0x0148: 00000204    ; jal x0, 4
0x014C: 00090512    ; lw x17, 4(x2)
0x0150: 008C0421    ; addi x2, x2, 140
0x0154: 00600000    ; freeze
0x0158: FFC48421    ; addiSigned x2, x2, -60
0x015C: 00004402    ; sw x1, 0(x2)
0x0160: 00044442    ; sw x17, 4(x2)
0x0164: 003C0511    ; addi x17, x2, 60
0x0168: 0FF2E3C2    ; sw x11, -4(x17)
0x016C: 00000051    ; addi x5, x0, 0
0x0170: 0FF16382    ; sw x5, -8(x17)
0x0174: 00000061    ; addi x6, x0, 0
0x0178: 00000C30    ; add x3, x6, x0
0x017C: 00040071    ; addi x7, x0, 4
0x0180: 00000081    ; addi x8, x0, 0
0x0184: 0011C626    ; blt x3, x7, 8
0x0188: 00000404    ; jal x0, 8
0x018C: 00010081    ; addi x8, x0, 1
0x0190: 0FF222C2    ; sw x8, -20(x17)
0x0194: 0FFB2292    ; lw x9, -20(x17)
0x0198: 01001286    ; beq x9, x0, 160
0x019C: 000000A1    ; addi x10, x0, 0
0x01A0: 00001440    ; add x4, x10, x0
0x01A4: 00080051    ; addi x5, x0, 8
0x01A8: 00000061    ; addi x6, x0, 0
0x01AC: 00114826    ; blt x4, x5, 8
0x01B0: 00000404    ; jal x0, 8
0x01B4: 00010061    ; addi x6, x0, 1
0x01B8: 0FF1A282    ; sw x6, -24(x17)
0x01BC: 0FFA2282    ; lw x8, -24(x17)
0x01C0: 000011A6    ; beq x8, x0, 104
0x01C4: 00080071    ; addi x7, x0, 8
0x01C8: 0049C690    ; mul x9, x3, x7
0x01CC: 0FF26242    ; sw x9, -28(x17)
0x01D0: 0FF922A2    ; lw x10, -28(x17)
0x01D4: 00011460    ; add x6, x10, x4
0x01D8: 0FF1A202    ; sw x6, -32(x17)
0x01DC: 0FF82252    ; lw x5, -32(x17)
0x01E0: 00014A80    ; add x8, x5, x5
0x01E4: 00021080    ; add x8, x8, x8
0x01E8: 0FFF2292    ; lw x9, -4(x17)
0x01EC: 00021290    ; add x9, x9, x8
0x01F0: 00081272    ; lw x7, 0(x9)
0x01F4: 0FE1E3C2    ; sw x7, -36(x17)
0x01F8: 0FEF2262    ; lw x6, -36(x17)
0x01FC: 000200A1    ; addi x10, x0, 2
0x0200: 004A8C80    ; mul x8, x6, x10
0x0204: 0FE22382    ; sw x8, -40(x17)
0x0208: 0FFE2252    ; lw x5, -8(x17)
0x020C: 0FEE2292    ; lw x9, -40(x17)
0x0210: 00024A70    ; add x7, x5, x9
0x0214: 0FF1E382    ; sw x7, -8(x17)
0x0218: 00010081    ; addi x8, x0, 1
0x021C: 000208A0    ; add x10, x4, x8
0x0220: 00001440    ; add x4, x10, x0
0x0224: 0FF7C004    ; jal x0, -128
0x0228: 00010061    ; addi x6, x0, 1
0x022C: 00018670    ; add x7, x3, x6
0x0230: 00000E30    ; add x3, x7, x0
0x0234: 0FF7A404    ; jal x0, -184
0x0238: 0FFE2292    ; lw x9, -8(x17)
0x023C: 000012B0    ; add x11, x9, x0
0x0240: 00000204    ; jal x0, 4
0x0244: 00080412    ; lw x1, 0(x2)
0x0248: 00090512    ; lw x17, 4(x2)
0x024C: 003C0421    ; addi x2, x2, 60
0x0250: 00080014    ; jalr x1, 0

; Seccion .data
; <sin datos globales>
