; ==================================================
; Fase 6 - codigo binario generado
; ==================================================

; Encabezado MYCE
;   magic             = MYCE
;   version           = 1
;   header_size       = 44 bytes
;   entry_point       = 0x00000000
;   text_offset       = 44
;   text_size         = 152 bytes
;   data_offset       = 196
;   data_size         = 0 bytes
;   text_base         = 0x00000000
;   data_base         = 0x00000000
;   instruction_count = 38

; Seccion .text
0x0000: FFF08421    ; addiSigned x2, x2, -16
0x0004: 00004402    ; sw x1, 0(x2)
0x0008: 00044442    ; sw x17, 4(x2)
0x000C: 00100511    ; addi x17, x2, 16
0x0010: 0FF2E3C2    ; sw x11, -4(x17)
0x0014: 0FFF2232    ; lw x3, -4(x17)
0x0018: 00010041    ; addi x4, x0, 1
0x001C: 00010650    ; add x5, x3, x4
0x0020: 0FF16382    ; sw x5, -8(x17)
0x0024: 0FFE2262    ; lw x6, -8(x17)
0x0028: 00000CB0    ; add x11, x6, x0
0x002C: 00000204    ; jal x0, 4
0x0030: 00080412    ; lw x1, 0(x2)
0x0034: 00090512    ; lw x17, 4(x2)
0x0038: 00100421    ; addi x2, x2, 16
0x003C: 00080014    ; jalr x1, 0
0x0040: FFEC8421    ; addiSigned x2, x2, -20
0x0044: 00004402    ; sw x1, 0(x2)
0x0048: 00044442    ; sw x17, 4(x2)
0x004C: 00140511    ; addi x17, x2, 20
0x0050: 0FF2E3C2    ; sw x11, -4(x17)
0x0054: 0FFF2272    ; lw x7, -4(x17)
0x0058: 00000EB0    ; add x11, x7, x0
0x005C: 0FF7D214    ; jal x1, -92
0x0060: 00001680    ; add x8, x11, x0
0x0064: 0FF22382    ; sw x8, -8(x17)
0x0068: 0FFE2292    ; lw x9, -8(x17)
0x006C: 000100A1    ; addi x10, x0, 1
0x0070: 00029250    ; add x5, x9, x10
0x0074: 0FF16342    ; sw x5, -12(x17)
0x0078: 0FFD2242    ; lw x4, -12(x17)
0x007C: 000008B0    ; add x11, x4, x0
0x0080: 00000204    ; jal x0, 4
0x0084: 00080412    ; lw x1, 0(x2)
0x0088: 00090512    ; lw x17, 4(x2)
0x008C: 00140421    ; addi x2, x2, 20
0x0090: 00080014    ; jalr x1, 0
0x0094: 00600000    ; freeze

; Seccion .data
; <sin datos globales>
