; ==================================================
; Fase 6 - codigo binario generado
; ==================================================

; Encabezado MYCE
;   magic             = MYCE
;   version           = 1
;   header_size       = 44 bytes
;   entry_point       = 0x00000000
;   text_offset       = 44
;   text_size         = 68 bytes
;   data_offset       = 112
;   data_size         = 0 bytes
;   text_base         = 0x00000000
;   data_base         = 0x00000000
;   instruction_count = 17

; Seccion .text
0x0000: FFF08421    ; addiSigned x2, x2, -16
0x0004: 00004402    ; sw x1, 0(x2)
0x0008: 00044442    ; sw x17, 4(x2)
0x000C: 00100511    ; addi x17, x2, 16
0x0010: 0FF2E3C2    ; sw x11, -4(x17)
0x0014: 0FFF2232    ; lw x3, -4(x17)
0x0018: 00010041    ; addi x4, x0, 1
0x001C: 00010650    ; add x5, x3, x4
0x0020: 0FF16382    ; sw x5, -8(x17)
0x0024: 0FFE2262    ; lw x6, -8(x17)
0x0028: 00000CB0    ; add x11, x6, x0
0x002C: 00000204    ; jal x0, 4
0x0030: 00080412    ; lw x1, 0(x2)
0x0034: 00090512    ; lw x17, 4(x2)
0x0038: 00100421    ; addi x2, x2, 16
0x003C: 00080014    ; jalr x1, 0
0x0040: 00600000    ; freeze

; Seccion .data
; <sin datos globales>
