; ==================================================
; Fase 6 - codigo binario generado
; ==================================================

; Encabezado MYCE
;   magic             = MYCE
;   version           = 1
;   header_size       = 44 bytes
;   entry_point       = 0x00000000
;   text_offset       = 44
;   text_size         = 88 bytes
;   data_offset       = 132
;   data_size         = 0 bytes
;   text_base         = 0x00000000
;   data_base         = 0x00000000
;   instruction_count = 22

; Seccion .text
0x0000: 00200066    ; portalv x0, x0, 24
0x0004: 0008000E    ; lwv v0, 0(v0)
0x0008: 00580000    ; sleep
0x000C: 00580000    ; sleep
0x0010: 00580000    ; sleep
0x0014: 0000000C    ; closev
0x0018: FFEC8421    ; addiSigned x2, x2, -20
0x001C: 00004402    ; sw x1, 0(x2)
0x0020: 00044442    ; sw x17, 4(x2)
0x0024: 00140511    ; addi x17, x2, 20
0x0028: 0FF2E3C2    ; sw x11, -4(x17)
0x002C: 0FF32382    ; sw x12, -8(x17)
0x0030: 0FFF2232    ; lw x3, -4(x17)
0x0034: 0FFE2242    ; lw x4, -8(x17)
0x0038: 00010650    ; add x5, x3, x4
0x003C: 00000AB0    ; add x11, x5, x0
0x0040: 00000204    ; jal x0, 4
0x0044: 00080412    ; lw x1, 0(x2)
0x0048: 00090512    ; lw x17, 4(x2)
0x004C: 00140421    ; addi x2, x2, 20
0x0050: 00080014    ; jalr x1, 0
0x0054: 00600000    ; freeze

; Seccion .data
; <sin datos globales>
