; ==================================================
; Fase 6 - codigo binario generado
; ==================================================

; Encabezado MYCE
;   magic             = MYCE
;   version           = 1
;   header_size       = 44 bytes
;   entry_point       = 0x00000000
;   text_offset       = 44
;   text_size         = 848 bytes
;   data_offset       = 892
;   data_size         = 0 bytes
;   text_base         = 0x00000000
;   data_base         = 0x00000000
;   instruction_count = 212

; Seccion .text
0x0000: 00200066    ; portalv x0, x0, 24
0x0004: 0008000E    ; lwv v0, 0(v0)
0x0008: 00580000    ; sleep
0x000C: 00580000    ; sleep
0x0010: 00580000    ; sleep
0x0014: 0000000C    ; closev
0x0018: 00004021    ; addiHIGH x2, x0, 0
0x001C: 7FF00421    ; addi x2, x2, 0x7FF0
0x0020: FF288421    ; addiSigned x2, x2, -216
0x0024: 00004402    ; sw x1, 0(x2)
0x0028: 00044442    ; sw x17, 4(x2)
0x002C: 00D80511    ; addi x17, x2, 216
0x0030: 00010051    ; addi x5, x0, 1
0x0034: 0FF16302    ; sw x5, -16(x17)
0x0038: 00020061    ; addi x6, x0, 2
0x003C: 0FF1A342    ; sw x6, -12(x17)
0x0040: 00030071    ; addi x7, x0, 3
0x0044: 0FF1E382    ; sw x7, -8(x17)
0x0048: 00040081    ; addi x8, x0, 4
0x004C: 0FF223C2    ; sw x8, -4(x17)
0x0050: 00050091    ; addi x9, x0, 5
0x0054: 0FF26202    ; sw x9, -32(x17)
0x0058: 000600A1    ; addi x10, x0, 6
0x005C: 0FF2A242    ; sw x10, -28(x17)
0x0060: 00070051    ; addi x5, x0, 7
0x0064: 0FF16282    ; sw x5, -24(x17)
0x0068: 00080061    ; addi x6, x0, 8
0x006C: 0FF1A2C2    ; sw x6, -20(x17)
0x0070: 00000071    ; addi x7, x0, 0
0x0074: 0FE1E302    ; sw x7, -48(x17)
0x0078: 00000081    ; addi x8, x0, 0
0x007C: 0FE22342    ; sw x8, -44(x17)
0x0080: 00000091    ; addi x9, x0, 0
0x0084: 0FE26382    ; sw x9, -40(x17)
0x0088: 000000A1    ; addi x10, x0, 0
0x008C: 0FE2A3C2    ; sw x10, -36(x17)
0x0090: 00000051    ; addi x5, x0, 0
0x0094: 0FE162C2    ; sw x5, -52(x17)
0x0098: 00000061    ; addi x6, x0, 0
0x009C: 0FE1A282    ; sw x6, -56(x17)
0x00A0: 00000071    ; addi x7, x0, 0
0x00A4: 0FE1E242    ; sw x7, -60(x17)
0x00A8: 00000081    ; addi x8, x0, 0
0x00AC: 0FE22202    ; sw x8, -64(x17)
0x00B0: 00000091    ; addi x9, x0, 0
0x00B4: 0FD263C2    ; sw x9, -68(x17)
0x00B8: 000000A1    ; addi x10, x0, 0
0x00BC: 0FD2A382    ; sw x10, -72(x17)
0x00C0: 00000051    ; addi x5, x0, 0
0x00C4: 00000A30    ; add x3, x5, x0
0x00C8: 00020061    ; addi x6, x0, 2
0x00CC: 00000071    ; addi x7, x0, 0
0x00D0: 00118626    ; blt x3, x6, 8
0x00D4: 00000404    ; jal x0, 8
0x00D8: 00010071    ; addi x7, x0, 1
0x00DC: 0FD1E202    ; sw x7, -96(x17)
0x00E0: 0FD82282    ; lw x8, -96(x17)
0x00E4: 03001076    ; beq x8, x0, 412
0x00E8: 00640091    ; addi x9, x0, 100
0x00EC: 004A46A0    ; mul x10, x3, x9
0x00F0: 0FE2A242    ; sw x10, -60(x17)
0x00F4: 00000051    ; addi x5, x0, 0
0x00F8: 00000A40    ; add x4, x5, x0
0x00FC: 00020071    ; addi x7, x0, 2
0x0100: 00000061    ; addi x6, x0, 0
0x0104: 0011C826    ; blt x4, x7, 8
0x0108: 00000404    ; jal x0, 8
0x010C: 00010061    ; addi x6, x0, 1
0x0110: 0FC1A382    ; sw x6, -104(x17)
0x0114: 0FCE2282    ; lw x8, -104(x17)
0x0118: 02001166    ; beq x8, x0, 344
0x011C: 000106A0    ; add x10, x3, x4
0x0120: 0FE2A202    ; sw x10, -64(x17)
0x0124: 00000091    ; addi x9, x0, 0
0x0128: 0FE26282    ; sw x9, -56(x17)
0x012C: 00000051    ; addi x5, x0, 0
0x0130: 0FD162C2    ; sw x5, -84(x17)
0x0134: 0FDB2262    ; lw x6, -84(x17)
0x0138: 00020071    ; addi x7, x0, 2
0x013C: 00000081    ; addi x8, x0, 0
0x0140: 0011CC26    ; blt x6, x7, 8
0x0144: 00000404    ; jal x0, 8
0x0148: 00010081    ; addi x8, x0, 1
0x014C: 0FC22302    ; sw x8, -112(x17)
0x0150: 0FCC22A2    ; lw x10, -112(x17)
0x0154: 01001526    ; beq x10, x0, 200
0x0158: 0FDB2292    ; lw x9, -84(x17)
0x015C: 00320051    ; addi x5, x0, 50
0x0160: 00495280    ; mul x8, x9, x5
0x0164: 0FD223C2    ; sw x8, -68(x17)
0x0168: 00020071    ; addi x7, x0, 2
0x016C: 0049C660    ; mul x6, x3, x7
0x0170: 0FC1A282    ; sw x6, -120(x17)
0x0174: 0FCA22A2    ; lw x10, -120(x17)
0x0178: 0FDB2282    ; lw x8, -84(x17)
0x017C: 00021450    ; add x5, x10, x8
0x0180: 0FC16242    ; sw x5, -124(x17)
0x0184: 0FC92292    ; lw x9, -124(x17)
0x0188: 00025260    ; add x6, x9, x9
0x018C: 00018C60    ; add x6, x6, x6
0x0190: FFF0A271    ; addiSigned x7, x17, -16
0x0194: 00018E70    ; add x7, x7, x6
0x0198: 00080E52    ; lw x5, 0(x7)
0x019C: 0FC16202    ; sw x5, -128(x17)
0x01A0: 0FDB2282    ; lw x8, -84(x17)
0x01A4: 000200A1    ; addi x10, x0, 2
0x01A8: 004A9060    ; mul x6, x8, x10
0x01AC: 0FB1A3C2    ; sw x6, -132(x17)
0x01B0: 0FBF2292    ; lw x9, -132(x17)
0x01B4: 00011270    ; add x7, x9, x4
0x01B8: 0FB1E382    ; sw x7, -136(x17)
0x01BC: 0FBE2252    ; lw x5, -136(x17)
0x01C0: 00014A60    ; add x6, x5, x5
0x01C4: 00018C60    ; add x6, x6, x6
0x01C8: FFE0A2A1    ; addiSigned x10, x17, -32
0x01CC: 000194A0    ; add x10, x10, x6
0x01D0: 00081482    ; lw x8, 0(x10)
0x01D4: 0FB22342    ; sw x8, -140(x17)
0x01D8: 0FC82272    ; lw x7, -128(x17)
0x01DC: 0FBD2292    ; lw x9, -140(x17)
0x01E0: 004A4E60    ; mul x6, x7, x9
0x01E4: 0FB1A302    ; sw x6, -144(x17)
0x01E8: 0FEA2252    ; lw x5, -56(x17)
0x01EC: 0FBC22A2    ; lw x10, -144(x17)
0x01F0: 00028A80    ; add x8, x5, x10
0x01F4: 0FE22282    ; sw x8, -56(x17)
0x01F8: 0FEB2262    ; lw x6, -52(x17)
0x01FC: 00010091    ; addi x9, x0, 1
0x0200: 00024C70    ; add x7, x6, x9
0x0204: 0FE1E2C2    ; sw x7, -52(x17)
0x0208: 0FDB2282    ; lw x8, -84(x17)
0x020C: 000100A1    ; addi x10, x0, 1
0x0210: 00029050    ; add x5, x8, x10
0x0214: 0FD162C2    ; sw x5, -84(x17)
0x0218: 0FF78E04    ; jal x0, -228
0x021C: 00020071    ; addi x7, x0, 2
0x0220: 0049C690    ; mul x9, x3, x7
0x0224: 0FB26202    ; sw x9, -160(x17)
0x0228: 0FB82262    ; lw x6, -160(x17)
0x022C: 00010C50    ; add x5, x6, x4
0x0230: 0FA163C2    ; sw x5, -164(x17)
0x0234: 0FEA22A2    ; lw x10, -56(x17)
0x0238: 0FAF2282    ; lw x8, -164(x17)
0x023C: 00021090    ; add x9, x8, x8
0x0240: 00025290    ; add x9, x9, x9
0x0244: FFD0A271    ; addiSigned x7, x17, -48
0x0248: 00024E70    ; add x7, x7, x9
0x024C: 00028E02    ; sw x10, 0(x7)
0x0250: 0FEA2252    ; lw x5, -56(x17)
0x0254: 03E70061    ; addi x6, x0, 999
0x0258: 00498A90    ; mul x9, x5, x6
0x025C: 0FD26382    ; sw x9, -72(x17)
0x0260: 00010081    ; addi x8, x0, 1
0x0264: 00020870    ; add x7, x4, x8
0x0268: 00000E40    ; add x4, x7, x0
0x026C: 0FF74804    ; jal x0, -368
0x0270: 000100A1    ; addi x10, x0, 1
0x0274: 00028690    ; add x9, x3, x10
0x0278: 00001230    ; add x3, x9, x0
0x027C: 0FF72604    ; jal x0, -436
0x0280: 0FEB2262    ; lw x6, -52(x17)
0x0284: 0FD1A282    ; sw x6, -88(x17)
0x0288: 0FDA2252    ; lw x5, -88(x17)
0x028C: 00020071    ; addi x7, x0, 2
0x0290: 0049CA80    ; mul x8, x5, x7
0x0294: 0FD22242    ; sw x8, -92(x17)
0x0298: 00000091    ; addi x9, x0, 0
0x029C: 000252A0    ; add x10, x9, x9
0x02A0: 000294A0    ; add x10, x10, x10
0x02A4: FFD0A261    ; addiSigned x6, x17, -48
0x02A8: 00028C60    ; add x6, x6, x10
0x02AC: 00080C82    ; lw x8, 0(x6)
0x02B0: 0FA22282    ; sw x8, -184(x17)
0x02B4: 00010071    ; addi x7, x0, 1
0x02B8: 0001CE50    ; add x5, x7, x7
0x02BC: 00014A50    ; add x5, x5, x5
0x02C0: FFD0A2A1    ; addiSigned x10, x17, -48
0x02C4: 000154A0    ; add x10, x10, x5
0x02C8: 00081492    ; lw x9, 0(x10)
0x02CC: 0FA26242    ; sw x9, -188(x17)
0x02D0: 0FAA2262    ; lw x6, -184(x17)
0x02D4: 0FA92282    ; lw x8, -188(x17)
0x02D8: 00020C50    ; add x5, x6, x8
0x02DC: 0FA16202    ; sw x5, -192(x17)
0x02E0: 00020071    ; addi x7, x0, 2
0x02E4: 0001CEA0    ; add x10, x7, x7
0x02E8: 000294A0    ; add x10, x10, x10
0x02EC: FFD0A291    ; addiSigned x9, x17, -48
0x02F0: 00029290    ; add x9, x9, x10
0x02F4: 00081252    ; lw x5, 0(x9)
0x02F8: 0F9163C2    ; sw x5, -196(x17)
0x02FC: 0FA82282    ; lw x8, -192(x17)
0x0300: 0F9F2262    ; lw x6, -196(x17)
0x0304: 000190A0    ; add x10, x8, x6
0x0308: 0F92A382    ; sw x10, -200(x17)
0x030C: 00030071    ; addi x7, x0, 3
0x0310: 0001CE90    ; add x9, x7, x7
0x0314: 00025290    ; add x9, x9, x9
0x0318: FFD0A251    ; addiSigned x5, x17, -48
0x031C: 00024A50    ; add x5, x5, x9
0x0320: 00080AA2    ; lw x10, 0(x5)
0x0324: 0F92A342    ; sw x10, -204(x17)
0x0328: 0F9E2262    ; lw x6, -200(x17)
0x032C: 0F9D2282    ; lw x8, -204(x17)
0x0330: 00020C90    ; add x9, x6, x8
0x0334: 0F926302    ; sw x9, -208(x17)
0x0338: 0F9C2272    ; lw x7, -208(x17)
0x033C: 00000EB0    ; add x11, x7, x0
0x0340: 00000204    ; jal x0, 4
0x0344: 00090512    ; lw x17, 4(x2)
0x0348: 00D80421    ; addi x2, x2, 216
0x034C: 00600000    ; freeze

; Seccion .data
; <sin datos globales>
