; ==================================================
; Fase 6 - codigo binario generado
; ==================================================

; Encabezado MYCE
;   magic             = MYCE
;   version           = 1
;   header_size       = 44 bytes
;   entry_point       = 0x00000000
;   text_offset       = 44
;   text_size         = 652 bytes
;   data_offset       = 696
;   data_size         = 0 bytes
;   text_base         = 0x00000000
;   data_base         = 0x00000000
;   instruction_count = 163

; Seccion .text
0x0000: 00200066    ; portalv x0, x0, 24
0x0004: 0008000E    ; lwv v0, 0(v0)
0x0008: 00580000    ; sleep
0x000C: 00580000    ; sleep
0x0010: 00580000    ; sleep
0x0014: 0000000C    ; closev
0x0018: 00004021    ; addiHIGH x2, x0, 0
0x001C: 7FF00421    ; addi x2, x2, 0x7FF0
0x0020: FF408421    ; addiSigned x2, x2, -192
0x0024: 00004402    ; sw x1, 0(x2)
0x0028: 00044442    ; sw x17, 4(x2)
0x002C: 00C00511    ; addi x17, x2, 192
0x0030: 00010051    ; addi x5, x0, 1
0x0034: 0FF16302    ; sw x5, -16(x17)
0x0038: 00020061    ; addi x6, x0, 2
0x003C: 0FF1A342    ; sw x6, -12(x17)
0x0040: 00030071    ; addi x7, x0, 3
0x0044: 0FF1E382    ; sw x7, -8(x17)
0x0048: 00040081    ; addi x8, x0, 4
0x004C: 0FF223C2    ; sw x8, -4(x17)
0x0050: 00050091    ; addi x9, x0, 5
0x0054: 0FF26202    ; sw x9, -32(x17)
0x0058: 000600A1    ; addi x10, x0, 6
0x005C: 0FF2A242    ; sw x10, -28(x17)
0x0060: 00070051    ; addi x5, x0, 7
0x0064: 0FF16282    ; sw x5, -24(x17)
0x0068: 00080061    ; addi x6, x0, 8
0x006C: 0FF1A2C2    ; sw x6, -20(x17)
0x0070: 00000071    ; addi x7, x0, 0
0x0074: 0FE1E302    ; sw x7, -48(x17)
0x0078: 00000081    ; addi x8, x0, 0
0x007C: 0FE22342    ; sw x8, -44(x17)
0x0080: 00000091    ; addi x9, x0, 0
0x0084: 0FE26382    ; sw x9, -40(x17)
0x0088: 000000A1    ; addi x10, x0, 0
0x008C: 0FE2A3C2    ; sw x10, -36(x17)
0x0090: 00000051    ; addi x5, x0, 0
0x0094: 00000A30    ; add x3, x5, x0
0x0098: 00020061    ; addi x6, x0, 2
0x009C: 00000071    ; addi x7, x0, 0
0x00A0: 00118626    ; blt x3, x6, 8
0x00A4: 00000404    ; jal x0, 8
0x00A8: 00010071    ; addi x7, x0, 1
0x00AC: 00000FD0    ; add x29, x7, x0
0x00B0: 02003AD6    ; beq x29, x0, 308
0x00B4: 00000081    ; addi x8, x0, 0
0x00B8: 00001040    ; add x4, x8, x0
0x00BC: 00020091    ; addi x9, x0, 2
0x00C0: 000000A1    ; addi x10, x0, 0
0x00C4: 00124826    ; blt x4, x9, 8
0x00C8: 00000404    ; jal x0, 8
0x00CC: 000100A1    ; addi x10, x0, 1
0x00D0: 000015E0    ; add x30, x10, x0
0x00D4: 02003C06    ; beq x30, x0, 256
0x00D8: 00000051    ; addi x5, x0, 0
0x00DC: 00000B50    ; add x21, x5, x0
0x00E0: 00000071    ; addi x7, x0, 0
0x00E4: 00000F40    ; add x20, x7, x0
0x00E8: 00020061    ; addi x6, x0, 2
0x00EC: 00000081    ; addi x8, x0, 0
0x00F0: 0011A826    ; blt x20, x6, 8
0x00F4: 00000404    ; jal x0, 8
0x00F8: 00010081    ; addi x8, x0, 1
0x00FC: 000011F0    ; add x31, x8, x0
0x0100: 01003E56    ; beq x31, x0, 148
0x0104: 000200A1    ; addi x10, x0, 2
0x0108: 004A8690    ; mul x9, x3, x10
0x010C: 0FC26342    ; sw x9, -108(x17)
0x0110: 0FCD2252    ; lw x5, -108(x17)
0x0114: 00050A70    ; add x7, x5, x20
0x0118: 0FC1E302    ; sw x7, -112(x17)
0x011C: 0FCC2282    ; lw x8, -112(x17)
0x0120: 00021060    ; add x6, x8, x8
0x0124: 00018C60    ; add x6, x6, x6
0x0128: FFF0A291    ; addiSigned x9, x17, -16
0x012C: 00019290    ; add x9, x9, x6
0x0130: 000812A2    ; lw x10, 0(x9)
0x0134: 00001560    ; add x22, x10, x0
0x0138: 00020071    ; addi x7, x0, 2
0x013C: 0049E850    ; mul x5, x20, x7
0x0140: 0FC16282    ; sw x5, -120(x17)
0x0144: 0FCA2262    ; lw x6, -120(x17)
0x0148: 00010C80    ; add x8, x6, x4
0x014C: 0FC22242    ; sw x8, -124(x17)
0x0150: 0FC92292    ; lw x9, -124(x17)
0x0154: 000252A0    ; add x10, x9, x9
0x0158: 000294A0    ; add x10, x10, x10
0x015C: FFE0A251    ; addiSigned x5, x17, -32
0x0160: 00028A50    ; add x5, x5, x10
0x0164: 00080A72    ; lw x7, 0(x5)
0x0168: 00000F90    ; add x25, x7, x0
0x016C: 00010081    ; addi x8, x0, 1
0x0170: 00022860    ; add x6, x20, x8
0x0174: 00000D70    ; add x23, x6, x0
0x0178: 004E6CA0    ; mul x10, x22, x25
0x017C: 0FB2A382    ; sw x10, -136(x17)
0x0180: 0FBE2292    ; lw x9, -136(x17)
0x0184: 00026A50    ; add x5, x21, x9
0x0188: 00000B50    ; add x21, x5, x0
0x018C: 00002F40    ; add x20, x23, x0
0x0190: 0FF7AC04    ; jal x0, -168
0x0194: 00020071    ; addi x7, x0, 2
0x0198: 0049C660    ; mul x6, x3, x7
0x019C: 0FB1A302    ; sw x6, -144(x17)
0x01A0: 0FBC2282    ; lw x8, -144(x17)
0x01A4: 000110A0    ; add x10, x8, x4
0x01A8: 0FB2A2C2    ; sw x10, -148(x17)
0x01AC: 0FBB2252    ; lw x5, -148(x17)
0x01B0: 00014A90    ; add x9, x5, x5
0x01B4: 00025290    ; add x9, x9, x9
0x01B8: FFD0A261    ; addiSigned x6, x17, -48
0x01BC: 00024C60    ; add x6, x6, x9
0x01C0: 00054C02    ; sw x21, 0(x6)
0x01C4: 00010071    ; addi x7, x0, 1
0x01C8: 0001C8A0    ; add x10, x4, x7
0x01CC: 00001440    ; add x4, x10, x0
0x01D0: 0FF77604    ; jal x0, -276
0x01D4: 00010081    ; addi x8, x0, 1
0x01D8: 00020690    ; add x9, x3, x8
0x01DC: 00001230    ; add x3, x9, x0
0x01E0: 0FF75C04    ; jal x0, -328
0x01E4: 00000051    ; addi x5, x0, 0
0x01E8: 00014A60    ; add x6, x5, x5
0x01EC: 00018C60    ; add x6, x6, x6
0x01F0: FFD0A2A1    ; addiSigned x10, x17, -48
0x01F4: 000194A0    ; add x10, x10, x6
0x01F8: 00081472    ; lw x7, 0(x10)
0x01FC: 00000F80    ; add x24, x7, x0
0x0200: 00010091    ; addi x9, x0, 1
0x0204: 00025280    ; add x8, x9, x9
0x0208: 00021080    ; add x8, x8, x8
0x020C: FFD0A261    ; addiSigned x6, x17, -48
0x0210: 00020C60    ; add x6, x6, x8
0x0214: 00080C52    ; lw x5, 0(x6)
0x0218: 00000BA0    ; add x26, x5, x0
0x021C: 000200A1    ; addi x10, x0, 2
0x0220: 00029470    ; add x7, x10, x10
0x0224: 0001CE70    ; add x7, x7, x7
0x0228: FFD0A281    ; addiSigned x8, x17, -48
0x022C: 0001D080    ; add x8, x8, x7
0x0230: 00081092    ; lw x9, 0(x8)
0x0234: 000013B0    ; add x27, x9, x0
0x0238: 0006B060    ; add x6, x24, x26
0x023C: 0FA1A342    ; sw x6, -172(x17)
0x0240: 0FAD2252    ; lw x5, -172(x17)
0x0244: 0006CA70    ; add x7, x5, x27
0x0248: 00000FC0    ; add x28, x7, x0
0x024C: 000300A1    ; addi x10, x0, 3
0x0250: 00029480    ; add x8, x10, x10
0x0254: 00021080    ; add x8, x8, x8
0x0258: FFD0A291    ; addiSigned x9, x17, -48
0x025C: 00021290    ; add x9, x9, x8
0x0260: 00081262    ; lw x6, 0(x9)
0x0264: 0FA1A2C2    ; sw x6, -180(x17)
0x0268: 0FAB2272    ; lw x7, -180(x17)
0x026C: 0001F850    ; add x5, x28, x7
0x0270: 0FA16282    ; sw x5, -184(x17)
0x0274: 0FAA2282    ; lw x8, -184(x17)
0x0278: 000010B0    ; add x11, x8, x0
0x027C: 00000204    ; jal x0, 4
0x0280: 00090512    ; lw x17, 4(x2)
0x0284: 00C00421    ; addi x2, x2, 192
0x0288: 00600000    ; freeze

; Seccion .data
; <sin datos globales>
