; ==================================================
; Fase 6 - codigo binario generado
; ==================================================

; Encabezado MYCE
;   magic             = MYCE
;   version           = 1
;   header_size       = 44 bytes
;   entry_point       = 0x00000000
;   text_offset       = 44
;   text_size         = 396 bytes
;   data_offset       = 440
;   data_size         = 0 bytes
;   text_base         = 0x00000000
;   data_base         = 0x00000000
;   instruction_count = 99

; Seccion .text
0x0000: 00200066    ; portalv x0, x0, 24
0x0004: 0008000E    ; lwv v0, 0(v0)
0x0008: 00580000    ; sleep
0x000C: 00580000    ; sleep
0x0010: 00580000    ; sleep
0x0014: 0000000C    ; closev
0x0018: 00004021    ; addiHIGH x2, x0, 0
0x001C: 7FF00421    ; addi x2, x2, 0x7FF0
0x0020: FFD88421    ; addiSigned x2, x2, -40
0x0024: 00004402    ; sw x1, 0(x2)
0x0028: 00044442    ; sw x17, 4(x2)
0x002C: 00280511    ; addi x17, x2, 40
0x0030: 000A0041    ; addi x4, x0, 10
0x0034: 0FF12242    ; sw x4, -28(x17)
0x0038: 00140051    ; addi x5, x0, 20
0x003C: 0FF16282    ; sw x5, -24(x17)
0x0040: 001E0061    ; addi x6, x0, 30
0x0044: 0FF1A2C2    ; sw x6, -20(x17)
0x0048: 00280071    ; addi x7, x0, 40
0x004C: 0FF1E302    ; sw x7, -16(x17)
0x0050: 00320081    ; addi x8, x0, 50
0x0054: 0FF22342    ; sw x8, -12(x17)
0x0058: 003C0091    ; addi x9, x0, 60
0x005C: 0FF26382    ; sw x9, -8(x17)
0x0060: 004600A1    ; addi x10, x0, 70
0x0064: 0FF2A3C2    ; sw x10, -4(x17)
0x0068: FFE4A241    ; addiSigned x4, x17, -28
0x006C: 000008B0    ; add x11, x4, x0
0x0070: 00001014    ; jal x1, 32
0x0074: 00001650    ; add x5, x11, x0
0x0078: 00000A30    ; add x3, x5, x0
0x007C: 000006B0    ; add x11, x3, x0
0x0080: 00000204    ; jal x0, 4
0x0084: 00090512    ; lw x17, 4(x2)
0x0088: 00280421    ; addi x2, x2, 40
0x008C: 00600000    ; freeze
0x0090: FFB48421    ; addiSigned x2, x2, -76
0x0094: 00004402    ; sw x1, 0(x2)
0x0098: 00044442    ; sw x17, 4(x2)
0x009C: 004C0511    ; addi x17, x2, 76
0x00A0: 0FF2E3C2    ; sw x11, -4(x17)
0x00A4: 00000051    ; addi x5, x0, 0
0x00A8: 00000A30    ; add x3, x5, x0
0x00AC: 00000061    ; addi x6, x0, 0
0x00B0: 00000C40    ; add x4, x6, x0
0x00B4: 00070071    ; addi x7, x0, 7
0x00B8: 00000081    ; addi x8, x0, 0
0x00BC: 0011C626    ; blt x3, x7, 8
0x00C0: 00000404    ; jal x0, 8
0x00C4: 00010081    ; addi x8, x0, 1
0x00C8: 0FE223C2    ; sw x8, -36(x17)
0x00CC: 0FEF2292    ; lw x9, -36(x17)
0x00D0: 01001296    ; beq x9, x0, 164
0x00D4: 0000C6A0    ; add x10, x3, x3
0x00D8: 000294A0    ; add x10, x10, x10
0x00DC: 0FFF2252    ; lw x5, -4(x17)
0x00E0: 00028A50    ; add x5, x5, x10
0x00E4: 00080A62    ; lw x6, 0(x5)
0x00E8: 0FE1A382    ; sw x6, -40(x17)
0x00EC: 0FEE2282    ; lw x8, -40(x17)
0x00F0: 0FF22302    ; sw x8, -16(x17)
0x00F4: 00640071    ; addi x7, x0, 100
0x00F8: 0049C690    ; mul x9, x3, x7
0x00FC: 0FF262C2    ; sw x9, -20(x17)
0x0100: 0FFC22A2    ; lw x10, -16(x17)
0x0104: 00020051    ; addi x5, x0, 2
0x0108: 00495460    ; mul x6, x10, x5
0x010C: 0FF1A282    ; sw x6, -24(x17)
0x0110: 0FFA2282    ; lw x8, -24(x17)
0x0114: 000A0091    ; addi x9, x0, 10
0x0118: 00025070    ; add x7, x8, x9
0x011C: 0FF1E242    ; sw x7, -28(x17)
0x0120: 0FF92262    ; lw x6, -28(x17)
0x0124: 00030051    ; addi x5, x0, 3
0x0128: 00494CA0    ; mul x10, x6, x5
0x012C: 0FF2A202    ; sw x10, -32(x17)
0x0130: 0FFC2272    ; lw x7, -16(x17)
0x0134: 00320091    ; addi x9, x0, 50
0x0138: 00000081    ; addi x8, x0, 0
0x013C: 0011D226    ; blt x9, x7, 8
0x0140: 00000404    ; jal x0, 8
0x0144: 00010081    ; addi x8, x0, 1
0x0148: 0FE22242    ; sw x8, -60(x17)
0x014C: 0FE922A2    ; lw x10, -60(x17)
0x0150: 00001456    ; beq x10, x0, 20
0x0154: 0FF82252    ; lw x5, -32(x17)
0x0158: 00014860    ; add x6, x4, x5
0x015C: 00000C40    ; add x4, x6, x0
0x0160: 00000204    ; jal x0, 4
0x0164: 00010081    ; addi x8, x0, 1
0x0168: 00020690    ; add x9, x3, x8
0x016C: 00001230    ; add x3, x9, x0
0x0170: 0FF7A204    ; jal x0, -188
0x0174: 000008B0    ; add x11, x4, x0
0x0178: 00000204    ; jal x0, 4
0x017C: 00080412    ; lw x1, 0(x2)
0x0180: 00090512    ; lw x17, 4(x2)
0x0184: 004C0421    ; addi x2, x2, 76
0x0188: 00080014    ; jalr x1, 0

; Seccion .data
; <sin datos globales>
