; ==================================================
; Fase 6 - codigo binario generado
; ==================================================

; Encabezado MYCE
;   magic             = MYCE
;   version           = 1
;   header_size       = 44 bytes
;   entry_point       = 0x00000000
;   text_offset       = 44
;   text_size         = 128 bytes
;   data_offset       = 172
;   data_size         = 0 bytes
;   text_base         = 0x00000000
;   data_base         = 0x00000000
;   instruction_count = 32

; Seccion .text
0x0000: 00200066    ; portalv x0, x0, 24
0x0004: 0008000E    ; lwv v0, 0(v0)
0x0008: 00580000    ; sleep
0x000C: 00580000    ; sleep
0x0010: 00580000    ; sleep
0x0014: 0000000C    ; closev
0x0018: 00004021    ; addiHIGH x2, x0, 0
0x001C: 7FF00421    ; addi x2, x2, 0x7FF0
0x0020: FFB88421    ; addiSigned x2, x2, -72
0x0024: 00004402    ; sw x1, 0(x2)
0x0028: 00044442    ; sw x17, 4(x2)
0x002C: 00480511    ; addi x17, x2, 72
0x0030: 00000031    ; addi x3, x0, 0
0x0034: 0FF0E202    ; sw x3, -32(x17)
0x0038: 002A0031    ; addi x3, x0, 42
0x003C: 00000041    ; addi x4, x0, 0
0x0040: 00010850    ; add x5, x4, x4
0x0044: 00014A50    ; add x5, x5, x5
0x0048: FFE0A261    ; addiSigned x6, x17, -32
0x004C: 00014C60    ; add x6, x6, x5
0x0050: 0000CC02    ; sw x3, 0(x6)
0x0054: 00000031    ; addi x3, x0, 0
0x0058: 0000C660    ; add x6, x3, x3
0x005C: 00018C60    ; add x6, x6, x6
0x0060: FFE0A251    ; addiSigned x5, x17, -32
0x0064: 00018A50    ; add x5, x5, x6
0x0068: 00080A62    ; lw x6, 0(x5)
0x006C: 00000CB0    ; add x11, x6, x0
0x0070: 00000204    ; jal x0, 4
0x0074: 00090512    ; lw x17, 4(x2)
0x0078: 00480421    ; addi x2, x2, 72
0x007C: 00600000    ; freeze

; Seccion .data
; <sin datos globales>
