; ==================================================
; Fase 6 - codigo binario generado
; ==================================================

; Encabezado MYCE
;   magic             = MYCE
;   version           = 1
;   header_size       = 44 bytes
;   entry_point       = 0x00000000
;   text_offset       = 44
;   text_size         = 2444 bytes
;   data_offset       = 2488
;   data_size         = 48 bytes
;   text_base         = 0x00000000
;   data_base         = 0x00008000
;   instruction_count = 611

; Seccion .text
0x0000: 00200066    ; portalv x0, x0, 24
0x0004: 0008000E    ; lwv v0, 0(v0)
0x0008: 00580000    ; sleep
0x000C: 00580000    ; sleep
0x0010: 00580000    ; sleep
0x0014: 0000000C    ; closev
0x0018: 00004021    ; addiHIGH x2, x0, 0
0x001C: 7FF00421    ; addi x2, x2, 0x7FF0
0x0020: FFC88421    ; addiSigned x2, x2, -56
0x0024: 00004402    ; sw x1, 0(x2)
0x0028: 00044442    ; sw x17, 4(x2)
0x002C: 00380511    ; addi x17, x2, 56
0x0030: 00000051    ; addi x5, x0, 0
0x0034: 00014A60    ; add x6, x5, x5
0x0038: 00018C60    ; add x6, x6, x6
0x003C: 00004071    ; addiHIGH x7, x0, 0
0x0040: 80100E71    ; addi x7, x7, 32784
0x0044: 00018E70    ; add x7, x7, x6
0x0048: 00080E82    ; lw x8, 0(x7)
0x004C: 0FF223C2    ; sw x8, -4(x17)
0x0050: 0FFF2272    ; lw x7, -4(x17)
0x0054: 00000091    ; addi x9, x0, 0
0x0058: 000252A0    ; add x10, x9, x9
0x005C: 000294A0    ; add x10, x10, x10
0x0060: 00004061    ; addiHIGH x6, x0, 0
0x0064: 80180C61    ; addi x6, x6, 32792
0x0068: 00028C60    ; add x6, x6, x10
0x006C: 0001CC02    ; sw x7, 0(x6)
0x0070: 00010051    ; addi x5, x0, 1
0x0074: 00014A80    ; add x8, x5, x5
0x0078: 00021080    ; add x8, x8, x8
0x007C: 000040A1    ; addiHIGH x10, x0, 0
0x0080: 801014A1    ; addi x10, x10, 32784
0x0084: 000214A0    ; add x10, x10, x8
0x0088: 00081492    ; lw x9, 0(x10)
0x008C: 0FF26382    ; sw x9, -8(x17)
0x0090: 0FFE2282    ; lw x8, -8(x17)
0x0094: 00010061    ; addi x6, x0, 1
0x0098: 00018C70    ; add x7, x6, x6
0x009C: 0001CE70    ; add x7, x7, x7
0x00A0: 00004051    ; addiHIGH x5, x0, 0
0x00A4: 80180A51    ; addi x5, x5, 32792
0x00A8: 0001CA50    ; add x5, x5, x7
0x00AC: 00020A02    ; sw x8, 0(x5)
0x00B0: 000040A1    ; addiHIGH x10, x0, 0
0x00B4: 801814A1    ; addi x10, x10, 32792
0x00B8: 000014B0    ; add x11, x10, x0
0x00BC: 00004091    ; addiHIGH x9, x0, 0
0x00C0: 80001291    ; addi x9, x9, 32768
0x00C4: 000012C0    ; add x12, x9, x0
0x00C8: 0000C614    ; jal x1, 396
0x00CC: 00000071    ; addi x7, x0, 0
0x00D0: 0001CE60    ; add x6, x7, x7
0x00D4: 00018C60    ; add x6, x6, x6
0x00D8: 00004051    ; addiHIGH x5, x0, 0
0x00DC: 80180A51    ; addi x5, x5, 32792
0x00E0: 00018A50    ; add x5, x5, x6
0x00E4: 00080A82    ; lw x8, 0(x5)
0x00E8: 0FF22302    ; sw x8, -16(x17)
0x00EC: 0FFC22A2    ; lw x10, -16(x17)
0x00F0: 00000091    ; addi x9, x0, 0
0x00F4: 00025260    ; add x6, x9, x9
0x00F8: 00018C60    ; add x6, x6, x6
0x00FC: 00004071    ; addiHIGH x7, x0, 0
0x0100: 80200E71    ; addi x7, x7, 32800
0x0104: 00018E70    ; add x7, x7, x6
0x0108: 00028E02    ; sw x10, 0(x7)
0x010C: 00010051    ; addi x5, x0, 1
0x0110: 00014A80    ; add x8, x5, x5
0x0114: 00021080    ; add x8, x8, x8
0x0118: 00004061    ; addiHIGH x6, x0, 0
0x011C: 80180C61    ; addi x6, x6, 32792
0x0120: 00020C60    ; add x6, x6, x8
0x0124: 00080C92    ; lw x9, 0(x6)
0x0128: 0FF262C2    ; sw x9, -20(x17)
0x012C: 0FFB2272    ; lw x7, -20(x17)
0x0130: 000100A1    ; addi x10, x0, 1
0x0134: 00029480    ; add x8, x10, x10
0x0138: 00021080    ; add x8, x8, x8
0x013C: 00004051    ; addiHIGH x5, x0, 0
0x0140: 80200A51    ; addi x5, x5, 32800
0x0144: 00020A50    ; add x5, x5, x8
0x0148: 0001CA02    ; sw x7, 0(x5)
0x014C: 00004061    ; addiHIGH x6, x0, 0
0x0150: 80200C61    ; addi x6, x6, 32800
0x0154: 00000CB0    ; add x11, x6, x0
0x0158: 00004091    ; addiHIGH x9, x0, 0
0x015C: 80001291    ; addi x9, x9, 32768
0x0160: 000012C0    ; add x12, x9, x0
0x0164: 00024414    ; jal x1, 1160
0x0168: 00000081    ; addi x8, x0, 0
0x016C: 000210A0    ; add x10, x8, x8
0x0170: 000294A0    ; add x10, x10, x10
0x0174: 00004051    ; addiHIGH x5, x0, 0
0x0178: 80200A51    ; addi x5, x5, 32800
0x017C: 00028A50    ; add x5, x5, x10
0x0180: 00080A72    ; lw x7, 0(x5)
0x0184: 00000E30    ; add x3, x7, x0
0x0188: 00000061    ; addi x6, x0, 0
0x018C: 00018C90    ; add x9, x6, x6
0x0190: 00025290    ; add x9, x9, x9
0x0194: 000040A1    ; addiHIGH x10, x0, 0
0x0198: 801014A1    ; addi x10, x10, 32784
0x019C: 000254A0    ; add x10, x10, x9
0x01A0: 00081482    ; lw x8, 0(x10)
0x01A4: 0FF22202    ; sw x8, -32(x17)
0x01A8: 0FF82262    ; lw x6, -32(x17)
0x01AC: 00000071    ; addi x7, x0, 0
0x01B0: 00018626    ; beq x3, x6, 8
0x01B4: 00000404    ; jal x0, 8
0x01B8: 00010071    ; addi x7, x0, 1
0x01BC: 0FE1E3C2    ; sw x7, -36(x17)
0x01C0: 0FEF2272    ; lw x7, -36(x17)
0x01C4: 00000FE6    ; beq x7, x0, 120
0x01C8: 00010051    ; addi x5, x0, 1
0x01CC: 00014A90    ; add x9, x5, x5
0x01D0: 00025290    ; add x9, x9, x9
0x01D4: 000040A1    ; addiHIGH x10, x0, 0
0x01D8: 802014A1    ; addi x10, x10, 32800
0x01DC: 000254A0    ; add x10, x10, x9
0x01E0: 00081482    ; lw x8, 0(x10)
0x01E4: 00001040    ; add x4, x8, x0
0x01E8: 00010061    ; addi x6, x0, 1
0x01EC: 00018C70    ; add x7, x6, x6
0x01F0: 0001CE70    ; add x7, x7, x7
0x01F4: 00004091    ; addiHIGH x9, x0, 0
0x01F8: 80101291    ; addi x9, x9, 32784
0x01FC: 0001D290    ; add x9, x9, x7
0x0200: 00081252    ; lw x5, 0(x9)
0x0204: 0FE16342    ; sw x5, -44(x17)
0x0208: 0FED2292    ; lw x9, -44(x17)
0x020C: 000000A1    ; addi x10, x0, 0
0x0210: 00024826    ; beq x4, x9, 8
0x0214: 00000404    ; jal x0, 8
0x0218: 000100A1    ; addi x10, x0, 1
0x021C: 0FE2A302    ; sw x10, -48(x17)
0x0220: 0FEC22A2    ; lw x10, -48(x17)
0x0224: 00001456    ; beq x10, x0, 20
0x0228: 00000081    ; addi x8, x0, 0
0x022C: 000010B0    ; add x11, x8, x0
0x0230: 00000C04    ; jal x0, 24
0x0234: 00000204    ; jal x0, 4
0x0238: 00000204    ; jal x0, 4
0x023C: 00010071    ; addi x7, x0, 1
0x0240: 00000EB0    ; add x11, x7, x0
0x0244: 00000204    ; jal x0, 4
0x0248: 00090512    ; lw x17, 4(x2)
0x024C: 00380421    ; addi x2, x2, 56
0x0250: 00600000    ; freeze
0x0254: FF308421    ; addiSigned x2, x2, -208
0x0258: 00004402    ; sw x1, 0(x2)
0x025C: 00044442    ; sw x17, 4(x2)
0x0260: 00D00511    ; addi x17, x2, 208
0x0264: 0FF2E3C2    ; sw x11, -4(x17)
0x0268: 0FF32382    ; sw x12, -8(x17)
0x026C: 00000051    ; addi x5, x0, 0
0x0270: 00014A60    ; add x6, x5, x5
0x0274: 00018C60    ; add x6, x6, x6
0x0278: 0FFF2272    ; lw x7, -4(x17)
0x027C: 00018E70    ; add x7, x7, x6
0x0280: 00080E82    ; lw x8, 0(x7)
0x0284: 0FE222C2    ; sw x8, -52(x17)
0x0288: 00010091    ; addi x9, x0, 1
0x028C: 000252A0    ; add x10, x9, x9
0x0290: 000294A0    ; add x10, x10, x10
0x0294: 0FFF2262    ; lw x6, -4(x17)
0x0298: 00028C60    ; add x6, x6, x10
0x029C: 00080C52    ; lw x5, 0(x6)
0x02A0: 0FE16282    ; sw x5, -56(x17)
0x02A4: 0FEB2272    ; lw x7, -52(x17)
0x02A8: 00000E30    ; add x3, x7, x0
0x02AC: 0FEA2282    ; lw x8, -56(x17)
0x02B0: 00001040    ; add x4, x8, x0
0x02B4: 000000A1    ; addi x10, x0, 0
0x02B8: 0FF2A2C2    ; sw x10, -20(x17)
0x02BC: 00000091    ; addi x9, x0, 0
0x02C0: 0FF26282    ; sw x9, -24(x17)
0x02C4: 0FFA2262    ; lw x6, -24(x17)
0x02C8: 00200051    ; addi x5, x0, 32
0x02CC: 00000071    ; addi x7, x0, 0
0x02D0: 00114C26    ; blt x6, x5, 8
0x02D4: 00000404    ; jal x0, 8
0x02D8: 00010071    ; addi x7, x0, 1
0x02DC: 0FE1E242    ; sw x7, -60(x17)
0x02E0: 0FE92252    ; lw x5, -60(x17)
0x02E4: 05000B26    ; beq x5, x0, 712
0x02E8: 0FFB2282    ; lw x8, -20(x17)
0x02EC: 00004091    ; addiHIGH x9, x0, 0
0x02F0: 80281291    ; addi x9, x9, 32808
0x02F4: 000812A2    ; lw x10, 0(x9)
0x02F8: 00029070    ; add x7, x8, x10
0x02FC: 0FF1E2C2    ; sw x7, -20(x17)
0x0300: 00000061    ; addi x6, x0, 0
0x0304: 00018C50    ; add x5, x6, x6
0x0308: 00014A50    ; add x5, x5, x5
0x030C: 0FFE2292    ; lw x9, -8(x17)
0x0310: 00015290    ; add x9, x9, x5
0x0314: 00081272    ; lw x7, 0(x9)
0x0318: 0FD1E3C2    ; sw x7, -68(x17)
0x031C: 0FFB22A2    ; lw x10, -20(x17)
0x0320: 00028890    ; add x9, x4, x10
0x0324: 0FD26382    ; sw x9, -72(x17)
0x0328: 0FDF2272    ; lw x7, -68(x17)
0x032C: 00040051    ; addi x5, x0, 4
0x0330: 00114880    ; sll x8, x4, x5
0x0334: 0001D080    ; add x8, x8, x7
0x0338: 0FF22242    ; sw x8, -28(x17)
0x033C: 0FDE2292    ; lw x9, -72(x17)
0x0340: 0FF26202    ; sw x9, -32(x17)
0x0344: 00010061    ; addi x6, x0, 1
0x0348: 00018CA0    ; add x10, x6, x6
0x034C: 000294A0    ; add x10, x10, x10
0x0350: 0FFE2252    ; lw x5, -8(x17)
0x0354: 00028A50    ; add x5, x5, x10
0x0358: 00080A82    ; lw x8, 0(x5)
0x035C: 0FD22302    ; sw x8, -80(x17)
0x0360: 0FF92272    ; lw x7, -28(x17)
0x0364: 0FF82292    ; lw x9, -32(x17)
0x0368: 00224EA0    ; xor x10, x7, x9
0x036C: 0FD2A2C2    ; sw x10, -84(x17)
0x0370: 0FDC22A2    ; lw x10, -80(x17)
0x0374: 00050051    ; addi x5, x0, 5
0x0378: 00294860    ; srl x6, x4, x5
0x037C: 00028C60    ; add x6, x6, x10
0x0380: 0FE1A3C2    ; sw x6, -36(x17)
0x0384: 0FDB2282    ; lw x8, -84(x17)
0x0388: 0FEF2292    ; lw x9, -36(x17)
0x038C: 00225050    ; xor x5, x8, x9
0x0390: 0FD16242    ; sw x5, -92(x17)
0x0394: 0FD92252    ; lw x5, -92(x17)
0x0398: 00014670    ; add x7, x3, x5
0x039C: 00000E30    ; add x3, x7, x0
0x03A0: 00020061    ; addi x6, x0, 2
0x03A4: 00018CA0    ; add x10, x6, x6
0x03A8: 000294A0    ; add x10, x10, x10
0x03AC: 0FFE2292    ; lw x9, -8(x17)
0x03B0: 00029290    ; add x9, x9, x10
0x03B4: 00081282    ; lw x8, 0(x9)
0x03B8: 0FC223C2    ; sw x8, -100(x17)
0x03BC: 0FFB2272    ; lw x7, -20(x17)
0x03C0: 0001C690    ; add x9, x3, x7
0x03C4: 0FC26382    ; sw x9, -104(x17)
0x03C8: 0FCF2272    ; lw x7, -100(x17)
0x03CC: 000400A1    ; addi x10, x0, 4
0x03D0: 00128650    ; sll x5, x3, x10
0x03D4: 0001CA50    ; add x5, x5, x7
0x03D8: 0FE16382    ; sw x5, -40(x17)
0x03DC: 0FCE2292    ; lw x9, -104(x17)
0x03E0: 0FE26342    ; sw x9, -44(x17)
0x03E4: 00030061    ; addi x6, x0, 3
0x03E8: 00018C80    ; add x8, x6, x6
0x03EC: 00021080    ; add x8, x8, x8
0x03F0: 0FFE22A2    ; lw x10, -8(x17)
0x03F4: 000214A0    ; add x10, x10, x8
0x03F8: 00081452    ; lw x5, 0(x10)
0x03FC: 0FC16302    ; sw x5, -112(x17)
0x0400: 0FEE2272    ; lw x7, -40(x17)
0x0404: 0FED2292    ; lw x9, -44(x17)
0x0408: 00224E80    ; xor x8, x7, x9
0x040C: 0FC222C2    ; sw x8, -116(x17)
0x0410: 0FCC22A2    ; lw x10, -112(x17)
0x0414: 00050051    ; addi x5, x0, 5
0x0418: 00294660    ; srl x6, x3, x5
0x041C: 00028C60    ; add x6, x6, x10
0x0420: 0FE1A302    ; sw x6, -48(x17)
0x0424: 0FCB2282    ; lw x8, -116(x17)
0x0428: 0FEC2292    ; lw x9, -48(x17)
0x042C: 00225050    ; xor x5, x8, x9
0x0430: 0FC16242    ; sw x5, -124(x17)
0x0434: 0FC92252    ; lw x5, -124(x17)
0x0438: 00014870    ; add x7, x4, x5
0x043C: 00000E40    ; add x4, x7, x0
0x0440: 0FFB2262    ; lw x6, -20(x17)
0x0444: 00004091    ; addiHIGH x9, x0, 0
0x0448: 80281291    ; addi x9, x9, 32808
0x044C: 000812A2    ; lw x10, 0(x9)
0x0450: 00028C80    ; add x8, x6, x10
0x0454: 0FF222C2    ; sw x8, -20(x17)
0x0458: 00000071    ; addi x7, x0, 0
0x045C: 0001CE50    ; add x5, x7, x7
0x0460: 00014A50    ; add x5, x5, x5
0x0464: 0FFE2292    ; lw x9, -8(x17)
0x0468: 00015290    ; add x9, x9, x5
0x046C: 00081282    ; lw x8, 0(x9)
0x0470: 0FB22382    ; sw x8, -136(x17)
0x0474: 0FFB22A2    ; lw x10, -20(x17)
0x0478: 00028860    ; add x6, x4, x10
0x047C: 0FB1A342    ; sw x6, -140(x17)
0x0480: 0FBE2282    ; lw x8, -136(x17)
0x0484: 00040071    ; addi x7, x0, 4
0x0488: 0011C850    ; sll x5, x4, x7
0x048C: 00020A50    ; add x5, x5, x8
0x0490: 0FF16242    ; sw x5, -28(x17)
0x0494: 0FBD22A2    ; lw x10, -140(x17)
0x0498: 0FF2A202    ; sw x10, -32(x17)
0x049C: 00010091    ; addi x9, x0, 1
0x04A0: 00025260    ; add x6, x9, x9
0x04A4: 00018C60    ; add x6, x6, x6
0x04A8: 0FFE2272    ; lw x7, -8(x17)
0x04AC: 00018E70    ; add x7, x7, x6
0x04B0: 00080E52    ; lw x5, 0(x7)
0x04B4: 0FB162C2    ; sw x5, -148(x17)
0x04B8: 0FF92282    ; lw x8, -28(x17)
0x04BC: 0FF822A2    ; lw x10, -32(x17)
0x04C0: 00229050    ; xor x5, x8, x10
0x04C4: 0FB16282    ; sw x5, -152(x17)
0x04C8: 0FBB2262    ; lw x6, -148(x17)
0x04CC: 00050071    ; addi x7, x0, 5
0x04D0: 0029C890    ; srl x9, x4, x7
0x04D4: 00019290    ; add x9, x9, x6
0x04D8: 0FE263C2    ; sw x9, -36(x17)
0x04DC: 0FBA2252    ; lw x5, -152(x17)
0x04E0: 0FEF22A2    ; lw x10, -36(x17)
0x04E4: 00228A60    ; xor x6, x5, x10
0x04E8: 0FB1A202    ; sw x6, -160(x17)
0x04EC: 0FB82262    ; lw x6, -160(x17)
0x04F0: 00018680    ; add x8, x3, x6
0x04F4: 00001030    ; add x3, x8, x0
0x04F8: 00020071    ; addi x7, x0, 2
0x04FC: 0001CE90    ; add x9, x7, x7
0x0500: 00025290    ; add x9, x9, x9
0x0504: 0FFE22A2    ; lw x10, -8(x17)
0x0508: 000254A0    ; add x10, x10, x9
0x050C: 00081452    ; lw x5, 0(x10)
0x0510: 0FA16382    ; sw x5, -168(x17)
0x0514: 0FFB2282    ; lw x8, -20(x17)
0x0518: 000206A0    ; add x10, x3, x8
0x051C: 0FA2A342    ; sw x10, -172(x17)
0x0520: 0FAE2282    ; lw x8, -168(x17)
0x0524: 00040091    ; addi x9, x0, 4
0x0528: 00124660    ; sll x6, x3, x9
0x052C: 00020C60    ; add x6, x6, x8
0x0530: 0FE1A382    ; sw x6, -40(x17)
0x0534: 0FAD22A2    ; lw x10, -172(x17)
0x0538: 0FE2A342    ; sw x10, -44(x17)
0x053C: 00030071    ; addi x7, x0, 3
0x0540: 0001CE50    ; add x5, x7, x7
0x0544: 00014A50    ; add x5, x5, x5
0x0548: 0FFE2292    ; lw x9, -8(x17)
0x054C: 00015290    ; add x9, x9, x5
0x0550: 00081262    ; lw x6, 0(x9)
0x0554: 0FA1A2C2    ; sw x6, -180(x17)
0x0558: 0FEE2282    ; lw x8, -40(x17)
0x055C: 0FED22A2    ; lw x10, -44(x17)
0x0560: 00229050    ; xor x5, x8, x10
0x0564: 0FA16282    ; sw x5, -184(x17)
0x0568: 0FAB2272    ; lw x7, -180(x17)
0x056C: 00050061    ; addi x6, x0, 5
0x0570: 00298690    ; srl x9, x3, x6
0x0574: 0001D290    ; add x9, x9, x7
0x0578: 0FE26302    ; sw x9, -48(x17)
0x057C: 0FAA2252    ; lw x5, -184(x17)
0x0580: 0FEC22A2    ; lw x10, -48(x17)
0x0584: 00228A60    ; xor x6, x5, x10
0x0588: 0FA1A202    ; sw x6, -192(x17)
0x058C: 0FA82262    ; lw x6, -192(x17)
0x0590: 00018880    ; add x8, x4, x6
0x0594: 00001040    ; add x4, x8, x0
0x0598: 0FFA2292    ; lw x9, -24(x17)
0x059C: 00020071    ; addi x7, x0, 2
0x05A0: 0001D2A0    ; add x10, x9, x7
0x05A4: 0FF2A282    ; sw x10, -24(x17)
0x05A8: 0FF68E04    ; jal x0, -740
0x05AC: 00000051    ; addi x5, x0, 0
0x05B0: 00014A80    ; add x8, x5, x5
0x05B4: 00021080    ; add x8, x8, x8
0x05B8: 0FFF2262    ; lw x6, -4(x17)
0x05BC: 00020C60    ; add x6, x6, x8
0x05C0: 0000CC02    ; sw x3, 0(x6)
0x05C4: 000100A1    ; addi x10, x0, 1
0x05C8: 00029470    ; add x7, x10, x10
0x05CC: 0001CE70    ; add x7, x7, x7
0x05D0: 0FFF2292    ; lw x9, -4(x17)
0x05D4: 0001D290    ; add x9, x9, x7
0x05D8: 00011202    ; sw x4, 0(x9)
0x05DC: 00080412    ; lw x1, 0(x2)
0x05E0: 00090512    ; lw x17, 4(x2)
0x05E4: 00D00421    ; addi x2, x2, 208
0x05E8: 00080014    ; jalr x1, 0
0x05EC: FF308421    ; addiSigned x2, x2, -208
0x05F0: 00004402    ; sw x1, 0(x2)
0x05F4: 00044442    ; sw x17, 4(x2)
0x05F8: 00D00511    ; addi x17, x2, 208
0x05FC: 0FF2E3C2    ; sw x11, -4(x17)
0x0600: 0FF32382    ; sw x12, -8(x17)
0x0604: 00000051    ; addi x5, x0, 0
0x0608: 00014A60    ; add x6, x5, x5
0x060C: 00018C60    ; add x6, x6, x6
0x0610: 0FFF2272    ; lw x7, -4(x17)
0x0614: 00018E70    ; add x7, x7, x6
0x0618: 00080E82    ; lw x8, 0(x7)
0x061C: 0FE222C2    ; sw x8, -52(x17)
0x0620: 00010091    ; addi x9, x0, 1
0x0624: 000252A0    ; add x10, x9, x9
0x0628: 000294A0    ; add x10, x10, x10
0x062C: 0FFF2262    ; lw x6, -4(x17)
0x0630: 00028C60    ; add x6, x6, x10
0x0634: 00080C52    ; lw x5, 0(x6)
0x0638: 0FE16282    ; sw x5, -56(x17)
0x063C: 0FEB2292    ; lw x9, -52(x17)
0x0640: 00001230    ; add x3, x9, x0
0x0644: 0FEA22A2    ; lw x10, -56(x17)
0x0648: 00001440    ; add x4, x10, x0
0x064C: 00004081    ; addiHIGH x8, x0, 0
0x0650: 802C1081    ; addi x8, x8, 32812
0x0654: 00081072    ; lw x7, 0(x8)
0x0658: 0FF1E2C2    ; sw x7, -20(x17)
0x065C: 00000061    ; addi x6, x0, 0
0x0660: 0FF1A282    ; sw x6, -24(x17)
0x0664: 0FFA2252    ; lw x5, -24(x17)
0x0668: 00200091    ; addi x9, x0, 32
0x066C: 000000A1    ; addi x10, x0, 0
0x0670: 00124A26    ; blt x5, x9, 8
0x0674: 00000404    ; jal x0, 8
0x0678: 000100A1    ; addi x10, x0, 1
0x067C: 0FE2A242    ; sw x10, -60(x17)
0x0680: 0FE92282    ; lw x8, -60(x17)
0x0684: 05001126    ; beq x8, x0, 712
0x0688: 00020071    ; addi x7, x0, 2
0x068C: 0001CE60    ; add x6, x7, x7
0x0690: 00018C60    ; add x6, x6, x6
0x0694: 0FFE22A2    ; lw x10, -8(x17)
0x0698: 000194A0    ; add x10, x10, x6
0x069C: 00081492    ; lw x9, 0(x10)
0x06A0: 0FE26202    ; sw x9, -64(x17)
0x06A4: 0FFB2252    ; lw x5, -20(x17)
0x06A8: 00014660    ; add x6, x3, x5
0x06AC: 0FD1A3C2    ; sw x6, -68(x17)
0x06B0: 0FE82282    ; lw x8, -64(x17)
0x06B4: 000400A1    ; addi x10, x0, 4
0x06B8: 00128670    ; sll x7, x3, x10
0x06BC: 00020E70    ; add x7, x7, x8
0x06C0: 0FF1E242    ; sw x7, -28(x17)
0x06C4: 0FDF2262    ; lw x6, -68(x17)
0x06C8: 0FF1A202    ; sw x6, -32(x17)
0x06CC: 00030091    ; addi x9, x0, 3
0x06D0: 00025250    ; add x5, x9, x9
0x06D4: 00014A50    ; add x5, x5, x5
0x06D8: 0FFE22A2    ; lw x10, -8(x17)
0x06DC: 000154A0    ; add x10, x10, x5
0x06E0: 00081472    ; lw x7, 0(x10)
0x06E4: 0FD1E342    ; sw x7, -76(x17)
0x06E8: 0FF92282    ; lw x8, -28(x17)
0x06EC: 0FF82262    ; lw x6, -32(x17)
0x06F0: 00219090    ; xor x9, x8, x6
0x06F4: 0FD26302    ; sw x9, -80(x17)
0x06F8: 0FDD2272    ; lw x7, -76(x17)
0x06FC: 000500A1    ; addi x10, x0, 5
0x0700: 002A8650    ; srl x5, x3, x10
0x0704: 0001CA50    ; add x5, x5, x7
0x0708: 0FE163C2    ; sw x5, -36(x17)
0x070C: 0FDC2292    ; lw x9, -80(x17)
0x0710: 0FEF2262    ; lw x6, -36(x17)
0x0714: 002192A0    ; xor x10, x9, x6
0x0718: 0FD2A282    ; sw x10, -88(x17)
0x071C: 0FDA22A2    ; lw x10, -88(x17)
0x0720: 000A8880    ; sub x8, x4, x10
0x0724: 00001040    ; add x4, x8, x0
0x0728: 00000051    ; addi x5, x0, 0
0x072C: 00014A70    ; add x7, x5, x5
0x0730: 0001CE70    ; add x7, x7, x7
0x0734: 0FFE2262    ; lw x6, -8(x17)
0x0738: 0001CC60    ; add x6, x6, x7
0x073C: 00080C92    ; lw x9, 0(x6)
0x0740: 0FD26202    ; sw x9, -96(x17)
0x0744: 0FFB2282    ; lw x8, -20(x17)
0x0748: 00020860    ; add x6, x4, x8
0x074C: 0FC1A3C2    ; sw x6, -100(x17)
0x0750: 0FD822A2    ; lw x10, -96(x17)
0x0754: 00040051    ; addi x5, x0, 4
0x0758: 00114870    ; sll x7, x4, x5
0x075C: 00028E70    ; add x7, x7, x10
0x0760: 0FE1E382    ; sw x7, -40(x17)
0x0764: 0FCF2262    ; lw x6, -100(x17)
0x0768: 0FE1A342    ; sw x6, -44(x17)
0x076C: 00010091    ; addi x9, x0, 1
0x0770: 00025280    ; add x8, x9, x9
0x0774: 00021080    ; add x8, x8, x8
0x0778: 0FFE2252    ; lw x5, -8(x17)
0x077C: 00020A50    ; add x5, x5, x8
0x0780: 00080A72    ; lw x7, 0(x5)
0x0784: 0FC1E342    ; sw x7, -108(x17)
0x0788: 0FEE22A2    ; lw x10, -40(x17)
0x078C: 0FED2262    ; lw x6, -44(x17)
0x0790: 00219490    ; xor x9, x10, x6
0x0794: 0FC26302    ; sw x9, -112(x17)
0x0798: 0FCD2272    ; lw x7, -108(x17)
0x079C: 00050051    ; addi x5, x0, 5
0x07A0: 00294880    ; srl x8, x4, x5
0x07A4: 0001D080    ; add x8, x8, x7
0x07A8: 0FE22302    ; sw x8, -48(x17)
0x07AC: 0FCC2292    ; lw x9, -112(x17)
0x07B0: 0FEC2262    ; lw x6, -48(x17)
0x07B4: 002192A0    ; xor x10, x9, x6
0x07B8: 0FC2A282    ; sw x10, -120(x17)
0x07BC: 0FCA22A2    ; lw x10, -120(x17)
0x07C0: 000A8650    ; sub x5, x3, x10
0x07C4: 00000A30    ; add x3, x5, x0
0x07C8: 0FFB2282    ; lw x8, -20(x17)
0x07CC: 00004061    ; addiHIGH x6, x0, 0
0x07D0: 80280C61    ; addi x6, x6, 32808
0x07D4: 00080C72    ; lw x7, 0(x6)
0x07D8: 0009D090    ; sub x9, x8, x7
0x07DC: 0FF262C2    ; sw x9, -20(x17)
0x07E0: 00020051    ; addi x5, x0, 2
0x07E4: 00014AA0    ; add x10, x5, x5
0x07E8: 000294A0    ; add x10, x10, x10
0x07EC: 0FFE2262    ; lw x6, -8(x17)
0x07F0: 00028C60    ; add x6, x6, x10
0x07F4: 00080C92    ; lw x9, 0(x6)
0x07F8: 0FB263C2    ; sw x9, -132(x17)
0x07FC: 0FFB2272    ; lw x7, -20(x17)
0x0800: 0001C680    ; add x8, x3, x7
0x0804: 0FB22382    ; sw x8, -136(x17)
0x0808: 0FBF2252    ; lw x5, -132(x17)
0x080C: 00040061    ; addi x6, x0, 4
0x0810: 001186A0    ; sll x10, x3, x6
0x0814: 000154A0    ; add x10, x10, x5
0x0818: 0FF2A242    ; sw x10, -28(x17)
0x081C: 0FBE2272    ; lw x7, -136(x17)
0x0820: 0FF1E202    ; sw x7, -32(x17)
0x0824: 00030091    ; addi x9, x0, 3
0x0828: 00025280    ; add x8, x9, x9
0x082C: 00021080    ; add x8, x8, x8
0x0830: 0FFE2262    ; lw x6, -8(x17)
0x0834: 00020C60    ; add x6, x6, x8
0x0838: 00080CA2    ; lw x10, 0(x6)
0x083C: 0FB2A302    ; sw x10, -144(x17)
0x0840: 0FF92252    ; lw x5, -28(x17)
0x0844: 0FF82272    ; lw x7, -32(x17)
0x0848: 0021CAA0    ; xor x10, x5, x7
0x084C: 0FB2A2C2    ; sw x10, -148(x17)
0x0850: 0FBC2282    ; lw x8, -144(x17)
0x0854: 00050061    ; addi x6, x0, 5
0x0858: 00298690    ; srl x9, x3, x6
0x085C: 00021290    ; add x9, x9, x8
0x0860: 0FE263C2    ; sw x9, -36(x17)
0x0864: 0FBB22A2    ; lw x10, -148(x17)
0x0868: 0FEF2272    ; lw x7, -36(x17)
0x086C: 0021D450    ; xor x5, x10, x7
0x0870: 0FB16242    ; sw x5, -156(x17)
0x0874: 0FB92262    ; lw x6, -156(x17)
0x0878: 00098890    ; sub x9, x4, x6
0x087C: 00001240    ; add x4, x9, x0
0x0880: 00000081    ; addi x8, x0, 0
0x0884: 00021050    ; add x5, x8, x8
0x0888: 00014A50    ; add x5, x5, x5
0x088C: 0FFE2272    ; lw x7, -8(x17)
0x0890: 00014E70    ; add x7, x7, x5
0x0894: 00080EA2    ; lw x10, 0(x7)
0x0898: 0FA2A3C2    ; sw x10, -164(x17)
0x089C: 0FFB2292    ; lw x9, -20(x17)
0x08A0: 00024870    ; add x7, x4, x9
0x08A4: 0FA1E382    ; sw x7, -168(x17)
0x08A8: 0FAF2252    ; lw x5, -164(x17)
0x08AC: 00040081    ; addi x8, x0, 4
0x08B0: 00120860    ; sll x6, x4, x8
0x08B4: 00014C60    ; add x6, x6, x5
0x08B8: 0FE1A382    ; sw x6, -40(x17)
0x08BC: 0FAE2272    ; lw x7, -168(x17)
0x08C0: 0FE1E342    ; sw x7, -44(x17)
0x08C4: 000100A1    ; addi x10, x0, 1
0x08C8: 00029490    ; add x9, x10, x10
0x08CC: 00025290    ; add x9, x9, x9
0x08D0: 0FFE2282    ; lw x8, -8(x17)
0x08D4: 00025080    ; add x8, x8, x9
0x08D8: 00081062    ; lw x6, 0(x8)
0x08DC: 0FA1A302    ; sw x6, -176(x17)
0x08E0: 0FEE2252    ; lw x5, -40(x17)
0x08E4: 0FED2272    ; lw x7, -44(x17)
0x08E8: 0021CAA0    ; xor x10, x5, x7
0x08EC: 0FA2A2C2    ; sw x10, -180(x17)
0x08F0: 0FAC2282    ; lw x8, -176(x17)
0x08F4: 00050061    ; addi x6, x0, 5
0x08F8: 00298890    ; srl x9, x4, x6
0x08FC: 00021290    ; add x9, x9, x8
0x0900: 0FE26302    ; sw x9, -48(x17)
0x0904: 0FAB22A2    ; lw x10, -180(x17)
0x0908: 0FEC2272    ; lw x7, -48(x17)
0x090C: 0021D450    ; xor x5, x10, x7
0x0910: 0FA16242    ; sw x5, -188(x17)
0x0914: 0FA92262    ; lw x6, -188(x17)
0x0918: 00098690    ; sub x9, x3, x6
0x091C: 00001230    ; add x3, x9, x0
0x0920: 0FFB2282    ; lw x8, -20(x17)
0x0924: 00004071    ; addiHIGH x7, x0, 0
0x0928: 80280E71    ; addi x7, x7, 32808
0x092C: 00080E52    ; lw x5, 0(x7)
0x0930: 000950A0    ; sub x10, x8, x5
0x0934: 0FF2A2C2    ; sw x10, -20(x17)
0x0938: 0FFA2292    ; lw x9, -24(x17)
0x093C: 00020061    ; addi x6, x0, 2
0x0940: 00019270    ; add x7, x9, x6
0x0944: 0FF1E282    ; sw x7, -24(x17)
0x0948: 0FF68E04    ; jal x0, -740
0x094C: 000000A1    ; addi x10, x0, 0
0x0950: 00029450    ; add x5, x10, x10
0x0954: 00014A50    ; add x5, x5, x5
0x0958: 0FFF2282    ; lw x8, -4(x17)
0x095C: 00015080    ; add x8, x8, x5
0x0960: 0000D002    ; sw x3, 0(x8)
0x0964: 00010071    ; addi x7, x0, 1
0x0968: 0001CE60    ; add x6, x7, x7
0x096C: 00018C60    ; add x6, x6, x6
0x0970: 0FFF2292    ; lw x9, -4(x17)
0x0974: 00019290    ; add x9, x9, x6
0x0978: 00011202    ; sw x4, 0(x9)
0x097C: 00080412    ; lw x1, 0(x2)
0x0980: 00090512    ; lw x17, 4(x2)
0x0984: 00D00421    ; addi x2, x2, 208
0x0988: 00080014    ; jalr x1, 0

; Seccion .data
0x00008000: 00000000         ; .word 0
0x00008004: 01000000         ; .word 1
0x00008008: 02000000         ; .word 2
0x0000800C: 03000000         ; .word 3
0x00008010: 00000000         ; .word 0
0x00008014: 00000000         ; .word 0
0x00008018: 00000000         ; .word 0
0x0000801C: 00000000         ; .word 0
0x00008020: 00000000         ; .word 0
0x00008024: 00000000         ; .word 0
0x00008028: B979379E         ; .word 0x9E3779B9
0x0000802C: 2037EFC6         ; .word 0xC6EF3720
