; ==================================================
; Fase 6 - codigo binario generado
; ==================================================

; Encabezado MYCE
;   magic             = MYCE
;   version           = 1
;   header_size       = 44 bytes
;   entry_point       = 0x00000000
;   text_offset       = 44
;   text_size         = 1812 bytes
;   data_offset       = 1856
;   data_size         = 48 bytes
;   text_base         = 0x00000000
;   data_base         = 0x00008000
;   instruction_count = 453

; Seccion .text
0x0000: 00200066    ; portalv x0, x0, 24
0x0004: 0008000E    ; lwv v0, 0(v0)
0x0008: 00580000    ; sleep
0x000C: 00580000    ; sleep
0x0010: 00580000    ; sleep
0x0014: 0000000C    ; closev
0x0018: 00004021    ; addiHIGH x2, x0, 0
0x001C: 7FF00421    ; addi x2, x2, 0x7FF0
0x0020: FFC88421    ; addiSigned x2, x2, -56
0x0024: 00004402    ; sw x1, 0(x2)
0x0028: 00044442    ; sw x17, 4(x2)
0x002C: 00380511    ; addi x17, x2, 56
0x0030: 00000051    ; addi x5, x0, 0
0x0034: 00014A60    ; add x6, x5, x5
0x0038: 00018C60    ; add x6, x6, x6
0x003C: 00004071    ; addiHIGH x7, x0, 0
0x0040: 80100E71    ; addi x7, x7, 32784
0x0044: 00018E70    ; add x7, x7, x6
0x0048: 00080E82    ; lw x8, 0(x7)
0x004C: 00001140    ; add x20, x8, x0
0x0050: 00000091    ; addi x9, x0, 0
0x0054: 000252A0    ; add x10, x9, x9
0x0058: 000294A0    ; add x10, x10, x10
0x005C: 00004061    ; addiHIGH x6, x0, 0
0x0060: 80180C61    ; addi x6, x6, 32792
0x0064: 00028C60    ; add x6, x6, x10
0x0068: 00050C02    ; sw x20, 0(x6)
0x006C: 00010051    ; addi x5, x0, 1
0x0070: 00014A70    ; add x7, x5, x5
0x0074: 0001CE70    ; add x7, x7, x7
0x0078: 00004081    ; addiHIGH x8, x0, 0
0x007C: 80101081    ; addi x8, x8, 32784
0x0080: 0001D080    ; add x8, x8, x7
0x0084: 000810A2    ; lw x10, 0(x8)
0x0088: 00001550    ; add x21, x10, x0
0x008C: 00010091    ; addi x9, x0, 1
0x0090: 00025260    ; add x6, x9, x9
0x0094: 00018C60    ; add x6, x6, x6
0x0098: 00004071    ; addiHIGH x7, x0, 0
0x009C: 80180E71    ; addi x7, x7, 32792
0x00A0: 00018E70    ; add x7, x7, x6
0x00A4: 00054E02    ; sw x21, 0(x7)
0x00A8: 00004051    ; addiHIGH x5, x0, 0
0x00AC: 80180A51    ; addi x5, x5, 32792
0x00B0: 00000AB0    ; add x11, x5, x0
0x00B4: 00004081    ; addiHIGH x8, x0, 0
0x00B8: 80001081    ; addi x8, x8, 32768
0x00BC: 000010C0    ; add x12, x8, x0
0x00C0: 0FF523C2    ; sw x20, -4(x17)
0x00C4: 0FF56382    ; sw x21, -8(x17)
0x00C8: 0000BE14    ; jal x1, 380
0x00CC: 000000A1    ; addi x10, x0, 0
0x00D0: 00029460    ; add x6, x10, x10
0x00D4: 00018C60    ; add x6, x6, x6
0x00D8: 00004091    ; addiHIGH x9, x0, 0
0x00DC: 80181291    ; addi x9, x9, 32792
0x00E0: 00019290    ; add x9, x9, x6
0x00E4: 00081272    ; lw x7, 0(x9)
0x00E8: 00000F60    ; add x22, x7, x0
0x00EC: 00000051    ; addi x5, x0, 0
0x00F0: 00014A80    ; add x8, x5, x5
0x00F4: 00021080    ; add x8, x8, x8
0x00F8: 00004061    ; addiHIGH x6, x0, 0
0x00FC: 80200C61    ; addi x6, x6, 32800
0x0100: 00020C60    ; add x6, x6, x8
0x0104: 00058C02    ; sw x22, 0(x6)
0x0108: 000100A1    ; addi x10, x0, 1
0x010C: 00029490    ; add x9, x10, x10
0x0110: 00025290    ; add x9, x9, x9
0x0114: 00004071    ; addiHIGH x7, x0, 0
0x0118: 80180E71    ; addi x7, x7, 32792
0x011C: 00024E70    ; add x7, x7, x9
0x0120: 00080E82    ; lw x8, 0(x7)
0x0124: 00001170    ; add x23, x8, x0
0x0128: 00010051    ; addi x5, x0, 1
0x012C: 00014A60    ; add x6, x5, x5
0x0130: 00018C60    ; add x6, x6, x6
0x0134: 00004091    ; addiHIGH x9, x0, 0
0x0138: 80201291    ; addi x9, x9, 32800
0x013C: 00019290    ; add x9, x9, x6
0x0140: 0005D202    ; sw x23, 0(x9)
0x0144: 000040A1    ; addiHIGH x10, x0, 0
0x0148: 802014A1    ; addi x10, x10, 32800
0x014C: 000014B0    ; add x11, x10, x0
0x0150: 00004071    ; addiHIGH x7, x0, 0
0x0154: 80000E71    ; addi x7, x7, 32768
0x0158: 00000EC0    ; add x12, x7, x0
0x015C: 0FF5A302    ; sw x22, -16(x17)
0x0160: 0FF5E2C2    ; sw x23, -20(x17)
0x0164: 0001A214    ; jal x1, 836
0x0168: 00000081    ; addi x8, x0, 0
0x016C: 00021060    ; add x6, x8, x8
0x0170: 00018C60    ; add x6, x6, x6
0x0174: 00004051    ; addiHIGH x5, x0, 0
0x0178: 80200A51    ; addi x5, x5, 32800
0x017C: 00018A50    ; add x5, x5, x6
0x0180: 00080A92    ; lw x9, 0(x5)
0x0184: 00001230    ; add x3, x9, x0
0x0188: 000000A1    ; addi x10, x0, 0
0x018C: 00029470    ; add x7, x10, x10
0x0190: 0001CE70    ; add x7, x7, x7
0x0194: 00004061    ; addiHIGH x6, x0, 0
0x0198: 80100C61    ; addi x6, x6, 32784
0x019C: 0001CC60    ; add x6, x6, x7
0x01A0: 00080C82    ; lw x8, 0(x6)
0x01A4: 00001180    ; add x24, x8, x0
0x01A8: 00000051    ; addi x5, x0, 0
0x01AC: 00060626    ; beq x3, x24, 8
0x01B0: 00000404    ; jal x0, 8
0x01B4: 00010051    ; addi x5, x0, 1
0x01B8: 00000B90    ; add x25, x5, x0
0x01BC: 000033C6    ; beq x25, x0, 112
0x01C0: 00010091    ; addi x9, x0, 1
0x01C4: 00025270    ; add x7, x9, x9
0x01C8: 0001CE70    ; add x7, x7, x7
0x01CC: 000040A1    ; addiHIGH x10, x0, 0
0x01D0: 802014A1    ; addi x10, x10, 32800
0x01D4: 0001D4A0    ; add x10, x10, x7
0x01D8: 00081462    ; lw x6, 0(x10)
0x01DC: 00000C40    ; add x4, x6, x0
0x01E0: 00010081    ; addi x8, x0, 1
0x01E4: 00021050    ; add x5, x8, x8
0x01E8: 00014A50    ; add x5, x5, x5
0x01EC: 00004071    ; addiHIGH x7, x0, 0
0x01F0: 80100E71    ; addi x7, x7, 32784
0x01F4: 00014E70    ; add x7, x7, x5
0x01F8: 00080E92    ; lw x9, 0(x7)
0x01FC: 000013A0    ; add x26, x9, x0
0x0200: 000000A1    ; addi x10, x0, 0
0x0204: 00068826    ; beq x4, x26, 8
0x0208: 00000404    ; jal x0, 8
0x020C: 000100A1    ; addi x10, x0, 1
0x0210: 000015B0    ; add x27, x10, x0
0x0214: 00003656    ; beq x27, x0, 20
0x0218: 00000061    ; addi x6, x0, 0
0x021C: 00000CB0    ; add x11, x6, x0
0x0220: 00000C04    ; jal x0, 24
0x0224: 00000204    ; jal x0, 4
0x0228: 00000204    ; jal x0, 4
0x022C: 00010051    ; addi x5, x0, 1
0x0230: 00000AB0    ; add x11, x5, x0
0x0234: 00000204    ; jal x0, 4
0x0238: 00090512    ; lw x17, 4(x2)
0x023C: 00380421    ; addi x2, x2, 56
0x0240: 00600000    ; freeze
0x0244: FF448421    ; addiSigned x2, x2, -188
0x0248: 00004402    ; sw x1, 0(x2)
0x024C: 00044442    ; sw x17, 4(x2)
0x0250: 00050482    ; sw x20, 8(x2)
0x0254: 000544C2    ; sw x21, 12(x2)
0x0258: 00058502    ; sw x22, 16(x2)
0x025C: 0005C542    ; sw x23, 20(x2)
0x0260: 00060582    ; sw x24, 24(x2)
0x0264: 000645C2    ; sw x25, 28(x2)
0x0268: 00168402    ; sw x26, 32(x2)
0x026C: 0016C442    ; sw x27, 36(x2)
0x0270: 00170482    ; sw x28, 40(x2)
0x0274: 001744C2    ; sw x29, 44(x2)
0x0278: 00178502    ; sw x30, 48(x2)
0x027C: 0017C542    ; sw x31, 52(x2)
0x0280: 00BC0511    ; addi x17, x2, 188
0x0284: 0FF2E3C2    ; sw x11, -4(x17)
0x0288: 0FF32382    ; sw x12, -8(x17)
0x028C: 00000051    ; addi x5, x0, 0
0x0290: 00014A60    ; add x6, x5, x5
0x0294: 00018C60    ; add x6, x6, x6
0x0298: 0FFF2272    ; lw x7, -4(x17)
0x029C: 00018E70    ; add x7, x7, x6
0x02A0: 00080E82    ; lw x8, 0(x7)
0x02A4: 0FE222C2    ; sw x8, -52(x17)
0x02A8: 00010091    ; addi x9, x0, 1
0x02AC: 000252A0    ; add x10, x9, x9
0x02B0: 000294A0    ; add x10, x10, x10
0x02B4: 0FFF2262    ; lw x6, -4(x17)
0x02B8: 00028C60    ; add x6, x6, x10
0x02BC: 00080C52    ; lw x5, 0(x6)
0x02C0: 0FE16282    ; sw x5, -56(x17)
0x02C4: 0FEB2272    ; lw x7, -52(x17)
0x02C8: 00000E30    ; add x3, x7, x0
0x02CC: 0FEA2282    ; lw x8, -56(x17)
0x02D0: 00001040    ; add x4, x8, x0
0x02D4: 000000A1    ; addi x10, x0, 0
0x02D8: 00001540    ; add x20, x10, x0
0x02DC: 00000091    ; addi x9, x0, 0
0x02E0: 00001350    ; add x21, x9, x0
0x02E4: 00200061    ; addi x6, x0, 32
0x02E8: 00000051    ; addi x5, x0, 0
0x02EC: 0011AA26    ; blt x21, x6, 8
0x02F0: 00000404    ; jal x0, 8
0x02F4: 00010051    ; addi x5, x0, 1
0x02F8: 0FE16242    ; sw x5, -60(x17)
0x02FC: 0FE92272    ; lw x7, -60(x17)
0x0300: 02000EE6    ; beq x7, x0, 312
0x0304: 000040A1    ; addiHIGH x10, x0, 0
0x0308: 802814A1    ; addi x10, x10, 32808
0x030C: 00081482    ; lw x8, 0(x10)
0x0310: 00022890    ; add x9, x20, x8
0x0314: 00001340    ; add x20, x9, x0
0x0318: 00000051    ; addi x5, x0, 0
0x031C: 00014A60    ; add x6, x5, x5
0x0320: 00018C60    ; add x6, x6, x6
0x0324: 0FFE2272    ; lw x7, -8(x17)
0x0328: 00018E70    ; add x7, x7, x6
0x032C: 00080EA2    ; lw x10, 0(x7)
0x0330: 0FD2A3C2    ; sw x10, -68(x17)
0x0334: 00050890    ; add x9, x4, x20
0x0338: 000013C0    ; add x28, x9, x0
0x033C: 0FDF2282    ; lw x8, -68(x17)
0x0340: 00040051    ; addi x5, x0, 4
0x0344: 00114860    ; sll x6, x4, x5
0x0348: 00020C60    ; add x6, x6, x8
0x034C: 00000D60    ; add x22, x6, x0
0x0350: 00003980    ; add x24, x28, x0
0x0354: 00010071    ; addi x7, x0, 1
0x0358: 0001CEA0    ; add x10, x7, x7
0x035C: 000294A0    ; add x10, x10, x10
0x0360: 0FFE2292    ; lw x9, -8(x17)
0x0364: 00029290    ; add x9, x9, x10
0x0368: 00081252    ; lw x5, 0(x9)
0x036C: 0FD16302    ; sw x5, -80(x17)
0x0370: 00262C60    ; xor x6, x22, x24
0x0374: 00000DD0    ; add x29, x6, x0
0x0378: 0FDC2282    ; lw x8, -80(x17)
0x037C: 00050071    ; addi x7, x0, 5
0x0380: 0029C8A0    ; srl x10, x4, x7
0x0384: 000214A0    ; add x10, x10, x8
0x0388: 000015A0    ; add x26, x10, x0
0x038C: 0026BA90    ; xor x9, x29, x26
0x0390: 0FD26242    ; sw x9, -92(x17)
0x0394: 0FD92252    ; lw x5, -92(x17)
0x0398: 00014660    ; add x6, x3, x5
0x039C: 00000C30    ; add x3, x6, x0
0x03A0: 00020071    ; addi x7, x0, 2
0x03A4: 0001CEA0    ; add x10, x7, x7
0x03A8: 000294A0    ; add x10, x10, x10
0x03AC: 0FFE2282    ; lw x8, -8(x17)
0x03B0: 00029080    ; add x8, x8, x10
0x03B4: 00081092    ; lw x9, 0(x8)
0x03B8: 0FC263C2    ; sw x9, -100(x17)
0x03BC: 00050660    ; add x6, x3, x20
0x03C0: 00000DE0    ; add x30, x6, x0
0x03C4: 0FCF2252    ; lw x5, -100(x17)
0x03C8: 00040071    ; addi x7, x0, 4
0x03CC: 0011C6A0    ; sll x10, x3, x7
0x03D0: 000154A0    ; add x10, x10, x5
0x03D4: 00001570    ; add x23, x10, x0
0x03D8: 00003D90    ; add x25, x30, x0
0x03DC: 00030081    ; addi x8, x0, 3
0x03E0: 00021090    ; add x9, x8, x8
0x03E4: 00025290    ; add x9, x9, x9
0x03E8: 0FFE2262    ; lw x6, -8(x17)
0x03EC: 00024C60    ; add x6, x6, x9
0x03F0: 00080C72    ; lw x7, 0(x6)
0x03F4: 0FC1E302    ; sw x7, -112(x17)
0x03F8: 00266EA0    ; xor x10, x23, x25
0x03FC: 000015F0    ; add x31, x10, x0
0x0400: 0FCC2252    ; lw x5, -112(x17)
0x0404: 00050081    ; addi x8, x0, 5
0x0408: 002A0690    ; srl x9, x3, x8
0x040C: 00015290    ; add x9, x9, x5
0x0410: 000013B0    ; add x27, x9, x0
0x0414: 0026FE60    ; xor x6, x31, x27
0x0418: 0FC1A242    ; sw x6, -124(x17)
0x041C: 0FC92272    ; lw x7, -124(x17)
0x0420: 0001C8A0    ; add x10, x4, x7
0x0424: 00001440    ; add x4, x10, x0
0x0428: 00010081    ; addi x8, x0, 1
0x042C: 00022A90    ; add x9, x21, x8
0x0430: 00001350    ; add x21, x9, x0
0x0434: 0FF75804    ; jal x0, -336
0x0438: 00000051    ; addi x5, x0, 0
0x043C: 00014A60    ; add x6, x5, x5
0x0440: 00018C60    ; add x6, x6, x6
0x0444: 0FFF22A2    ; lw x10, -4(x17)
0x0448: 000194A0    ; add x10, x10, x6
0x044C: 0000D402    ; sw x3, 0(x10)
0x0450: 00010071    ; addi x7, x0, 1
0x0454: 0001CE90    ; add x9, x7, x7
0x0458: 00025290    ; add x9, x9, x9
0x045C: 0FFF2282    ; lw x8, -4(x17)
0x0460: 00025080    ; add x8, x8, x9
0x0464: 00011002    ; sw x4, 0(x8)
0x0468: 000A0542    ; lw x20, 8(x2)
0x046C: 000B0552    ; lw x21, 12(x2)
0x0470: 000C0562    ; lw x22, 16(x2)
0x0474: 000D0572    ; lw x23, 20(x2)
0x0478: 000E0582    ; lw x24, 24(x2)
0x047C: 000F0592    ; lw x25, 28(x2)
0x0480: 001805A2    ; lw x26, 32(x2)
0x0484: 001905B2    ; lw x27, 36(x2)
0x0488: 001A05C2    ; lw x28, 40(x2)
0x048C: 001B05D2    ; lw x29, 44(x2)
0x0490: 001C05E2    ; lw x30, 48(x2)
0x0494: 001D05F2    ; lw x31, 52(x2)
0x0498: 00080412    ; lw x1, 0(x2)
0x049C: 00090512    ; lw x17, 4(x2)
0x04A0: 00BC0421    ; addi x2, x2, 188
0x04A4: 00080014    ; jalr x1, 0
0x04A8: FF448421    ; addiSigned x2, x2, -188
0x04AC: 00004402    ; sw x1, 0(x2)
0x04B0: 00044442    ; sw x17, 4(x2)
0x04B4: 00050482    ; sw x20, 8(x2)
0x04B8: 000544C2    ; sw x21, 12(x2)
0x04BC: 00058502    ; sw x22, 16(x2)
0x04C0: 0005C542    ; sw x23, 20(x2)
0x04C4: 00060582    ; sw x24, 24(x2)
0x04C8: 000645C2    ; sw x25, 28(x2)
0x04CC: 00168402    ; sw x26, 32(x2)
0x04D0: 0016C442    ; sw x27, 36(x2)
0x04D4: 00170482    ; sw x28, 40(x2)
0x04D8: 001744C2    ; sw x29, 44(x2)
0x04DC: 00178502    ; sw x30, 48(x2)
0x04E0: 0017C542    ; sw x31, 52(x2)
0x04E4: 00BC0511    ; addi x17, x2, 188
0x04E8: 0FF2E3C2    ; sw x11, -4(x17)
0x04EC: 0FF32382    ; sw x12, -8(x17)
0x04F0: 00000051    ; addi x5, x0, 0
0x04F4: 00014A60    ; add x6, x5, x5
0x04F8: 00018C60    ; add x6, x6, x6
0x04FC: 0FFF2272    ; lw x7, -4(x17)
0x0500: 00018E70    ; add x7, x7, x6
0x0504: 00080E82    ; lw x8, 0(x7)
0x0508: 0FE222C2    ; sw x8, -52(x17)
0x050C: 00010091    ; addi x9, x0, 1
0x0510: 000252A0    ; add x10, x9, x9
0x0514: 000294A0    ; add x10, x10, x10
0x0518: 0FFF2262    ; lw x6, -4(x17)
0x051C: 00028C60    ; add x6, x6, x10
0x0520: 00080C52    ; lw x5, 0(x6)
0x0524: 0FE16282    ; sw x5, -56(x17)
0x0528: 0FEB2272    ; lw x7, -52(x17)
0x052C: 00000E30    ; add x3, x7, x0
0x0530: 0FEA2282    ; lw x8, -56(x17)
0x0534: 00001040    ; add x4, x8, x0
0x0538: 00004091    ; addiHIGH x9, x0, 0
0x053C: 802C1291    ; addi x9, x9, 32812
0x0540: 000812A2    ; lw x10, 0(x9)
0x0544: 00001540    ; add x20, x10, x0
0x0548: 00000061    ; addi x6, x0, 0
0x054C: 00000D50    ; add x21, x6, x0
0x0550: 00200051    ; addi x5, x0, 32
0x0554: 00000071    ; addi x7, x0, 0
0x0558: 00116A26    ; blt x21, x5, 8
0x055C: 00000404    ; jal x0, 8
0x0560: 00010071    ; addi x7, x0, 1
0x0564: 0FE1E242    ; sw x7, -60(x17)
0x0568: 0FE92282    ; lw x8, -60(x17)
0x056C: 020010E6    ; beq x8, x0, 312
0x0570: 00020091    ; addi x9, x0, 2
0x0574: 000252A0    ; add x10, x9, x9
0x0578: 000294A0    ; add x10, x10, x10
0x057C: 0FFE2262    ; lw x6, -8(x17)
0x0580: 00028C60    ; add x6, x6, x10
0x0584: 00080C72    ; lw x7, 0(x6)
0x0588: 0FE1E202    ; sw x7, -64(x17)
0x058C: 00050650    ; add x5, x3, x20
0x0590: 00000BC0    ; add x28, x5, x0
0x0594: 0FE82282    ; lw x8, -64(x17)
0x0598: 00040091    ; addi x9, x0, 4
0x059C: 001246A0    ; sll x10, x3, x9
0x05A0: 000214A0    ; add x10, x10, x8
0x05A4: 00001560    ; add x22, x10, x0
0x05A8: 00003980    ; add x24, x28, x0
0x05AC: 00030061    ; addi x6, x0, 3
0x05B0: 00018C70    ; add x7, x6, x6
0x05B4: 0001CE70    ; add x7, x7, x7
0x05B8: 0FFE2252    ; lw x5, -8(x17)
0x05BC: 0001CA50    ; add x5, x5, x7
0x05C0: 00080A92    ; lw x9, 0(x5)
0x05C4: 0FD26342    ; sw x9, -76(x17)
0x05C8: 00262CA0    ; xor x10, x22, x24
0x05CC: 000015D0    ; add x29, x10, x0
0x05D0: 0FDD2282    ; lw x8, -76(x17)
0x05D4: 00050061    ; addi x6, x0, 5
0x05D8: 00298670    ; srl x7, x3, x6
0x05DC: 00020E70    ; add x7, x7, x8
0x05E0: 00000FA0    ; add x26, x7, x0
0x05E4: 0026BA50    ; xor x5, x29, x26
0x05E8: 0FD16282    ; sw x5, -88(x17)
0x05EC: 0FDA2292    ; lw x9, -88(x17)
0x05F0: 000A48A0    ; sub x10, x4, x9
0x05F4: 00001440    ; add x4, x10, x0
0x05F8: 00000061    ; addi x6, x0, 0
0x05FC: 00018C70    ; add x7, x6, x6
0x0600: 0001CE70    ; add x7, x7, x7
0x0604: 0FFE2282    ; lw x8, -8(x17)
0x0608: 0001D080    ; add x8, x8, x7
0x060C: 00081052    ; lw x5, 0(x8)
0x0610: 0FD16202    ; sw x5, -96(x17)
0x0614: 000508A0    ; add x10, x4, x20
0x0618: 000015E0    ; add x30, x10, x0
0x061C: 0FD82292    ; lw x9, -96(x17)
0x0620: 00040061    ; addi x6, x0, 4
0x0624: 00118870    ; sll x7, x4, x6
0x0628: 00024E70    ; add x7, x7, x9
0x062C: 00000F70    ; add x23, x7, x0
0x0630: 00003D90    ; add x25, x30, x0
0x0634: 00010081    ; addi x8, x0, 1
0x0638: 00021050    ; add x5, x8, x8
0x063C: 00014A50    ; add x5, x5, x5
0x0640: 0FFE22A2    ; lw x10, -8(x17)
0x0644: 000154A0    ; add x10, x10, x5
0x0648: 00081462    ; lw x6, 0(x10)
0x064C: 0FC1A342    ; sw x6, -108(x17)
0x0650: 00266E70    ; xor x7, x23, x25
0x0654: 00000FF0    ; add x31, x7, x0
0x0658: 0FCD2292    ; lw x9, -108(x17)
0x065C: 00050081    ; addi x8, x0, 5
0x0660: 002A0850    ; srl x5, x4, x8
0x0664: 00024A50    ; add x5, x5, x9
0x0668: 00000BB0    ; add x27, x5, x0
0x066C: 0026FEA0    ; xor x10, x31, x27
0x0670: 0FC2A282    ; sw x10, -120(x17)
0x0674: 0FCA2262    ; lw x6, -120(x17)
0x0678: 00098670    ; sub x7, x3, x6
0x067C: 00000E30    ; add x3, x7, x0
0x0680: 00004051    ; addiHIGH x5, x0, 0
0x0684: 80280A51    ; addi x5, x5, 32808
0x0688: 00080A82    ; lw x8, 0(x5)
0x068C: 000A2890    ; sub x9, x20, x8
0x0690: 00001340    ; add x20, x9, x0
0x0694: 000100A1    ; addi x10, x0, 1
0x0698: 0002AA70    ; add x7, x21, x10
0x069C: 00000F50    ; add x21, x7, x0
0x06A0: 0FF75804    ; jal x0, -336
0x06A4: 00000061    ; addi x6, x0, 0
0x06A8: 00018C50    ; add x5, x6, x6
0x06AC: 00014A50    ; add x5, x5, x5
0x06B0: 0FFF2292    ; lw x9, -4(x17)
0x06B4: 00015290    ; add x9, x9, x5
0x06B8: 0000D202    ; sw x3, 0(x9)
0x06BC: 00010081    ; addi x8, x0, 1
0x06C0: 00021070    ; add x7, x8, x8
0x06C4: 0001CE70    ; add x7, x7, x7
0x06C8: 0FFF22A2    ; lw x10, -4(x17)
0x06CC: 0001D4A0    ; add x10, x10, x7
0x06D0: 00011402    ; sw x4, 0(x10)
0x06D4: 000A0542    ; lw x20, 8(x2)
0x06D8: 000B0552    ; lw x21, 12(x2)
0x06DC: 000C0562    ; lw x22, 16(x2)
0x06E0: 000D0572    ; lw x23, 20(x2)
0x06E4: 000E0582    ; lw x24, 24(x2)
0x06E8: 000F0592    ; lw x25, 28(x2)
0x06EC: 001805A2    ; lw x26, 32(x2)
0x06F0: 001905B2    ; lw x27, 36(x2)
0x06F4: 001A05C2    ; lw x28, 40(x2)
0x06F8: 001B05D2    ; lw x29, 44(x2)
0x06FC: 001C05E2    ; lw x30, 48(x2)
0x0700: 001D05F2    ; lw x31, 52(x2)
0x0704: 00080412    ; lw x1, 0(x2)
0x0708: 00090512    ; lw x17, 4(x2)
0x070C: 00BC0421    ; addi x2, x2, 188
0x0710: 00080014    ; jalr x1, 0

; Seccion .data
0x00008000: 00000000         ; .word 0
0x00008004: 01000000         ; .word 1
0x00008008: 02000000         ; .word 2
0x0000800C: 03000000         ; .word 3
0x00008010: 00000000         ; .word 0
0x00008014: 00000000         ; .word 0
0x00008018: 00000000         ; .word 0
0x0000801C: 00000000         ; .word 0
0x00008020: 00000000         ; .word 0
0x00008024: 00000000         ; .word 0
0x00008028: B979379E         ; .word 0x9E3779B9
0x0000802C: 2037EFC6         ; .word 0xC6EF3720
