; ==================================================
; Fase 6 - codigo binario generado
; ==================================================

; Encabezado MYCE
;   magic             = MYCE
;   version           = 1
;   header_size       = 44 bytes
;   entry_point       = 0x00000000
;   text_offset       = 44
;   text_size         = 144 bytes
;   data_offset       = 188
;   data_size         = 0 bytes
;   text_base         = 0x00000000
;   data_base         = 0x00000000
;   instruction_count = 36

; Seccion .text
0x0000: 00200066    ; portalv x0, x0, 24
0x0004: 0008000E    ; lwv v0, 0(v0)
0x0008: 00580000    ; sleep
0x000C: 00580000    ; sleep
0x0010: 00580000    ; sleep
0x0014: 0000000C    ; closev
0x0018: 00004021    ; addiHIGH x2, x0, 0
0x001C: 7FF00421    ; addi x2, x2, 0x7FF0
0x0020: FFEC8421    ; addiSigned x2, x2, -20
0x0024: 00004402    ; sw x1, 0(x2)
0x0028: 00044442    ; sw x17, 4(x2)
0x002C: 00140511    ; addi x17, x2, 20
0x0030: 00000031    ; addi x3, x0, 0
0x0034: 0FF0E3C2    ; sw x3, -4(x17)
0x0038: 0FFF2242    ; lw x4, -4(x17)
0x003C: 00140051    ; addi x5, x0, 20
0x0040: 00000061    ; addi x6, x0, 0
0x0044: 00114826    ; blt x4, x5, 8
0x0048: 00000404    ; jal x0, 8
0x004C: 00010061    ; addi x6, x0, 1
0x0050: 0FF1A382    ; sw x6, -8(x17)
0x0054: 0FFE2272    ; lw x7, -8(x17)
0x0058: 00000E86    ; beq x7, x0, 32
0x005C: 0FFF2282    ; lw x8, -4(x17)
0x0060: 000A0091    ; addi x9, x0, 10
0x0064: 000250A0    ; add x10, x8, x9
0x0068: 0FF2A342    ; sw x10, -12(x17)
0x006C: 0FFD2232    ; lw x3, -12(x17)
0x0070: 0FF0E3C2    ; sw x3, -4(x17)
0x0074: 0FF7E204    ; jal x0, -60
0x0078: 0FFF2262    ; lw x6, -4(x17)
0x007C: 00000CB0    ; add x11, x6, x0
0x0080: 00000204    ; jal x0, 4
0x0084: 00090512    ; lw x17, 4(x2)
0x0088: 00140421    ; addi x2, x2, 20
0x008C: 00600000    ; freeze

; Seccion .data
; <sin datos globales>
